{"total": {"lines":{"total":16827,"covered":9692,"skipped":0,"pct":57.59},"statements":{"total":17438,"covered":10020,"skipped":0,"pct":57.46},"functions":{"total":3651,"covered":2125,"skipped":0,"pct":58.2},"branches":{"total":11358,"covered":5845,"skipped":0,"pct":51.46},"branchesTrue":{"total":0,"covered":0,"skipped":0,"pct":100}}
,"Z:\\Playground\\CurrentWorking\\MediaPlayerX\\electron\\archiveWasmExtractor.ts": {"lines":{"total":311,"covered":44,"skipped":0,"pct":14.14},"functions":{"total":51,"covered":9,"skipped":0,"pct":17.64},"statements":{"total":324,"covered":46,"skipped":0,"pct":14.19},"branches":{"total":114,"covered":15,"skipped":0,"pct":13.15}}
,"Z:\\Playground\\CurrentWorking\\MediaPlayerX\\electron\\backendRuntimeStorage.ts": {"lines":{"total":47,"covered":17,"skipped":0,"pct":36.17},"functions":{"total":10,"covered":5,"skipped":0,"pct":50},"statements":{"total":47,"covered":17,"skipped":0,"pct":36.17},"branches":{"total":24,"covered":5,"skipped":0,"pct":20.83}}
,"Z:\\Playground\\CurrentWorking\\MediaPlayerX\\electron\\channels.ts": {"lines":{"total":4,"covered":4,"skipped":0,"pct":100},"functions":{"total":0,"covered":0,"skipped":0,"pct":100},"statements":{"total":4,"covered":4,"skipped":0,"pct":100},"branches":{"total":0,"covered":0,"skipped":0,"pct":100}}
,"Z:\\Playground\\CurrentWorking\\MediaPlayerX\\electron\\clipboardImportPaths.ts": {"lines":{"total":10,"covered":0,"skipped":0,"pct":0},"functions":{"total":5,"covered":0,"skipped":0,"pct":0},"statements":{"total":10,"covered":0,"skipped":0,"pct":0},"branches":{"total":4,"covered":0,"skipped":0,"pct":0}}
,"Z:\\Playground\\CurrentWorking\\MediaPlayerX\\electron\\externalUrlPolicy.ts": {"lines":{"total":29,"covered":27,"skipped":0,"pct":93.1},"functions":{"total":4,"covered":4,"skipped":0,"pct":100},"statements":{"total":29,"covered":27,"skipped":0,"pct":93.1},"branches":{"total":21,"covered":20,"skipped":0,"pct":95.23}}
,"Z:\\Playground\\CurrentWorking\\MediaPlayerX\\electron\\fileSystemArchiveNormalizeHelpers.ts": {"lines":{"total":18,"covered":1,"skipped":0,"pct":5.55},"functions":{"total":2,"covered":0,"skipped":0,"pct":0},"statements":{"total":18,"covered":1,"skipped":0,"pct":5.55},"branches":{"total":12,"covered":0,"skipped":0,"pct":0}}
,"Z:\\Playground\\CurrentWorking\\MediaPlayerX\\electron\\fileSystemAsyncUtils.ts": {"lines":{"total":14,"covered":14,"skipped":0,"pct":100},"functions":{"total":2,"covered":2,"skipped":0,"pct":100},"statements":{"total":14,"covered":14,"skipped":0,"pct":100},"branches":{"total":4,"covered":4,"skipped":0,"pct":100}}
,"Z:\\Playground\\CurrentWorking\\MediaPlayerX\\electron\\fileSystemFileCollector.ts": {"lines":{"total":106,"covered":92,"skipped":0,"pct":86.79},"functions":{"total":18,"covered":13,"skipped":0,"pct":72.22},"statements":{"total":117,"covered":98,"skipped":0,"pct":83.76},"branches":{"total":82,"covered":67,"skipped":0,"pct":81.7}}
,"Z:\\Playground\\CurrentWorking\\MediaPlayerX\\electron\\fileSystemImportTasks.ts": {"lines":{"total":106,"covered":88,"skipped":0,"pct":83.01},"functions":{"total":5,"covered":3,"skipped":0,"pct":60},"statements":{"total":109,"covered":89,"skipped":0,"pct":81.65},"branches":{"total":77,"covered":60,"skipped":0,"pct":77.92}}
,"Z:\\Playground\\CurrentWorking\\MediaPlayerX\\electron\\fileSystemMediaAccessGuard.ts": {"lines":{"total":42,"covered":40,"skipped":0,"pct":95.23},"functions":{"total":5,"covered":4,"skipped":0,"pct":80},"statements":{"total":44,"covered":41,"skipped":0,"pct":93.18},"branches":{"total":40,"covered":37,"skipped":0,"pct":92.5}}
,"Z:\\Playground\\CurrentWorking\\MediaPlayerX\\electron\\fileSystemMediaReaders.ts": {"lines":{"total":53,"covered":16,"skipped":0,"pct":30.18},"functions":{"total":4,"covered":2,"skipped":0,"pct":50},"statements":{"total":53,"covered":16,"skipped":0,"pct":30.18},"branches":{"total":22,"covered":4,"skipped":0,"pct":18.18}}
,"Z:\\Playground\\CurrentWorking\\MediaPlayerX\\electron\\fileSystemMetadataWriters.ts": {"lines":{"total":47,"covered":45,"skipped":0,"pct":95.74},"functions":{"total":4,"covered":4,"skipped":0,"pct":100},"statements":{"total":49,"covered":47,"skipped":0,"pct":95.91},"branches":{"total":27,"covered":19,"skipped":0,"pct":70.37}}
,"Z:\\Playground\\CurrentWorking\\MediaPlayerX\\electron\\fileSystemReadFacade.ts": {"lines":{"total":253,"covered":152,"skipped":0,"pct":60.07},"functions":{"total":126,"covered":84,"skipped":0,"pct":66.66},"statements":{"total":256,"covered":155,"skipped":0,"pct":60.54},"branches":{"total":65,"covered":35,"skipped":0,"pct":53.84}}
,"Z:\\Playground\\CurrentWorking\\MediaPlayerX\\electron\\fileSystemReadService.ts": {"lines":{"total":0,"covered":0,"skipped":0,"pct":0},"functions":{"total":0,"covered":0,"skipped":0,"pct":0},"statements":{"total":0,"covered":0,"skipped":0,"pct":0},"branches":{"total":0,"covered":0,"skipped":0,"pct":0}}
,"Z:\\Playground\\CurrentWorking\\MediaPlayerX\\electron\\fileSystemRuntimeHelpers.ts": {"lines":{"total":86,"covered":70,"skipped":0,"pct":81.39},"functions":{"total":21,"covered":15,"skipped":0,"pct":71.42},"statements":{"total":90,"covered":72,"skipped":0,"pct":80},"branches":{"total":84,"covered":57,"skipped":0,"pct":67.85}}
,"Z:\\Playground\\CurrentWorking\\MediaPlayerX\\electron\\fileSystemServiceHelpers.ts": {"lines":{"total":146,"covered":62,"skipped":0,"pct":42.46},"functions":{"total":31,"covered":17,"skipped":0,"pct":54.83},"statements":{"total":149,"covered":63,"skipped":0,"pct":42.28},"branches":{"total":132,"covered":31,"skipped":0,"pct":23.48}}
,"Z:\\Playground\\CurrentWorking\\MediaPlayerX\\electron\\fileSystemSidebarTree.ts": {"lines":{"total":79,"covered":78,"skipped":0,"pct":98.73},"functions":{"total":11,"covered":11,"skipped":0,"pct":100},"statements":{"total":83,"covered":82,"skipped":0,"pct":98.79},"branches":{"total":34,"covered":29,"skipped":0,"pct":85.29}}
,"Z:\\Playground\\CurrentWorking\\MediaPlayerX\\electron\\fileSystemSourceFactories.ts": {"lines":{"total":19,"covered":19,"skipped":0,"pct":100},"functions":{"total":7,"covered":7,"skipped":0,"pct":100},"statements":{"total":20,"covered":20,"skipped":0,"pct":100},"branches":{"total":15,"covered":11,"skipped":0,"pct":73.33}}
,"Z:\\Playground\\CurrentWorking\\MediaPlayerX\\electron\\fileSystemSourceFilter.ts": {"lines":{"total":6,"covered":5,"skipped":0,"pct":83.33},"functions":{"total":3,"covered":3,"skipped":0,"pct":100},"statements":{"total":6,"covered":5,"skipped":0,"pct":83.33},"branches":{"total":2,"covered":1,"skipped":0,"pct":50}}
,"Z:\\Playground\\CurrentWorking\\MediaPlayerX\\electron\\fileSystemStreamHelpers.ts": {"lines":{"total":35,"covered":5,"skipped":0,"pct":14.28},"functions":{"total":4,"covered":1,"skipped":0,"pct":25},"statements":{"total":36,"covered":5,"skipped":0,"pct":13.88},"branches":{"total":33,"covered":5,"skipped":0,"pct":15.15}}
,"Z:\\Playground\\CurrentWorking\\MediaPlayerX\\electron\\fileSystemThumbnailResolver.ts": {"lines":{"total":104,"covered":74,"skipped":0,"pct":71.15},"functions":{"total":16,"covered":11,"skipped":0,"pct":68.75},"statements":{"total":108,"covered":75,"skipped":0,"pct":69.44},"branches":{"total":52,"covered":27,"skipped":0,"pct":51.92}}
,"Z:\\Playground\\CurrentWorking\\MediaPlayerX\\electron\\fileSystemVideoCoverCapture.ts": {"lines":{"total":15,"covered":9,"skipped":0,"pct":60},"functions":{"total":3,"covered":1,"skipped":0,"pct":33.33},"statements":{"total":16,"covered":9,"skipped":0,"pct":56.25},"branches":{"total":12,"covered":5,"skipped":0,"pct":41.66}}
,"Z:\\Playground\\CurrentWorking\\MediaPlayerX\\electron\\fileSystemZipStoreWriter.ts": {"lines":{"total":93,"covered":70,"skipped":0,"pct":75.26},"functions":{"total":7,"covered":4,"skipped":0,"pct":57.14},"statements":{"total":97,"covered":73,"skipped":0,"pct":75.25},"branches":{"total":10,"covered":3,"skipped":0,"pct":30}}
,"Z:\\Playground\\CurrentWorking\\MediaPlayerX\\electron\\importDialogOptions.ts": {"lines":{"total":4,"covered":2,"skipped":0,"pct":50},"functions":{"total":1,"covered":0,"skipped":0,"pct":0},"statements":{"total":4,"covered":2,"skipped":0,"pct":50},"branches":{"total":8,"covered":0,"skipped":0,"pct":0}}
,"Z:\\Playground\\CurrentWorking\\MediaPlayerX\\electron\\mediaLibraryAppStateStore.ts": {"lines":{"total":25,"covered":25,"skipped":0,"pct":100},"functions":{"total":16,"covered":16,"skipped":0,"pct":100},"statements":{"total":25,"covered":25,"skipped":0,"pct":100},"branches":{"total":18,"covered":18,"skipped":0,"pct":100}}
,"Z:\\Playground\\CurrentWorking\\MediaPlayerX\\electron\\mediaLibraryDatabase.ts": {"lines":{"total":74,"covered":66,"skipped":0,"pct":89.18},"functions":{"total":36,"covered":30,"skipped":0,"pct":83.33},"statements":{"total":74,"covered":66,"skipped":0,"pct":89.18},"branches":{"total":6,"covered":5,"skipped":0,"pct":83.33}}
,"Z:\\Playground\\CurrentWorking\\MediaPlayerX\\electron\\mediaLibraryMetadataStore.ts": {"lines":{"total":25,"covered":17,"skipped":0,"pct":68},"functions":{"total":20,"covered":14,"skipped":0,"pct":70},"statements":{"total":26,"covered":18,"skipped":0,"pct":69.23},"branches":{"total":6,"covered":3,"skipped":0,"pct":50}}
,"Z:\\Playground\\CurrentWorking\\MediaPlayerX\\electron\\mediaLibraryPlaylistStore.ts": {"lines":{"total":17,"covered":17,"skipped":0,"pct":100},"functions":{"total":7,"covered":7,"skipped":0,"pct":100},"statements":{"total":20,"covered":20,"skipped":0,"pct":100},"branches":{"total":0,"covered":0,"skipped":0,"pct":100}}
,"Z:\\Playground\\CurrentWorking\\MediaPlayerX\\electron\\mediaLibrarySchema.ts": {"lines":{"total":33,"covered":33,"skipped":0,"pct":100},"functions":{"total":1,"covered":1,"skipped":0,"pct":100},"statements":{"total":33,"covered":33,"skipped":0,"pct":100},"branches":{"total":18,"covered":10,"skipped":0,"pct":55.55}}
,"Z:\\Playground\\CurrentWorking\\MediaPlayerX\\electron\\mediaLibrarySnapshotStore.ts": {"lines":{"total":201,"covered":186,"skipped":0,"pct":92.53},"functions":{"total":30,"covered":29,"skipped":0,"pct":96.66},"statements":{"total":212,"covered":197,"skipped":0,"pct":92.92},"branches":{"total":160,"covered":94,"skipped":0,"pct":58.75}}
,"Z:\\Playground\\CurrentWorking\\MediaPlayerX\\electron\\mediaLibraryStoreUtils.ts": {"lines":{"total":6,"covered":5,"skipped":0,"pct":83.33},"functions":{"total":2,"covered":2,"skipped":0,"pct":100},"statements":{"total":6,"covered":5,"skipped":0,"pct":83.33},"branches":{"total":2,"covered":1,"skipped":0,"pct":50}}
,"Z:\\Playground\\CurrentWorking\\MediaPlayerX\\electron\\mediaLibraryTaskStore.ts": {"lines":{"total":8,"covered":7,"skipped":0,"pct":87.5},"functions":{"total":5,"covered":5,"skipped":0,"pct":100},"statements":{"total":9,"covered":8,"skipped":0,"pct":88.88},"branches":{"total":2,"covered":1,"skipped":0,"pct":50}}
,"Z:\\Playground\\CurrentWorking\\MediaPlayerX\\electron\\registerBackendIpcHandlers.ts": {"lines":{"total":201,"covered":63,"skipped":0,"pct":31.34},"functions":{"total":47,"covered":3,"skipped":0,"pct":6.38},"statements":{"total":202,"covered":63,"skipped":0,"pct":31.18},"branches":{"total":33,"covered":3,"skipped":0,"pct":9.09}}
,"Z:\\Playground\\CurrentWorking\\MediaPlayerX\\electron\\runtimeStorageUpdate.ts": {"lines":{"total":28,"covered":1,"skipped":0,"pct":3.57},"functions":{"total":4,"covered":0,"skipped":0,"pct":0},"statements":{"total":29,"covered":1,"skipped":0,"pct":3.44},"branches":{"total":18,"covered":0,"skipped":0,"pct":0}}
,"Z:\\Playground\\CurrentWorking\\MediaPlayerX\\electron\\themeGalleryCaptureRuntime.ts": {"lines":{"total":114,"covered":8,"skipped":0,"pct":7.01},"functions":{"total":21,"covered":1,"skipped":0,"pct":4.76},"statements":{"total":115,"covered":8,"skipped":0,"pct":6.95},"branches":{"total":75,"covered":0,"skipped":0,"pct":0}}
,"Z:\\Playground\\CurrentWorking\\MediaPlayerX\\electron\\zipArchiveHelpers.ts": {"lines":{"total":103,"covered":83,"skipped":0,"pct":80.58},"functions":{"total":8,"covered":8,"skipped":0,"pct":100},"statements":{"total":105,"covered":85,"skipped":0,"pct":80.95},"branches":{"total":46,"covered":27,"skipped":0,"pct":58.69}}
,"Z:\\Playground\\CurrentWorking\\MediaPlayerX\\electron\\facade\\FileSystemLibraryHandlers.ts": {"lines":{"total":16,"covered":13,"skipped":0,"pct":81.25},"functions":{"total":15,"covered":12,"skipped":0,"pct":80},"statements":{"total":16,"covered":13,"skipped":0,"pct":81.25},"branches":{"total":0,"covered":0,"skipped":0,"pct":100}}
,"Z:\\Playground\\CurrentWorking\\MediaPlayerX\\electron\\facade\\FileSystemManagementHandlers.ts": {"lines":{"total":10,"covered":3,"skipped":0,"pct":30},"functions":{"total":10,"covered":3,"skipped":0,"pct":30},"statements":{"total":10,"covered":3,"skipped":0,"pct":30},"branches":{"total":0,"covered":0,"skipped":0,"pct":100}}
,"Z:\\Playground\\CurrentWorking\\MediaPlayerX\\electron\\facade\\FileSystemSystemHandlers.ts": {"lines":{"total":15,"covered":9,"skipped":0,"pct":60},"functions":{"total":14,"covered":9,"skipped":0,"pct":64.28},"statements":{"total":15,"covered":9,"skipped":0,"pct":60},"branches":{"total":0,"covered":0,"skipped":0,"pct":100}}
,"Z:\\Playground\\CurrentWorking\\MediaPlayerX\\electron\\manageAdReview\\adReviewEngine.ts": {"lines":{"total":142,"covered":126,"skipped":0,"pct":88.73},"functions":{"total":22,"covered":20,"skipped":0,"pct":90.9},"statements":{"total":148,"covered":132,"skipped":0,"pct":89.18},"branches":{"total":68,"covered":49,"skipped":0,"pct":72.05}}
,"Z:\\Playground\\CurrentWorking\\MediaPlayerX\\electron\\manageAdReview\\concurrency.ts": {"lines":{"total":24,"covered":18,"skipped":0,"pct":75},"functions":{"total":6,"covered":5,"skipped":0,"pct":83.33},"statements":{"total":25,"covered":19,"skipped":0,"pct":76},"branches":{"total":9,"covered":6,"skipped":0,"pct":66.66}}
,"Z:\\Playground\\CurrentWorking\\MediaPlayerX\\electron\\manageAdReview\\hashStore.ts": {"lines":{"total":14,"covered":9,"skipped":0,"pct":64.28},"functions":{"total":6,"covered":4,"skipped":0,"pct":66.66},"statements":{"total":14,"covered":9,"skipped":0,"pct":64.28},"branches":{"total":5,"covered":2,"skipped":0,"pct":40}}
,"Z:\\Playground\\CurrentWorking\\MediaPlayerX\\electron\\manageAdReview\\index.ts": {"lines":{"total":0,"covered":0,"skipped":0,"pct":0},"functions":{"total":0,"covered":0,"skipped":0,"pct":0},"statements":{"total":0,"covered":0,"skipped":0,"pct":0},"branches":{"total":0,"covered":0,"skipped":0,"pct":0}}
,"Z:\\Playground\\CurrentWorking\\MediaPlayerX\\electron\\manageAdReview\\jsonExtract.ts": {"lines":{"total":72,"covered":59,"skipped":0,"pct":81.94},"functions":{"total":7,"covered":7,"skipped":0,"pct":100},"statements":{"total":73,"covered":60,"skipped":0,"pct":82.19},"branches":{"total":59,"covered":32,"skipped":0,"pct":54.23}}
,"Z:\\Playground\\CurrentWorking\\MediaPlayerX\\electron\\manageAdReview\\openAiVisionClient.ts": {"lines":{"total":113,"covered":64,"skipped":0,"pct":56.63},"functions":{"total":11,"covered":7,"skipped":0,"pct":63.63},"statements":{"total":113,"covered":64,"skipped":0,"pct":56.63},"branches":{"total":115,"covered":40,"skipped":0,"pct":34.78}}
,"Z:\\Playground\\CurrentWorking\\MediaPlayerX\\electron\\manageAdReview\\prompts.ts": {"lines":{"total":2,"covered":2,"skipped":0,"pct":100},"functions":{"total":0,"covered":0,"skipped":0,"pct":100},"statements":{"total":2,"covered":2,"skipped":0,"pct":100},"branches":{"total":0,"covered":0,"skipped":0,"pct":100}}
,"Z:\\Playground\\CurrentWorking\\MediaPlayerX\\electron\\services\\file-system-read\\archiveNormalizationService.ts": {"lines":{"total":163,"covered":59,"skipped":0,"pct":36.19},"functions":{"total":29,"covered":14,"skipped":0,"pct":48.27},"statements":{"total":163,"covered":59,"skipped":0,"pct":36.19},"branches":{"total":96,"covered":27,"skipped":0,"pct":28.12}}
,"Z:\\Playground\\CurrentWorking\\MediaPlayerX\\electron\\services\\file-system-read\\fileSystemReadFacadeConfig.ts": {"lines":{"total":24,"covered":23,"skipped":0,"pct":95.83},"functions":{"total":1,"covered":1,"skipped":0,"pct":100},"statements":{"total":24,"covered":23,"skipped":0,"pct":95.83},"branches":{"total":8,"covered":6,"skipped":0,"pct":75}}
,"Z:\\Playground\\CurrentWorking\\MediaPlayerX\\electron\\services\\file-system-read\\importPathRegistry.ts": {"lines":{"total":65,"covered":45,"skipped":0,"pct":69.23},"functions":{"total":22,"covered":18,"skipped":0,"pct":81.81},"statements":{"total":69,"covered":47,"skipped":0,"pct":68.11},"branches":{"total":12,"covered":7,"skipped":0,"pct":58.33}}
,"Z:\\Playground\\CurrentWorking\\MediaPlayerX\\electron\\services\\file-system-read\\importTaskService.ts": {"lines":{"total":62,"covered":30,"skipped":0,"pct":48.38},"functions":{"total":16,"covered":12,"skipped":0,"pct":75},"statements":{"total":64,"covered":32,"skipped":0,"pct":50},"branches":{"total":40,"covered":13,"skipped":0,"pct":32.5}}
,"Z:\\Playground\\CurrentWorking\\MediaPlayerX\\electron\\services\\file-system-read\\libraryReadWriteService.ts": {"lines":{"total":194,"covered":98,"skipped":0,"pct":50.51},"functions":{"total":39,"covered":22,"skipped":0,"pct":56.41},"statements":{"total":206,"covered":106,"skipped":0,"pct":51.45},"branches":{"total":115,"covered":36,"skipped":0,"pct":31.3}}
,"Z:\\Playground\\CurrentWorking\\MediaPlayerX\\electron\\services\\file-system-read\\librarySnapshotService.ts": {"lines":{"total":243,"covered":181,"skipped":0,"pct":74.48},"functions":{"total":61,"covered":46,"skipped":0,"pct":75.4},"statements":{"total":258,"covered":192,"skipped":0,"pct":74.41},"branches":{"total":156,"covered":116,"skipped":0,"pct":74.35}}
,"Z:\\Playground\\CurrentWorking\\MediaPlayerX\\electron\\services\\file-system-read\\manageAdReviewService.ts": {"lines":{"total":427,"covered":347,"skipped":0,"pct":81.26},"functions":{"total":76,"covered":64,"skipped":0,"pct":84.21},"statements":{"total":450,"covered":365,"skipped":0,"pct":81.11},"branches":{"total":281,"covered":178,"skipped":0,"pct":63.34}}
,"Z:\\Playground\\CurrentWorking\\MediaPlayerX\\electron\\services\\file-system-read\\manageAdReviewService.utils.ts": {"lines":{"total":133,"covered":77,"skipped":0,"pct":57.89},"functions":{"total":24,"covered":18,"skipped":0,"pct":75},"statements":{"total":134,"covered":78,"skipped":0,"pct":58.2},"branches":{"total":77,"covered":31,"skipped":0,"pct":40.25}}
,"Z:\\Playground\\CurrentWorking\\MediaPlayerX\\electron\\services\\file-system-read\\managementMutationService.ts": {"lines":{"total":418,"covered":304,"skipped":0,"pct":72.72},"functions":{"total":43,"covered":34,"skipped":0,"pct":79.06},"statements":{"total":437,"covered":315,"skipped":0,"pct":72.08},"branches":{"total":214,"covered":122,"skipped":0,"pct":57}}
,"Z:\\Playground\\CurrentWorking\\MediaPlayerX\\electron\\services\\file-system-read\\mediaResourceService.ts": {"lines":{"total":47,"covered":39,"skipped":0,"pct":82.97},"functions":{"total":9,"covered":8,"skipped":0,"pct":88.88},"statements":{"total":48,"covered":40,"skipped":0,"pct":83.33},"branches":{"total":22,"covered":14,"skipped":0,"pct":63.63}}
,"Z:\\Playground\\CurrentWorking\\MediaPlayerX\\electron\\services\\file-system-read\\mediaTokenService.ts": {"lines":{"total":35,"covered":34,"skipped":0,"pct":97.14},"functions":{"total":6,"covered":5,"skipped":0,"pct":83.33},"statements":{"total":35,"covered":34,"skipped":0,"pct":97.14},"branches":{"total":10,"covered":10,"skipped":0,"pct":100}}
,"Z:\\Playground\\CurrentWorking\\MediaPlayerX\\electron\\services\\file-system-read\\runtimeDependencyService.ts": {"lines":{"total":15,"covered":15,"skipped":0,"pct":100},"functions":{"total":5,"covered":5,"skipped":0,"pct":100},"statements":{"total":15,"covered":15,"skipped":0,"pct":100},"branches":{"total":43,"covered":28,"skipped":0,"pct":65.11}}
,"Z:\\Playground\\CurrentWorking\\MediaPlayerX\\electron\\services\\file-system-read\\serviceEventBus.ts": {"lines":{"total":18,"covered":17,"skipped":0,"pct":94.44},"functions":{"total":5,"covered":5,"skipped":0,"pct":100},"statements":{"total":18,"covered":17,"skipped":0,"pct":94.44},"branches":{"total":10,"covered":8,"skipped":0,"pct":80}}
,"Z:\\Playground\\CurrentWorking\\MediaPlayerX\\electron\\services\\metadata\\metadataScraperService.ts": {"lines":{"total":254,"covered":5,"skipped":0,"pct":1.96},"functions":{"total":38,"covered":1,"skipped":0,"pct":2.63},"statements":{"total":258,"covered":5,"skipped":0,"pct":1.93},"branches":{"total":232,"covered":2,"skipped":0,"pct":0.86}}
,"Z:\\Playground\\CurrentWorking\\MediaPlayerX\\electron\\test-utils\\mediaLibraryFixtures.ts": {"lines":{"total":20,"covered":20,"skipped":0,"pct":100},"functions":{"total":9,"covered":9,"skipped":0,"pct":100},"statements":{"total":20,"covered":20,"skipped":0,"pct":100},"branches":{"total":22,"covered":15,"skipped":0,"pct":68.18}}
,"Z:\\Playground\\CurrentWorking\\MediaPlayerX\\electron\\test-utils\\sqliteHarness.ts": {"lines":{"total":13,"covered":13,"skipped":0,"pct":100},"functions":{"total":3,"covered":3,"skipped":0,"pct":100},"statements":{"total":13,"covered":13,"skipped":0,"pct":100},"branches":{"total":0,"covered":0,"skipped":0,"pct":100}}
,"Z:\\Playground\\CurrentWorking\\MediaPlayerX\\src\\App.css": {"lines":{"total":0,"covered":0,"skipped":0,"pct":0},"functions":{"total":0,"covered":0,"skipped":0,"pct":0},"statements":{"total":0,"covered":0,"skipped":0,"pct":0},"branches":{"total":0,"covered":0,"skipped":0,"pct":0}}
,"Z:\\Playground\\CurrentWorking\\MediaPlayerX\\src\\App.tsx": {"lines":{"total":2,"covered":2,"skipped":0,"pct":100},"functions":{"total":1,"covered":1,"skipped":0,"pct":100},"statements":{"total":2,"covered":2,"skipped":0,"pct":100},"branches":{"total":0,"covered":0,"skipped":0,"pct":100}}
,"Z:\\Playground\\CurrentWorking\\MediaPlayerX\\src\\mockData.ts": {"lines":{"total":220,"covered":178,"skipped":0,"pct":80.9},"functions":{"total":36,"covered":24,"skipped":0,"pct":66.66},"statements":{"total":234,"covered":188,"skipped":0,"pct":80.34},"branches":{"total":105,"covered":78,"skipped":0,"pct":74.28}}
,"Z:\\Playground\\CurrentWorking\\MediaPlayerX\\src\\shortcuts.ts": {"lines":{"total":138,"covered":115,"skipped":0,"pct":83.33},"functions":{"total":18,"covered":13,"skipped":0,"pct":72.22},"statements":{"total":181,"covered":126,"skipped":0,"pct":69.61},"branches":{"total":163,"covered":109,"skipped":0,"pct":66.87}}
,"Z:\\Playground\\CurrentWorking\\MediaPlayerX\\src\\types.ts": {"lines":{"total":3,"covered":3,"skipped":0,"pct":100},"functions":{"total":0,"covered":0,"skipped":0,"pct":100},"statements":{"total":3,"covered":3,"skipped":0,"pct":100},"branches":{"total":0,"covered":0,"skipped":0,"pct":100}}
,"Z:\\Playground\\CurrentWorking\\MediaPlayerX\\src\\assets\\EscapeBufferAIChannel0.png": {"lines":{"total":0,"covered":0,"skipped":0,"pct":0},"functions":{"total":0,"covered":0,"skipped":0,"pct":0},"statements":{"total":0,"covered":0,"skipped":0,"pct":0},"branches":{"total":0,"covered":0,"skipped":0,"pct":0}}
,"Z:\\Playground\\CurrentWorking\\MediaPlayerX\\src\\assets\\EscapeBufferAIChannel1.png": {"lines":{"total":0,"covered":0,"skipped":0,"pct":0},"functions":{"total":0,"covered":0,"skipped":0,"pct":0},"statements":{"total":0,"covered":0,"skipped":0,"pct":0},"branches":{"total":0,"covered":0,"skipped":0,"pct":0}}
,"Z:\\Playground\\CurrentWorking\\MediaPlayerX\\src\\assets\\EscapeImageIChannel0.png": {"lines":{"total":0,"covered":0,"skipped":0,"pct":0},"functions":{"total":0,"covered":0,"skipped":0,"pct":0},"statements":{"total":0,"covered":0,"skipped":0,"pct":0},"branches":{"total":0,"covered":0,"skipped":0,"pct":0}}
,"Z:\\Playground\\CurrentWorking\\MediaPlayerX\\src\\assets\\banner.png": {"lines":{"total":0,"covered":0,"skipped":0,"pct":0},"functions":{"total":0,"covered":0,"skipped":0,"pct":0},"statements":{"total":0,"covered":0,"skipped":0,"pct":0},"branches":{"total":0,"covered":0,"skipped":0,"pct":0}}
,"Z:\\Playground\\CurrentWorking\\MediaPlayerX\\src\\assets\\iChannel1.png": {"lines":{"total":0,"covered":0,"skipped":0,"pct":0},"functions":{"total":0,"covered":0,"skipped":0,"pct":0},"statements":{"total":0,"covered":0,"skipped":0,"pct":0},"branches":{"total":0,"covered":0,"skipped":0,"pct":0}}
,"Z:\\Playground\\CurrentWorking\\MediaPlayerX\\src\\assets\\iChannel3.png": {"lines":{"total":0,"covered":0,"skipped":0,"pct":0},"functions":{"total":0,"covered":0,"skipped":0,"pct":0},"statements":{"total":0,"covered":0,"skipped":0,"pct":0},"branches":{"total":0,"covered":0,"skipped":0,"pct":0}}
,"Z:\\Playground\\CurrentWorking\\MediaPlayerX\\src\\bench\\E2eBenchController.tsx": {"lines":{"total":233,"covered":0,"skipped":0,"pct":0},"functions":{"total":31,"covered":0,"skipped":0,"pct":0},"statements":{"total":237,"covered":0,"skipped":0,"pct":0},"branches":{"total":156,"covered":0,"skipped":0,"pct":0}}
,"Z:\\Playground\\CurrentWorking\\MediaPlayerX\\src\\components\\AdReviewDeleteOverlay.tsx": {"lines":{"total":8,"covered":7,"skipped":0,"pct":87.5},"functions":{"total":1,"covered":1,"skipped":0,"pct":100},"statements":{"total":8,"covered":7,"skipped":0,"pct":87.5},"branches":{"total":18,"covered":1,"skipped":0,"pct":5.55}}
,"Z:\\Playground\\CurrentWorking\\MediaPlayerX\\src\\components\\AppHeader.tsx": {"lines":{"total":119,"covered":53,"skipped":0,"pct":44.53},"functions":{"total":45,"covered":16,"skipped":0,"pct":35.55},"statements":{"total":122,"covered":53,"skipped":0,"pct":43.44},"branches":{"total":67,"covered":39,"skipped":0,"pct":58.2}}
,"Z:\\Playground\\CurrentWorking\\MediaPlayerX\\src\\components\\AppShell.tsx": {"lines":{"total":1,"covered":1,"skipped":0,"pct":100},"functions":{"total":1,"covered":1,"skipped":0,"pct":100},"statements":{"total":1,"covered":1,"skipped":0,"pct":100},"branches":{"total":0,"covered":0,"skipped":0,"pct":100}}
,"Z:\\Playground\\CurrentWorking\\MediaPlayerX\\src\\components\\AppTopBanners.tsx": {"lines":{"total":1,"covered":1,"skipped":0,"pct":100},"functions":{"total":1,"covered":1,"skipped":0,"pct":100},"statements":{"total":1,"covered":1,"skipped":0,"pct":100},"branches":{"total":0,"covered":0,"skipped":0,"pct":100}}
,"Z:\\Playground\\CurrentWorking\\MediaPlayerX\\src\\components\\AppWorkspace.tsx": {"lines":{"total":8,"covered":8,"skipped":0,"pct":100},"functions":{"total":1,"covered":1,"skipped":0,"pct":100},"statements":{"total":8,"covered":8,"skipped":0,"pct":100},"branches":{"total":32,"covered":24,"skipped":0,"pct":75}}
,"Z:\\Playground\\CurrentWorking\\MediaPlayerX\\src\\components\\BackendErrorBanner.tsx": {"lines":{"total":4,"covered":4,"skipped":0,"pct":100},"functions":{"total":2,"covered":2,"skipped":0,"pct":100},"statements":{"total":4,"covered":4,"skipped":0,"pct":100},"branches":{"total":2,"covered":2,"skipped":0,"pct":100}}
,"Z:\\Playground\\CurrentWorking\\MediaPlayerX\\src\\components\\DangerConfirmDialog.tsx": {"lines":{"total":8,"covered":8,"skipped":0,"pct":100},"functions":{"total":3,"covered":3,"skipped":0,"pct":100},"statements":{"total":8,"covered":8,"skipped":0,"pct":100},"branches":{"total":7,"covered":7,"skipped":0,"pct":100}}
,"Z:\\Playground\\CurrentWorking\\MediaPlayerX\\src\\components\\DragImportOverlay.tsx": {"lines":{"total":3,"covered":2,"skipped":0,"pct":66.66},"functions":{"total":1,"covered":1,"skipped":0,"pct":100},"statements":{"total":3,"covered":2,"skipped":0,"pct":66.66},"branches":{"total":2,"covered":1,"skipped":0,"pct":50}}
,"Z:\\Playground\\CurrentWorking\\MediaPlayerX\\src\\components\\E2eBenchSection.tsx": {"lines":{"total":3,"covered":2,"skipped":0,"pct":66.66},"functions":{"total":1,"covered":1,"skipped":0,"pct":100},"statements":{"total":3,"covered":2,"skipped":0,"pct":66.66},"branches":{"total":4,"covered":2,"skipped":0,"pct":50}}
,"Z:\\Playground\\CurrentWorking\\MediaPlayerX\\src\\components\\FullscreenLayer.tsx": {"lines":{"total":256,"covered":183,"skipped":0,"pct":71.48},"functions":{"total":48,"covered":31,"skipped":0,"pct":64.58},"statements":{"total":260,"covered":185,"skipped":0,"pct":71.15},"branches":{"total":197,"covered":125,"skipped":0,"pct":63.45}}
,"Z:\\Playground\\CurrentWorking\\MediaPlayerX\\src\\components\\ImageMainSection.tsx": {"lines":{"total":163,"covered":135,"skipped":0,"pct":82.82},"functions":{"total":37,"covered":26,"skipped":0,"pct":70.27},"statements":{"total":170,"covered":140,"skipped":0,"pct":82.35},"branches":{"total":305,"covered":236,"skipped":0,"pct":77.37}}
,"Z:\\Playground\\CurrentWorking\\MediaPlayerX\\src\\components\\ImportSourceInputs.tsx": {"lines":{"total":1,"covered":1,"skipped":0,"pct":100},"functions":{"total":1,"covered":1,"skipped":0,"pct":100},"statements":{"total":1,"covered":1,"skipped":0,"pct":100},"branches":{"total":0,"covered":0,"skipped":0,"pct":100}}
,"Z:\\Playground\\CurrentWorking\\MediaPlayerX\\src\\components\\ImportTaskPanel.tsx": {"lines":{"total":27,"covered":3,"skipped":0,"pct":11.11},"functions":{"total":6,"covered":1,"skipped":0,"pct":16.66},"statements":{"total":27,"covered":3,"skipped":0,"pct":11.11},"branches":{"total":38,"covered":1,"skipped":0,"pct":2.63}}
,"Z:\\Playground\\CurrentWorking\\MediaPlayerX\\src\\components\\MainUiIcon.tsx": {"lines":{"total":2,"covered":2,"skipped":0,"pct":100},"functions":{"total":1,"covered":1,"skipped":0,"pct":100},"statements":{"total":2,"covered":2,"skipped":0,"pct":100},"branches":{"total":2,"covered":2,"skipped":0,"pct":100}}
,"Z:\\Playground\\CurrentWorking\\MediaPlayerX\\src\\components\\MetadataPanel.tsx": {"lines":{"total":268,"covered":143,"skipped":0,"pct":53.35},"functions":{"total":50,"covered":24,"skipped":0,"pct":48},"statements":{"total":272,"covered":144,"skipped":0,"pct":52.94},"branches":{"total":190,"covered":104,"skipped":0,"pct":54.73}}
,"Z:\\Playground\\CurrentWorking\\MediaPlayerX\\src\\components\\MusicControlIcon.tsx": {"lines":{"total":2,"covered":2,"skipped":0,"pct":100},"functions":{"total":1,"covered":1,"skipped":0,"pct":100},"statements":{"total":2,"covered":2,"skipped":0,"pct":100},"branches":{"total":2,"covered":2,"skipped":0,"pct":100}}
,"Z:\\Playground\\CurrentWorking\\MediaPlayerX\\src\\components\\MusicMainSection.tsx": {"lines":{"total":308,"covered":232,"skipped":0,"pct":75.32},"functions":{"total":78,"covered":55,"skipped":0,"pct":70.51},"statements":{"total":314,"covered":236,"skipped":0,"pct":75.15},"branches":{"total":279,"covered":183,"skipped":0,"pct":65.59}}
,"Z:\\Playground\\CurrentWorking\\MediaPlayerX\\src\\components\\RuntimeWarningBanner.tsx": {"lines":{"total":11,"covered":3,"skipped":0,"pct":27.27},"functions":{"total":3,"covered":1,"skipped":0,"pct":33.33},"statements":{"total":11,"covered":3,"skipped":0,"pct":27.27},"branches":{"total":6,"covered":1,"skipped":0,"pct":16.66}}
,"Z:\\Playground\\CurrentWorking\\MediaPlayerX\\src\\components\\SettingsPanel.tsx": {"lines":{"total":263,"covered":120,"skipped":0,"pct":45.62},"functions":{"total":50,"covered":29,"skipped":0,"pct":58},"statements":{"total":268,"covered":125,"skipped":0,"pct":46.64},"branches":{"total":121,"covered":30,"skipped":0,"pct":24.79}}
,"Z:\\Playground\\CurrentWorking\\MediaPlayerX\\src\\components\\SidebarPanel.tsx": {"lines":{"total":127,"covered":78,"skipped":0,"pct":61.41},"functions":{"total":22,"covered":14,"skipped":0,"pct":63.63},"statements":{"total":128,"covered":79,"skipped":0,"pct":61.71},"branches":{"total":185,"covered":146,"skipped":0,"pct":78.91}}
,"Z:\\Playground\\CurrentWorking\\MediaPlayerX\\src\\components\\VideoControlIcon.tsx": {"lines":{"total":2,"covered":2,"skipped":0,"pct":100},"functions":{"total":1,"covered":1,"skipped":0,"pct":100},"statements":{"total":2,"covered":2,"skipped":0,"pct":100},"branches":{"total":2,"covered":2,"skipped":0,"pct":100}}
,"Z:\\Playground\\CurrentWorking\\MediaPlayerX\\src\\components\\VideoMainSection.tsx": {"lines":{"total":76,"covered":50,"skipped":0,"pct":65.78},"functions":{"total":26,"covered":11,"skipped":0,"pct":42.3},"statements":{"total":78,"covered":51,"skipped":0,"pct":65.38},"branches":{"total":131,"covered":82,"skipped":0,"pct":62.59}}
,"Z:\\Playground\\CurrentWorking\\MediaPlayerX\\src\\components\\imageMainSectionPreload.ts": {"lines":{"total":62,"covered":27,"skipped":0,"pct":43.54},"functions":{"total":13,"covered":4,"skipped":0,"pct":30.76},"statements":{"total":63,"covered":27,"skipped":0,"pct":42.85},"branches":{"total":26,"covered":12,"skipped":0,"pct":46.15}}
,"Z:\\Playground\\CurrentWorking\\MediaPlayerX\\src\\components\\musicMainSectionUtils.ts": {"lines":{"total":13,"covered":10,"skipped":0,"pct":76.92},"functions":{"total":3,"covered":3,"skipped":0,"pct":100},"statements":{"total":13,"covered":10,"skipped":0,"pct":76.92},"branches":{"total":12,"covered":7,"skipped":0,"pct":58.33}}
,"Z:\\Playground\\CurrentWorking\\MediaPlayerX\\src\\components\\useFullscreenFloatingControls.ts": {"lines":{"total":41,"covered":35,"skipped":0,"pct":85.36},"functions":{"total":9,"covered":9,"skipped":0,"pct":100},"statements":{"total":41,"covered":35,"skipped":0,"pct":85.36},"branches":{"total":12,"covered":7,"skipped":0,"pct":58.33}}
,"Z:\\Playground\\CurrentWorking\\MediaPlayerX\\src\\components\\fullscreen\\FullscreenFooter.tsx": {"lines":{"total":10,"covered":3,"skipped":0,"pct":30},"functions":{"total":9,"covered":2,"skipped":0,"pct":22.22},"statements":{"total":10,"covered":3,"skipped":0,"pct":30},"branches":{"total":12,"covered":11,"skipped":0,"pct":91.66}}
,"Z:\\Playground\\CurrentWorking\\MediaPlayerX\\src\\components\\fullscreen\\FullscreenPanes.tsx": {"lines":{"total":17,"covered":3,"skipped":0,"pct":17.64},"functions":{"total":8,"covered":3,"skipped":0,"pct":37.5},"statements":{"total":17,"covered":3,"skipped":0,"pct":17.64},"branches":{"total":54,"covered":27,"skipped":0,"pct":50}}
,"Z:\\Playground\\CurrentWorking\\MediaPlayerX\\src\\components\\fullscreen\\FullscreenVideoControls.tsx": {"lines":{"total":31,"covered":13,"skipped":0,"pct":41.93},"functions":{"total":18,"covered":4,"skipped":0,"pct":22.22},"statements":{"total":31,"covered":13,"skipped":0,"pct":41.93},"branches":{"total":44,"covered":25,"skipped":0,"pct":56.81}}
,"Z:\\Playground\\CurrentWorking\\MediaPlayerX\\src\\components\\fullscreen\\paneMath.ts": {"lines":{"total":46,"covered":44,"skipped":0,"pct":95.65},"functions":{"total":4,"covered":4,"skipped":0,"pct":100},"statements":{"total":46,"covered":44,"skipped":0,"pct":95.65},"branches":{"total":36,"covered":33,"skipped":0,"pct":91.66}}
,"Z:\\Playground\\CurrentWorking\\MediaPlayerX\\src\\components\\fullscreen\\useFullscreenImageSource.ts": {"lines":{"total":47,"covered":12,"skipped":0,"pct":25.53},"functions":{"total":10,"covered":2,"skipped":0,"pct":20},"statements":{"total":47,"covered":12,"skipped":0,"pct":25.53},"branches":{"total":30,"covered":6,"skipped":0,"pct":20}}
,"Z:\\Playground\\CurrentWorking\\MediaPlayerX\\src\\components\\fullscreen\\useFullscreenViewportSize.ts": {"lines":{"total":22,"covered":22,"skipped":0,"pct":100},"functions":{"total":6,"covered":5,"skipped":0,"pct":83.33},"statements":{"total":23,"covered":22,"skipped":0,"pct":95.65},"branches":{"total":4,"covered":4,"skipped":0,"pct":100}}
,"Z:\\Playground\\CurrentWorking\\MediaPlayerX\\src\\components\\metadata\\FeatureTagPickerModal.tsx": {"lines":{"total":28,"covered":3,"skipped":0,"pct":10.71},"functions":{"total":11,"covered":1,"skipped":0,"pct":9.09},"statements":{"total":29,"covered":3,"skipped":0,"pct":10.34},"branches":{"total":20,"covered":2,"skipped":0,"pct":10}}
,"Z:\\Playground\\CurrentWorking\\MediaPlayerX\\src\\components\\metadata\\MetadataAdReviewSection.tsx": {"lines":{"total":59,"covered":45,"skipped":0,"pct":76.27},"functions":{"total":24,"covered":14,"skipped":0,"pct":58.33},"statements":{"total":59,"covered":45,"skipped":0,"pct":76.27},"branches":{"total":118,"covered":95,"skipped":0,"pct":80.5}}
,"Z:\\Playground\\CurrentWorking\\MediaPlayerX\\src\\components\\metadata\\MetadataFetchPanel.tsx": {"lines":{"total":188,"covered":137,"skipped":0,"pct":72.87},"functions":{"total":56,"covered":35,"skipped":0,"pct":62.5},"statements":{"total":201,"covered":142,"skipped":0,"pct":70.64},"branches":{"total":135,"covered":99,"skipped":0,"pct":73.33}}
,"Z:\\Playground\\CurrentWorking\\MediaPlayerX\\src\\components\\metadata\\MetadataImageEditor.helpers.ts": {"lines":{"total":191,"covered":81,"skipped":0,"pct":42.4},"functions":{"total":27,"covered":17,"skipped":0,"pct":62.96},"statements":{"total":191,"covered":81,"skipped":0,"pct":42.4},"branches":{"total":207,"covered":115,"skipped":0,"pct":55.55}}
,"Z:\\Playground\\CurrentWorking\\MediaPlayerX\\src\\components\\metadata\\MetadataImageEditor.tsx": {"lines":{"total":117,"covered":27,"skipped":0,"pct":23.07},"functions":{"total":55,"covered":13,"skipped":0,"pct":23.63},"statements":{"total":134,"covered":28,"skipped":0,"pct":20.89},"branches":{"total":70,"covered":35,"skipped":0,"pct":50}}
,"Z:\\Playground\\CurrentWorking\\MediaPlayerX\\src\\components\\metadata\\MetadataMusicEditor.tsx": {"lines":{"total":44,"covered":32,"skipped":0,"pct":72.72},"functions":{"total":22,"covered":16,"skipped":0,"pct":72.72},"statements":{"total":45,"covered":33,"skipped":0,"pct":73.33},"branches":{"total":48,"covered":35,"skipped":0,"pct":72.91}}
,"Z:\\Playground\\CurrentWorking\\MediaPlayerX\\src\\components\\metadata\\MetadataRatingGroup.tsx": {"lines":{"total":37,"covered":10,"skipped":0,"pct":27.02},"functions":{"total":11,"covered":4,"skipped":0,"pct":36.36},"statements":{"total":37,"covered":10,"skipped":0,"pct":27.02},"branches":{"total":30,"covered":12,"skipped":0,"pct":40}}
,"Z:\\Playground\\CurrentWorking\\MediaPlayerX\\src\\components\\metadata\\MetadataSearchSection.tsx": {"lines":{"total":14,"covered":8,"skipped":0,"pct":57.14},"functions":{"total":13,"covered":6,"skipped":0,"pct":46.15},"statements":{"total":15,"covered":8,"skipped":0,"pct":53.33},"branches":{"total":14,"covered":6,"skipped":0,"pct":42.85}}
,"Z:\\Playground\\CurrentWorking\\MediaPlayerX\\src\\components\\metadata\\MetadataVideoEditor.tsx": {"lines":{"total":96,"covered":52,"skipped":0,"pct":54.16},"functions":{"total":46,"covered":19,"skipped":0,"pct":41.3},"statements":{"total":100,"covered":53,"skipped":0,"pct":53},"branches":{"total":87,"covered":59,"skipped":0,"pct":67.81}}
,"Z:\\Playground\\CurrentWorking\\MediaPlayerX\\src\\components\\metadata\\metadataPanelUtils.ts": {"lines":{"total":16,"covered":9,"skipped":0,"pct":56.25},"functions":{"total":6,"covered":5,"skipped":0,"pct":83.33},"statements":{"total":19,"covered":12,"skipped":0,"pct":63.15},"branches":{"total":10,"covered":4,"skipped":0,"pct":40}}
,"Z:\\Playground\\CurrentWorking\\MediaPlayerX\\src\\components\\metadata\\useMetadataImageParsedDraft.ts": {"lines":{"total":117,"covered":95,"skipped":0,"pct":81.19},"functions":{"total":27,"covered":26,"skipped":0,"pct":96.29},"statements":{"total":122,"covered":100,"skipped":0,"pct":81.96},"branches":{"total":83,"covered":55,"skipped":0,"pct":66.26}}
,"Z:\\Playground\\CurrentWorking\\MediaPlayerX\\src\\components\\settings\\renderSettingsMainSection.tsx": {"lines":{"total":56,"covered":21,"skipped":0,"pct":37.5},"functions":{"total":36,"covered":7,"skipped":0,"pct":19.44},"statements":{"total":56,"covered":21,"skipped":0,"pct":37.5},"branches":{"total":105,"covered":38,"skipped":0,"pct":36.19}}
,"Z:\\Playground\\CurrentWorking\\MediaPlayerX\\src\\components\\settings\\settingsScale.ts": {"lines":{"total":9,"covered":9,"skipped":0,"pct":100},"functions":{"total":3,"covered":3,"skipped":0,"pct":100},"statements":{"total":9,"covered":9,"skipped":0,"pct":100},"branches":{"total":0,"covered":0,"skipped":0,"pct":100}}
,"Z:\\Playground\\CurrentWorking\\MediaPlayerX\\src\\contracts\\backend.ts": {"lines":{"total":112,"covered":111,"skipped":0,"pct":99.1},"functions":{"total":2,"covered":1,"skipped":0,"pct":50},"statements":{"total":112,"covered":111,"skipped":0,"pct":99.1},"branches":{"total":2,"covered":0,"skipped":0,"pct":0}}
,"Z:\\Playground\\CurrentWorking\\MediaPlayerX\\src\\contracts\\settings.ts": {"lines":{"total":11,"covered":11,"skipped":0,"pct":100},"functions":{"total":0,"covered":0,"skipped":0,"pct":100},"statements":{"total":11,"covered":11,"skipped":0,"pct":100},"branches":{"total":0,"covered":0,"skipped":0,"pct":100}}
,"Z:\\Playground\\CurrentWorking\\MediaPlayerX\\src\\features\\app\\buildAdReviewSidebarState.ts": {"lines":{"total":40,"covered":36,"skipped":0,"pct":90},"functions":{"total":12,"covered":12,"skipped":0,"pct":100},"statements":{"total":44,"covered":40,"skipped":0,"pct":90.9},"branches":{"total":40,"covered":34,"skipped":0,"pct":85}}
,"Z:\\Playground\\CurrentWorking\\MediaPlayerX\\src\\features\\app\\buildAppHeaderProps.ts": {"lines":{"total":33,"covered":25,"skipped":0,"pct":75.75},"functions":{"total":16,"covered":12,"skipped":0,"pct":75},"statements":{"total":35,"covered":26,"skipped":0,"pct":74.28},"branches":{"total":27,"covered":19,"skipped":0,"pct":70.37}}
,"Z:\\Playground\\CurrentWorking\\MediaPlayerX\\src\\features\\app\\buildBackendErrorRows.ts": {"lines":{"total":2,"covered":2,"skipped":0,"pct":100},"functions":{"total":2,"covered":2,"skipped":0,"pct":100},"statements":{"total":2,"covered":2,"skipped":0,"pct":100},"branches":{"total":22,"covered":13,"skipped":0,"pct":59.09}}
,"Z:\\Playground\\CurrentWorking\\MediaPlayerX\\src\\features\\app\\buildE2eBenchSectionProps.ts": {"lines":{"total":1,"covered":1,"skipped":0,"pct":100},"functions":{"total":1,"covered":1,"skipped":0,"pct":100},"statements":{"total":1,"covered":1,"skipped":0,"pct":100},"branches":{"total":0,"covered":0,"skipped":0,"pct":100}}
,"Z:\\Playground\\CurrentWorking\\MediaPlayerX\\src\\features\\app\\buildFullscreenLayerProps.ts": {"lines":{"total":30,"covered":5,"skipped":0,"pct":16.66},"functions":{"total":28,"covered":5,"skipped":0,"pct":17.85},"statements":{"total":35,"covered":5,"skipped":0,"pct":14.28},"branches":{"total":9,"covered":1,"skipped":0,"pct":11.11}}
,"Z:\\Playground\\CurrentWorking\\MediaPlayerX\\src\\features\\app\\buildImageMainSectionProps.ts": {"lines":{"total":7,"covered":5,"skipped":0,"pct":71.42},"functions":{"total":4,"covered":3,"skipped":0,"pct":75},"statements":{"total":7,"covered":5,"skipped":0,"pct":71.42},"branches":{"total":4,"covered":2,"skipped":0,"pct":50}}
,"Z:\\Playground\\CurrentWorking\\MediaPlayerX\\src\\features\\app\\buildImageNodeLoadState.ts": {"lines":{"total":32,"covered":23,"skipped":0,"pct":71.87},"functions":{"total":4,"covered":3,"skipped":0,"pct":75},"statements":{"total":33,"covered":23,"skipped":0,"pct":69.69},"branches":{"total":26,"covered":12,"skipped":0,"pct":46.15}}
,"Z:\\Playground\\CurrentWorking\\MediaPlayerX\\src\\features\\app\\buildImportTaskPanelProps.ts": {"lines":{"total":3,"covered":1,"skipped":0,"pct":33.33},"functions":{"total":4,"covered":1,"skipped":0,"pct":25},"statements":{"total":4,"covered":1,"skipped":0,"pct":25},"branches":{"total":0,"covered":0,"skipped":0,"pct":100}}
,"Z:\\Playground\\CurrentWorking\\MediaPlayerX\\src\\features\\app\\buildMainFooter.tsx": {"lines":{"total":10,"covered":10,"skipped":0,"pct":100},"functions":{"total":2,"covered":1,"skipped":0,"pct":50},"statements":{"total":11,"covered":10,"skipped":0,"pct":90.9},"branches":{"total":24,"covered":22,"skipped":0,"pct":91.66}}
,"Z:\\Playground\\CurrentWorking\\MediaPlayerX\\src\\features\\app\\buildManageDeleteDialogProps.ts": {"lines":{"total":3,"covered":3,"skipped":0,"pct":100},"functions":{"total":3,"covered":3,"skipped":0,"pct":100},"statements":{"total":3,"covered":3,"skipped":0,"pct":100},"branches":{"total":0,"covered":0,"skipped":0,"pct":100}}
,"Z:\\Playground\\CurrentWorking\\MediaPlayerX\\src\\features\\app\\buildManagementPanelProps.ts": {"lines":{"total":4,"covered":3,"skipped":0,"pct":75},"functions":{"total":2,"covered":1,"skipped":0,"pct":50},"statements":{"total":4,"covered":3,"skipped":0,"pct":75},"branches":{"total":10,"covered":10,"skipped":0,"pct":100}}
,"Z:\\Playground\\CurrentWorking\\MediaPlayerX\\src\\features\\app\\buildMetadataManagementPanelProps.ts": {"lines":{"total":3,"covered":2,"skipped":0,"pct":66.66},"functions":{"total":3,"covered":2,"skipped":0,"pct":66.66},"statements":{"total":3,"covered":2,"skipped":0,"pct":66.66},"branches":{"total":0,"covered":0,"skipped":0,"pct":100}}
,"Z:\\Playground\\CurrentWorking\\MediaPlayerX\\src\\features\\app\\buildMetadataPanelProps.ts": {"lines":{"total":17,"covered":16,"skipped":0,"pct":94.11},"functions":{"total":9,"covered":9,"skipped":0,"pct":100},"statements":{"total":19,"covered":18,"skipped":0,"pct":94.73},"branches":{"total":8,"covered":7,"skipped":0,"pct":87.5}}
,"Z:\\Playground\\CurrentWorking\\MediaPlayerX\\src\\features\\app\\buildMusicMainSectionProps.ts": {"lines":{"total":101,"covered":31,"skipped":0,"pct":30.69},"functions":{"total":21,"covered":6,"skipped":0,"pct":28.57},"statements":{"total":103,"covered":33,"skipped":0,"pct":32.03},"branches":{"total":93,"covered":23,"skipped":0,"pct":24.73}}
,"Z:\\Playground\\CurrentWorking\\MediaPlayerX\\src\\features\\app\\buildSearchPanelProps.ts": {"lines":{"total":9,"covered":8,"skipped":0,"pct":88.88},"functions":{"total":9,"covered":7,"skipped":0,"pct":77.77},"statements":{"total":11,"covered":9,"skipped":0,"pct":81.81},"branches":{"total":4,"covered":4,"skipped":0,"pct":100}}
,"Z:\\Playground\\CurrentWorking\\MediaPlayerX\\src\\features\\app\\buildSettingsPanelProps.ts": {"lines":{"total":38,"covered":17,"skipped":0,"pct":44.73},"functions":{"total":30,"covered":12,"skipped":0,"pct":40},"statements":{"total":38,"covered":17,"skipped":0,"pct":44.73},"branches":{"total":10,"covered":4,"skipped":0,"pct":40}}
,"Z:\\Playground\\CurrentWorking\\MediaPlayerX\\src\\features\\app\\buildSidebarPanelProps.ts": {"lines":{"total":27,"covered":24,"skipped":0,"pct":88.88},"functions":{"total":10,"covered":10,"skipped":0,"pct":100},"statements":{"total":29,"covered":26,"skipped":0,"pct":89.65},"branches":{"total":28,"covered":26,"skipped":0,"pct":92.85}}
,"Z:\\Playground\\CurrentWorking\\MediaPlayerX\\src\\features\\app\\buildVectorSidebarState.ts": {"lines":{"total":26,"covered":9,"skipped":0,"pct":34.61},"functions":{"total":4,"covered":2,"skipped":0,"pct":50},"statements":{"total":26,"covered":9,"skipped":0,"pct":34.61},"branches":{"total":20,"covered":0,"skipped":0,"pct":0}}
,"Z:\\Playground\\CurrentWorking\\MediaPlayerX\\src\\features\\app\\buildVideoMainSectionProps.ts": {"lines":{"total":23,"covered":6,"skipped":0,"pct":26.08},"functions":{"total":19,"covered":5,"skipped":0,"pct":26.31},"statements":{"total":27,"covered":7,"skipped":0,"pct":25.92},"branches":{"total":9,"covered":2,"skipped":0,"pct":22.22}}
,"Z:\\Playground\\CurrentWorking\\MediaPlayerX\\src\\features\\app\\errorCode.ts": {"lines":{"total":0,"covered":0,"skipped":0,"pct":0},"functions":{"total":0,"covered":0,"skipped":0,"pct":0},"statements":{"total":0,"covered":0,"skipped":0,"pct":0},"branches":{"total":0,"covered":0,"skipped":0,"pct":0}}
,"Z:\\Playground\\CurrentWorking\\MediaPlayerX\\src\\features\\app\\mediaPathUtils.ts": {"lines":{"total":28,"covered":11,"skipped":0,"pct":39.28},"functions":{"total":3,"covered":2,"skipped":0,"pct":66.66},"statements":{"total":28,"covered":11,"skipped":0,"pct":39.28},"branches":{"total":18,"covered":5,"skipped":0,"pct":27.77}}
,"Z:\\Playground\\CurrentWorking\\MediaPlayerX\\src\\features\\app\\useAppController.ts": {"lines":{"total":1,"covered":1,"skipped":0,"pct":100},"functions":{"total":1,"covered":1,"skipped":0,"pct":100},"statements":{"total":1,"covered":1,"skipped":0,"pct":100},"branches":{"total":0,"covered":0,"skipped":0,"pct":100}}
,"Z:\\Playground\\CurrentWorking\\MediaPlayerX\\src\\features\\app\\useAppDataPipeline.ts": {"lines":{"total":5,"covered":5,"skipped":0,"pct":100},"functions":{"total":1,"covered":1,"skipped":0,"pct":100},"statements":{"total":5,"covered":5,"skipped":0,"pct":100},"branches":{"total":0,"covered":0,"skipped":0,"pct":100}}
,"Z:\\Playground\\CurrentWorking\\MediaPlayerX\\src\\features\\app\\useAppDisplayAndEffects.ts": {"lines":{"total":11,"covered":11,"skipped":0,"pct":100},"functions":{"total":1,"covered":1,"skipped":0,"pct":100},"statements":{"total":11,"covered":11,"skipped":0,"pct":100},"branches":{"total":0,"covered":0,"skipped":0,"pct":100}}
,"Z:\\Playground\\CurrentWorking\\MediaPlayerX\\src\\features\\app\\useAppDisplayResources.ts": {"lines":{"total":133,"covered":57,"skipped":0,"pct":42.85},"functions":{"total":18,"covered":6,"skipped":0,"pct":33.33},"statements":{"total":136,"covered":57,"skipped":0,"pct":41.91},"branches":{"total":78,"covered":37,"skipped":0,"pct":47.43}}
,"Z:\\Playground\\CurrentWorking\\MediaPlayerX\\src\\features\\app\\useAppEffects.ts": {"lines":{"total":201,"covered":137,"skipped":0,"pct":68.15},"functions":{"total":42,"covered":31,"skipped":0,"pct":73.8},"statements":{"total":205,"covered":139,"skipped":0,"pct":67.8},"branches":{"total":171,"covered":98,"skipped":0,"pct":57.3}}
,"Z:\\Playground\\CurrentWorking\\MediaPlayerX\\src\\features\\app\\useAppInteractionEffects.ts": {"lines":{"total":119,"covered":101,"skipped":0,"pct":84.87},"functions":{"total":13,"covered":13,"skipped":0,"pct":100},"statements":{"total":119,"covered":101,"skipped":0,"pct":84.87},"branches":{"total":69,"covered":52,"skipped":0,"pct":75.36}}
,"Z:\\Playground\\CurrentWorking\\MediaPlayerX\\src\\features\\app\\useAppManageBindings.ts": {"lines":{"total":23,"covered":16,"skipped":0,"pct":69.56},"functions":{"total":5,"covered":2,"skipped":0,"pct":40},"statements":{"total":24,"covered":16,"skipped":0,"pct":66.66},"branches":{"total":6,"covered":3,"skipped":0,"pct":50}}
,"Z:\\Playground\\CurrentWorking\\MediaPlayerX\\src\\features\\app\\useAppNavigationState.ts": {"lines":{"total":155,"covered":85,"skipped":0,"pct":54.83},"functions":{"total":22,"covered":14,"skipped":0,"pct":63.63},"statements":{"total":155,"covered":85,"skipped":0,"pct":54.83},"branches":{"total":104,"covered":53,"skipped":0,"pct":50.96}}
,"Z:\\Playground\\CurrentWorking\\MediaPlayerX\\src\\features\\app\\useAppReadAndNavigation.ts": {"lines":{"total":3,"covered":3,"skipped":0,"pct":100},"functions":{"total":1,"covered":1,"skipped":0,"pct":100},"statements":{"total":3,"covered":3,"skipped":0,"pct":100},"branches":{"total":0,"covered":0,"skipped":0,"pct":100}}
,"Z:\\Playground\\CurrentWorking\\MediaPlayerX\\src\\features\\app\\useAppReadState.ts": {"lines":{"total":30,"covered":28,"skipped":0,"pct":93.33},"functions":{"total":3,"covered":3,"skipped":0,"pct":100},"statements":{"total":30,"covered":28,"skipped":0,"pct":93.33},"branches":{"total":52,"covered":45,"skipped":0,"pct":86.53}}
,"Z:\\Playground\\CurrentWorking\\MediaPlayerX\\src\\features\\app\\useAppRuntimeSources.ts": {"lines":{"total":12,"covered":12,"skipped":0,"pct":100},"functions":{"total":2,"covered":2,"skipped":0,"pct":100},"statements":{"total":12,"covered":12,"skipped":0,"pct":100},"branches":{"total":2,"covered":1,"skipped":0,"pct":50}}
,"Z:\\Playground\\CurrentWorking\\MediaPlayerX\\src\\features\\app\\useAppSessionState.ts": {"lines":{"total":41,"covered":40,"skipped":0,"pct":97.56},"functions":{"total":10,"covered":8,"skipped":0,"pct":80},"statements":{"total":46,"covered":44,"skipped":0,"pct":95.65},"branches":{"total":10,"covered":7,"skipped":0,"pct":70}}
,"Z:\\Playground\\CurrentWorking\\MediaPlayerX\\src\\features\\app\\useAppSettingsStore.ts": {"lines":{"total":2,"covered":2,"skipped":0,"pct":100},"functions":{"total":2,"covered":2,"skipped":0,"pct":100},"statements":{"total":2,"covered":2,"skipped":0,"pct":100},"branches":{"total":0,"covered":0,"skipped":0,"pct":100}}
,"Z:\\Playground\\CurrentWorking\\MediaPlayerX\\src\\features\\app\\useAppShellProps.ts": {"lines":{"total":7,"covered":7,"skipped":0,"pct":100},"functions":{"total":1,"covered":1,"skipped":0,"pct":100},"statements":{"total":7,"covered":7,"skipped":0,"pct":100},"branches":{"total":0,"covered":0,"skipped":0,"pct":100}}
,"Z:\\Playground\\CurrentWorking\\MediaPlayerX\\src\\features\\app\\useAppShortcutBindings.ts": {"lines":{"total":9,"covered":3,"skipped":0,"pct":33.33},"functions":{"total":7,"covered":3,"skipped":0,"pct":42.85},"statements":{"total":11,"covered":4,"skipped":0,"pct":36.36},"branches":{"total":8,"covered":3,"skipped":0,"pct":37.5}}
,"Z:\\Playground\\CurrentWorking\\MediaPlayerX\\src\\features\\app\\useAppSidebarScopeState.ts": {"lines":{"total":149,"covered":109,"skipped":0,"pct":73.15},"functions":{"total":47,"covered":36,"skipped":0,"pct":76.59},"statements":{"total":157,"covered":115,"skipped":0,"pct":73.24},"branches":{"total":95,"covered":49,"skipped":0,"pct":51.57}}
,"Z:\\Playground\\CurrentWorking\\MediaPlayerX\\src\\features\\app\\useAppTopLayerBindings.ts": {"lines":{"total":9,"covered":9,"skipped":0,"pct":100},"functions":{"total":1,"covered":1,"skipped":0,"pct":100},"statements":{"total":9,"covered":9,"skipped":0,"pct":100},"branches":{"total":2,"covered":1,"skipped":0,"pct":50}}
,"Z:\\Playground\\CurrentWorking\\MediaPlayerX\\src\\features\\app\\useAppTopLayerState.ts": {"lines":{"total":23,"covered":23,"skipped":0,"pct":100},"functions":{"total":8,"covered":7,"skipped":0,"pct":87.5},"statements":{"total":26,"covered":25,"skipped":0,"pct":96.15},"branches":{"total":9,"covered":5,"skipped":0,"pct":55.55}}
,"Z:\\Playground\\CurrentWorking\\MediaPlayerX\\src\\features\\app\\useAppTopLayerState.utils.ts": {"lines":{"total":14,"covered":6,"skipped":0,"pct":42.85},"functions":{"total":2,"covered":2,"skipped":0,"pct":100},"statements":{"total":14,"covered":6,"skipped":0,"pct":42.85},"branches":{"total":8,"covered":3,"skipped":0,"pct":37.5}}
,"Z:\\Playground\\CurrentWorking\\MediaPlayerX\\src\\features\\app\\useAppViewComposition.ts": {"lines":{"total":8,"covered":8,"skipped":0,"pct":100},"functions":{"total":1,"covered":1,"skipped":0,"pct":100},"statements":{"total":8,"covered":8,"skipped":0,"pct":100},"branches":{"total":2,"covered":2,"skipped":0,"pct":100}}
,"Z:\\Playground\\CurrentWorking\\MediaPlayerX\\src\\features\\app\\useAppWorkspaceBindings.ts": {"lines":{"total":12,"covered":12,"skipped":0,"pct":100},"functions":{"total":1,"covered":1,"skipped":0,"pct":100},"statements":{"total":12,"covered":12,"skipped":0,"pct":100},"branches":{"total":5,"covered":2,"skipped":0,"pct":40}}
,"Z:\\Playground\\CurrentWorking\\MediaPlayerX\\src\\features\\app\\useAppWorkspaceProps.ts": {"lines":{"total":148,"covered":70,"skipped":0,"pct":47.29},"functions":{"total":58,"covered":16,"skipped":0,"pct":27.58},"statements":{"total":155,"covered":71,"skipped":0,"pct":45.8},"branches":{"total":164,"covered":106,"skipped":0,"pct":64.63}}
,"Z:\\Playground\\CurrentWorking\\MediaPlayerX\\src\\features\\app\\useArchiveLoadStatus.ts": {"lines":{"total":29,"covered":8,"skipped":0,"pct":27.58},"functions":{"total":6,"covered":2,"skipped":0,"pct":33.33},"statements":{"total":29,"covered":8,"skipped":0,"pct":27.58},"branches":{"total":12,"covered":1,"skipped":0,"pct":8.33}}
,"Z:\\Playground\\CurrentWorking\\MediaPlayerX\\src\\features\\app\\useAudioSidebarState.ts": {"lines":{"total":45,"covered":44,"skipped":0,"pct":97.77},"functions":{"total":12,"covered":12,"skipped":0,"pct":100},"statements":{"total":52,"covered":51,"skipped":0,"pct":98.07},"branches":{"total":18,"covered":17,"skipped":0,"pct":94.44}}
,"Z:\\Playground\\CurrentWorking\\MediaPlayerX\\src\\features\\app\\useDatabaseResetAction.ts": {"lines":{"total":21,"covered":5,"skipped":0,"pct":23.8},"functions":{"total":6,"covered":1,"skipped":0,"pct":16.66},"statements":{"total":21,"covered":5,"skipped":0,"pct":23.8},"branches":{"total":12,"covered":0,"skipped":0,"pct":0}}
,"Z:\\Playground\\CurrentWorking\\MediaPlayerX\\src\\features\\app\\useEffectiveDisplayState.ts": {"lines":{"total":32,"covered":32,"skipped":0,"pct":100},"functions":{"total":9,"covered":9,"skipped":0,"pct":100},"statements":{"total":34,"covered":34,"skipped":0,"pct":100},"branches":{"total":75,"covered":71,"skipped":0,"pct":94.66}}
,"Z:\\Playground\\CurrentWorking\\MediaPlayerX\\src\\features\\app\\useFullscreenPlaybackBindings.ts": {"lines":{"total":19,"covered":15,"skipped":0,"pct":78.94},"functions":{"total":6,"covered":5,"skipped":0,"pct":83.33},"statements":{"total":20,"covered":16,"skipped":0,"pct":80},"branches":{"total":14,"covered":12,"skipped":0,"pct":85.71}}
,"Z:\\Playground\\CurrentWorking\\MediaPlayerX\\src\\features\\app\\useImageBrowserViewModel.ts": {"lines":{"total":149,"covered":83,"skipped":0,"pct":55.7},"functions":{"total":24,"covered":15,"skipped":0,"pct":62.5},"statements":{"total":159,"covered":87,"skipped":0,"pct":54.71},"branches":{"total":141,"covered":76,"skipped":0,"pct":53.9}}
,"Z:\\Playground\\CurrentWorking\\MediaPlayerX\\src\\features\\app\\useImageSidebarBaseState.ts": {"lines":{"total":47,"covered":45,"skipped":0,"pct":95.74},"functions":{"total":13,"covered":13,"skipped":0,"pct":100},"statements":{"total":49,"covered":47,"skipped":0,"pct":95.91},"branches":{"total":36,"covered":31,"skipped":0,"pct":86.11}}
,"Z:\\Playground\\CurrentWorking\\MediaPlayerX\\src\\features\\app\\useImportTaskPanelState.ts": {"lines":{"total":37,"covered":20,"skipped":0,"pct":54.05},"functions":{"total":17,"covered":7,"skipped":0,"pct":41.17},"statements":{"total":42,"covered":21,"skipped":0,"pct":50},"branches":{"total":22,"covered":12,"skipped":0,"pct":54.54}}
,"Z:\\Playground\\CurrentWorking\\MediaPlayerX\\src\\features\\app\\useManageAdReviewActions.ts": {"lines":{"total":425,"covered":262,"skipped":0,"pct":61.64},"functions":{"total":74,"covered":54,"skipped":0,"pct":72.97},"statements":{"total":451,"covered":281,"skipped":0,"pct":62.3},"branches":{"total":247,"covered":134,"skipped":0,"pct":54.25}}
,"Z:\\Playground\\CurrentWorking\\MediaPlayerX\\src\\features\\app\\useManageModeActions.ts": {"lines":{"total":75,"covered":60,"skipped":0,"pct":80},"functions":{"total":8,"covered":8,"skipped":0,"pct":100},"statements":{"total":75,"covered":60,"skipped":0,"pct":80},"branches":{"total":40,"covered":29,"skipped":0,"pct":72.5}}
,"Z:\\Playground\\CurrentWorking\\MediaPlayerX\\src\\features\\app\\useMetadataManageModeActions.ts": {"lines":{"total":12,"covered":12,"skipped":0,"pct":100},"functions":{"total":2,"covered":2,"skipped":0,"pct":100},"statements":{"total":12,"covered":12,"skipped":0,"pct":100},"branches":{"total":4,"covered":4,"skipped":0,"pct":100}}
,"Z:\\Playground\\CurrentWorking\\MediaPlayerX\\src\\features\\app\\useMetadataWriteBindings.ts": {"lines":{"total":148,"covered":104,"skipped":0,"pct":70.27},"functions":{"total":27,"covered":23,"skipped":0,"pct":85.18},"statements":{"total":148,"covered":104,"skipped":0,"pct":70.27},"branches":{"total":92,"covered":48,"skipped":0,"pct":52.17}}
,"Z:\\Playground\\CurrentWorking\\MediaPlayerX\\src\\features\\app\\useMusicBookletBindings.ts": {"lines":{"total":106,"covered":21,"skipped":0,"pct":19.81},"functions":{"total":19,"covered":4,"skipped":0,"pct":21.05},"statements":{"total":107,"covered":21,"skipped":0,"pct":19.62},"branches":{"total":73,"covered":9,"skipped":0,"pct":12.32}}
,"Z:\\Playground\\CurrentWorking\\MediaPlayerX\\src\\features\\app\\usePersistedAppSettings.ts": {"lines":{"total":3,"covered":3,"skipped":0,"pct":100},"functions":{"total":2,"covered":2,"skipped":0,"pct":100},"statements":{"total":3,"covered":3,"skipped":0,"pct":100},"branches":{"total":0,"covered":0,"skipped":0,"pct":100}}
,"Z:\\Playground\\CurrentWorking\\MediaPlayerX\\src\\features\\app\\useRepositoryBootstrapData.ts": {"lines":{"total":20,"covered":20,"skipped":0,"pct":100},"functions":{"total":12,"covered":12,"skipped":0,"pct":100},"statements":{"total":24,"covered":24,"skipped":0,"pct":100},"branches":{"total":20,"covered":10,"skipped":0,"pct":50}}
,"Z:\\Playground\\CurrentWorking\\MediaPlayerX\\src\\features\\app\\useResolvedMediaState.ts": {"lines":{"total":87,"covered":81,"skipped":0,"pct":93.1},"functions":{"total":11,"covered":11,"skipped":0,"pct":100},"statements":{"total":88,"covered":82,"skipped":0,"pct":93.18},"branches":{"total":65,"covered":53,"skipped":0,"pct":81.53}}
,"Z:\\Playground\\CurrentWorking\\MediaPlayerX\\src\\features\\app\\useResponsiveZoomEffect.ts": {"lines":{"total":24,"covered":4,"skipped":0,"pct":16.66},"functions":{"total":5,"covered":2,"skipped":0,"pct":40},"statements":{"total":24,"covered":4,"skipped":0,"pct":16.66},"branches":{"total":6,"covered":3,"skipped":0,"pct":50}}
,"Z:\\Playground\\CurrentWorking\\MediaPlayerX\\src\\features\\app\\useRootScopedImageData.ts": {"lines":{"total":13,"covered":12,"skipped":0,"pct":92.3},"functions":{"total":7,"covered":7,"skipped":0,"pct":100},"statements":{"total":15,"covered":14,"skipped":0,"pct":93.33},"branches":{"total":2,"covered":1,"skipped":0,"pct":50}}
,"Z:\\Playground\\CurrentWorking\\MediaPlayerX\\src\\features\\app\\useRuntimeInfoDiagnostics.ts": {"lines":{"total":95,"covered":53,"skipped":0,"pct":55.78},"functions":{"total":21,"covered":12,"skipped":0,"pct":57.14},"statements":{"total":96,"covered":54,"skipped":0,"pct":56.25},"branches":{"total":40,"covered":18,"skipped":0,"pct":45}}
,"Z:\\Playground\\CurrentWorking\\MediaPlayerX\\src\\features\\app\\useRuntimeWarningDismiss.ts": {"lines":{"total":13,"covered":9,"skipped":0,"pct":69.23},"functions":{"total":4,"covered":3,"skipped":0,"pct":75},"statements":{"total":13,"covered":9,"skipped":0,"pct":69.23},"branches":{"total":10,"covered":4,"skipped":0,"pct":40}}
,"Z:\\Playground\\CurrentWorking\\MediaPlayerX\\src\\features\\app\\useScopedImageSourceStateSync.ts": {"lines":{"total":46,"covered":46,"skipped":0,"pct":100},"functions":{"total":6,"covered":6,"skipped":0,"pct":100},"statements":{"total":47,"covered":47,"skipped":0,"pct":100},"branches":{"total":30,"covered":29,"skipped":0,"pct":96.66}}
,"Z:\\Playground\\CurrentWorking\\MediaPlayerX\\src\\features\\app\\useSearchAndVectorActions.ts": {"lines":{"total":59,"covered":26,"skipped":0,"pct":44.06},"functions":{"total":4,"covered":2,"skipped":0,"pct":50},"statements":{"total":59,"covered":26,"skipped":0,"pct":44.06},"branches":{"total":30,"covered":9,"skipped":0,"pct":30}}
,"Z:\\Playground\\CurrentWorking\\MediaPlayerX\\src\\features\\app\\useSettingsPersistence.ts": {"lines":{"total":219,"covered":180,"skipped":0,"pct":82.19},"functions":{"total":18,"covered":16,"skipped":0,"pct":88.88},"statements":{"total":221,"covered":181,"skipped":0,"pct":81.9},"branches":{"total":279,"covered":201,"skipped":0,"pct":72.04}}
,"Z:\\Playground\\CurrentWorking\\MediaPlayerX\\src\\features\\app\\useTopLayerSettingsActions.ts": {"lines":{"total":102,"covered":54,"skipped":0,"pct":52.94},"functions":{"total":15,"covered":8,"skipped":0,"pct":53.33},"statements":{"total":102,"covered":54,"skipped":0,"pct":52.94},"branches":{"total":42,"covered":21,"skipped":0,"pct":50}}
,"Z:\\Playground\\CurrentWorking\\MediaPlayerX\\src\\features\\app\\useVideoSidebarState.ts": {"lines":{"total":18,"covered":16,"skipped":0,"pct":88.88},"functions":{"total":12,"covered":12,"skipped":0,"pct":100},"statements":{"total":22,"covered":20,"skipped":0,"pct":90.9},"branches":{"total":8,"covered":6,"skipped":0,"pct":75}}
,"Z:\\Playground\\CurrentWorking\\MediaPlayerX\\src\\features\\app\\workspaceAdReviewHandlers.ts": {"lines":{"total":11,"covered":6,"skipped":0,"pct":54.54},"functions":{"total":6,"covered":1,"skipped":0,"pct":16.66},"statements":{"total":11,"covered":6,"skipped":0,"pct":54.54},"branches":{"total":0,"covered":0,"skipped":0,"pct":100}}
,"Z:\\Playground\\CurrentWorking\\MediaPlayerX\\src\\features\\app\\workspaceAdReviewPageDerivations.ts": {"lines":{"total":63,"covered":58,"skipped":0,"pct":92.06},"functions":{"total":8,"covered":8,"skipped":0,"pct":100},"statements":{"total":64,"covered":59,"skipped":0,"pct":92.18},"branches":{"total":51,"covered":46,"skipped":0,"pct":90.19}}
,"Z:\\Playground\\CurrentWorking\\MediaPlayerX\\src\\features\\app\\workspaceAdReviewSidebarContext.ts": {"lines":{"total":16,"covered":8,"skipped":0,"pct":50},"functions":{"total":4,"covered":1,"skipped":0,"pct":25},"statements":{"total":16,"covered":8,"skipped":0,"pct":50},"branches":{"total":20,"covered":12,"skipped":0,"pct":60}}
,"Z:\\Playground\\CurrentWorking\\MediaPlayerX\\src\\features\\app\\workspaceImageDerivations.ts": {"lines":{"total":35,"covered":30,"skipped":0,"pct":85.71},"functions":{"total":9,"covered":8,"skipped":0,"pct":88.88},"statements":{"total":36,"covered":31,"skipped":0,"pct":86.11},"branches":{"total":49,"covered":36,"skipped":0,"pct":73.46}}
,"Z:\\Playground\\CurrentWorking\\MediaPlayerX\\src\\features\\app\\workspaceJumpActions.ts": {"lines":{"total":77,"covered":29,"skipped":0,"pct":37.66},"functions":{"total":10,"covered":6,"skipped":0,"pct":60},"statements":{"total":77,"covered":29,"skipped":0,"pct":37.66},"branches":{"total":40,"covered":10,"skipped":0,"pct":25}}
,"Z:\\Playground\\CurrentWorking\\MediaPlayerX\\src\\features\\app\\workspaceMetadataActions.ts": {"lines":{"total":15,"covered":2,"skipped":0,"pct":13.33},"functions":{"total":4,"covered":2,"skipped":0,"pct":50},"statements":{"total":15,"covered":2,"skipped":0,"pct":13.33},"branches":{"total":8,"covered":0,"skipped":0,"pct":0}}
,"Z:\\Playground\\CurrentWorking\\MediaPlayerX\\src\\features\\app\\workspaceMusicBooklet.ts": {"lines":{"total":186,"covered":106,"skipped":0,"pct":56.98},"functions":{"total":33,"covered":26,"skipped":0,"pct":78.78},"statements":{"total":192,"covered":111,"skipped":0,"pct":57.81},"branches":{"total":147,"covered":52,"skipped":0,"pct":35.37}}
,"Z:\\Playground\\CurrentWorking\\MediaPlayerX\\src\\features\\app\\workspaceSharedUtils.ts": {"lines":{"total":68,"covered":53,"skipped":0,"pct":77.94},"functions":{"total":22,"covered":19,"skipped":0,"pct":86.36},"statements":{"total":71,"covered":56,"skipped":0,"pct":78.87},"branches":{"total":32,"covered":23,"skipped":0,"pct":71.87}}
,"Z:\\Playground\\CurrentWorking\\MediaPlayerX\\src\\features\\backend\\index.ts": {"lines":{"total":0,"covered":0,"skipped":0,"pct":0},"functions":{"total":0,"covered":0,"skipped":0,"pct":0},"statements":{"total":0,"covered":0,"skipped":0,"pct":0},"branches":{"total":0,"covered":0,"skipped":0,"pct":0}}
,"Z:\\Playground\\CurrentWorking\\MediaPlayerX\\src\\features\\backend\\mappers.ts": {"lines":{"total":40,"covered":36,"skipped":0,"pct":90},"functions":{"total":17,"covered":16,"skipped":0,"pct":94.11},"statements":{"total":41,"covered":37,"skipped":0,"pct":90.24},"branches":{"total":66,"covered":41,"skipped":0,"pct":62.12}}
,"Z:\\Playground\\CurrentWorking\\MediaPlayerX\\src\\features\\backend\\mediaLocator.ts": {"lines":{"total":14,"covered":10,"skipped":0,"pct":71.42},"functions":{"total":4,"covered":3,"skipped":0,"pct":75},"statements":{"total":14,"covered":10,"skipped":0,"pct":71.42},"branches":{"total":12,"covered":7,"skipped":0,"pct":58.33}}
,"Z:\\Playground\\CurrentWorking\\MediaPlayerX\\src\\features\\backend\\mediaResolveUtils.ts": {"lines":{"total":35,"covered":31,"skipped":0,"pct":88.57},"functions":{"total":9,"covered":8,"skipped":0,"pct":88.88},"statements":{"total":35,"covered":31,"skipped":0,"pct":88.57},"branches":{"total":33,"covered":25,"skipped":0,"pct":75.75}}
,"Z:\\Playground\\CurrentWorking\\MediaPlayerX\\src\\features\\backend\\readSliceUtils.ts": {"lines":{"total":26,"covered":25,"skipped":0,"pct":96.15},"functions":{"total":10,"covered":10,"skipped":0,"pct":100},"statements":{"total":28,"covered":27,"skipped":0,"pct":96.42},"branches":{"total":18,"covered":17,"skipped":0,"pct":94.44}}
,"Z:\\Playground\\CurrentWorking\\MediaPlayerX\\src\\features\\backend\\useReadOnlyDataAccess.ts": {"lines":{"total":115,"covered":104,"skipped":0,"pct":90.43},"functions":{"total":41,"covered":33,"skipped":0,"pct":80.48},"statements":{"total":126,"covered":113,"skipped":0,"pct":89.68},"branches":{"total":87,"covered":80,"skipped":0,"pct":91.95}}
,"Z:\\Playground\\CurrentWorking\\MediaPlayerX\\src\\features\\backend\\useResolvedMediaUrls.ts": {"lines":{"total":229,"covered":105,"skipped":0,"pct":45.85},"functions":{"total":23,"covered":9,"skipped":0,"pct":39.13},"statements":{"total":231,"covered":105,"skipped":0,"pct":45.45},"branches":{"total":131,"covered":46,"skipped":0,"pct":35.11}}
,"Z:\\Playground\\CurrentWorking\\MediaPlayerX\\src\\features\\backend\\useRuntimeCapabilities.ts": {"lines":{"total":38,"covered":17,"skipped":0,"pct":44.73},"functions":{"total":11,"covered":4,"skipped":0,"pct":36.36},"statements":{"total":39,"covered":17,"skipped":0,"pct":43.58},"branches":{"total":16,"covered":7,"skipped":0,"pct":43.75}}
,"Z:\\Playground\\CurrentWorking\\MediaPlayerX\\src\\features\\backend\\useWriteDataAccess.ts": {"lines":{"total":194,"covered":133,"skipped":0,"pct":68.55},"functions":{"total":30,"covered":24,"skipped":0,"pct":80},"statements":{"total":204,"covered":143,"skipped":0,"pct":70.09},"branches":{"total":76,"covered":40,"skipped":0,"pct":52.63}}
,"Z:\\Playground\\CurrentWorking\\MediaPlayerX\\src\\features\\backend\\repository\\backendChannel.ts": {"lines":{"total":8,"covered":6,"skipped":0,"pct":75},"functions":{"total":2,"covered":2,"skipped":0,"pct":100},"statements":{"total":8,"covered":6,"skipped":0,"pct":75},"branches":{"total":4,"covered":2,"skipped":0,"pct":50}}
,"Z:\\Playground\\CurrentWorking\\MediaPlayerX\\src\\features\\backend\\repository\\createRepository.ts": {"lines":{"total":19,"covered":11,"skipped":0,"pct":57.89},"functions":{"total":4,"covered":4,"skipped":0,"pct":100},"statements":{"total":19,"covered":11,"skipped":0,"pct":57.89},"branches":{"total":16,"covered":7,"skipped":0,"pct":43.75}}
,"Z:\\Playground\\CurrentWorking\\MediaPlayerX\\src\\features\\backend\\repository\\index.ts": {"lines":{"total":0,"covered":0,"skipped":0,"pct":0},"functions":{"total":0,"covered":0,"skipped":0,"pct":0},"statements":{"total":0,"covered":0,"skipped":0,"pct":0},"branches":{"total":0,"covered":0,"skipped":0,"pct":0}}
,"Z:\\Playground\\CurrentWorking\\MediaPlayerX\\src\\features\\backend\\repository\\mockRepository.ts": {"lines":{"total":81,"covered":29,"skipped":0,"pct":35.8},"functions":{"total":74,"covered":21,"skipped":0,"pct":28.37},"statements":{"total":82,"covered":29,"skipped":0,"pct":35.36},"branches":{"total":0,"covered":0,"skipped":0,"pct":100}}
,"Z:\\Playground\\CurrentWorking\\MediaPlayerX\\src\\features\\backend\\repository\\realRepository.ts": {"lines":{"total":126,"covered":19,"skipped":0,"pct":15.07},"functions":{"total":48,"covered":8,"skipped":0,"pct":16.66},"statements":{"total":127,"covered":19,"skipped":0,"pct":14.96},"branches":{"total":2,"covered":0,"skipped":0,"pct":0}}
,"Z:\\Playground\\CurrentWorking\\MediaPlayerX\\src\\features\\backend\\repository\\repositoryIpcTiming.ts": {"lines":{"total":7,"covered":7,"skipped":0,"pct":100},"functions":{"total":1,"covered":1,"skipped":0,"pct":100},"statements":{"total":7,"covered":7,"skipped":0,"pct":100},"branches":{"total":2,"covered":1,"skipped":0,"pct":50}}
,"Z:\\Playground\\CurrentWorking\\MediaPlayerX\\src\\features\\backend\\repository\\requestGuards.ts": {"lines":{"total":33,"covered":28,"skipped":0,"pct":84.84},"functions":{"total":9,"covered":7,"skipped":0,"pct":77.77},"statements":{"total":33,"covered":28,"skipped":0,"pct":84.84},"branches":{"total":17,"covered":14,"skipped":0,"pct":82.35}}
,"Z:\\Playground\\CurrentWorking\\MediaPlayerX\\src\\features\\backend\\repository\\types.ts": {"lines":{"total":0,"covered":0,"skipped":0,"pct":0},"functions":{"total":0,"covered":0,"skipped":0,"pct":0},"statements":{"total":0,"covered":0,"skipped":0,"pct":0},"branches":{"total":0,"covered":0,"skipped":0,"pct":0}}
,"Z:\\Playground\\CurrentWorking\\MediaPlayerX\\src\\features\\backend\\repository\\mock\\AdReviewHandlers.ts": {"lines":{"total":120,"covered":3,"skipped":0,"pct":2.5},"functions":{"total":22,"covered":1,"skipped":0,"pct":4.54},"statements":{"total":126,"covered":3,"skipped":0,"pct":2.38},"branches":{"total":83,"covered":0,"skipped":0,"pct":0}}
,"Z:\\Playground\\CurrentWorking\\MediaPlayerX\\src\\features\\backend\\repository\\mock\\MediaReadHandlers.ts": {"lines":{"total":38,"covered":35,"skipped":0,"pct":92.1},"functions":{"total":12,"covered":10,"skipped":0,"pct":83.33},"statements":{"total":41,"covered":37,"skipped":0,"pct":90.24},"branches":{"total":30,"covered":20,"skipped":0,"pct":66.66}}
,"Z:\\Playground\\CurrentWorking\\MediaPlayerX\\src\\features\\backend\\repository\\mock\\MediaWriteHandlers.ts": {"lines":{"total":321,"covered":27,"skipped":0,"pct":8.41},"functions":{"total":56,"covered":6,"skipped":0,"pct":10.71},"statements":{"total":348,"covered":29,"skipped":0,"pct":8.33},"branches":{"total":196,"covered":8,"skipped":0,"pct":4.08}}
,"Z:\\Playground\\CurrentWorking\\MediaPlayerX\\src\\features\\backend\\repository\\mock\\SystemHandlers.ts": {"lines":{"total":17,"covered":7,"skipped":0,"pct":41.17},"functions":{"total":8,"covered":4,"skipped":0,"pct":50},"statements":{"total":17,"covered":7,"skipped":0,"pct":41.17},"branches":{"total":18,"covered":3,"skipped":0,"pct":16.66}}
,"Z:\\Playground\\CurrentWorking\\MediaPlayerX\\src\\features\\backend\\repository\\mock\\mappers.ts": {"lines":{"total":16,"covered":15,"skipped":0,"pct":93.75},"functions":{"total":10,"covered":9,"skipped":0,"pct":90},"statements":{"total":16,"covered":15,"skipped":0,"pct":93.75},"branches":{"total":52,"covered":34,"skipped":0,"pct":65.38}}
,"Z:\\Playground\\CurrentWorking\\MediaPlayerX\\src\\features\\backend\\repository\\mock\\types.ts": {"lines":{"total":1,"covered":1,"skipped":0,"pct":100},"functions":{"total":0,"covered":0,"skipped":0,"pct":100},"statements":{"total":1,"covered":1,"skipped":0,"pct":100},"branches":{"total":0,"covered":0,"skipped":0,"pct":100}}
,"Z:\\Playground\\CurrentWorking\\MediaPlayerX\\src\\features\\backend\\repository\\mock\\utils.ts": {"lines":{"total":122,"covered":66,"skipped":0,"pct":54.09},"functions":{"total":36,"covered":19,"skipped":0,"pct":52.77},"statements":{"total":126,"covered":68,"skipped":0,"pct":53.96},"branches":{"total":91,"covered":42,"skipped":0,"pct":46.15}}
,"Z:\\Playground\\CurrentWorking\\MediaPlayerX\\src\\features\\import\\importPathUtils.ts": {"lines":{"total":23,"covered":0,"skipped":0,"pct":0},"functions":{"total":7,"covered":0,"skipped":0,"pct":0},"statements":{"total":23,"covered":0,"skipped":0,"pct":0},"branches":{"total":24,"covered":0,"skipped":0,"pct":0}}
,"Z:\\Playground\\CurrentWorking\\MediaPlayerX\\src\\features\\import\\useImportDragOverlay.ts": {"lines":{"total":79,"covered":21,"skipped":0,"pct":26.58},"functions":{"total":11,"covered":3,"skipped":0,"pct":27.27},"statements":{"total":79,"covered":21,"skipped":0,"pct":26.58},"branches":{"total":38,"covered":0,"skipped":0,"pct":0}}
,"Z:\\Playground\\CurrentWorking\\MediaPlayerX\\src\\features\\import\\useImportPaste.ts": {"lines":{"total":27,"covered":4,"skipped":0,"pct":14.81},"functions":{"total":6,"covered":3,"skipped":0,"pct":50},"statements":{"total":28,"covered":5,"skipped":0,"pct":17.85},"branches":{"total":20,"covered":0,"skipped":0,"pct":0}}
,"Z:\\Playground\\CurrentWorking\\MediaPlayerX\\src\\features\\import\\useImportPipeline.ts": {"lines":{"total":116,"covered":37,"skipped":0,"pct":31.89},"functions":{"total":33,"covered":6,"skipped":0,"pct":18.18},"statements":{"total":121,"covered":37,"skipped":0,"pct":30.57},"branches":{"total":51,"covered":11,"skipped":0,"pct":21.56}}
,"Z:\\Playground\\CurrentWorking\\MediaPlayerX\\src\\features\\layout\\thumbnailLayout.ts": {"lines":{"total":108,"covered":89,"skipped":0,"pct":82.4},"functions":{"total":8,"covered":8,"skipped":0,"pct":100},"statements":{"total":113,"covered":94,"skipped":0,"pct":83.18},"branches":{"total":47,"covered":31,"skipped":0,"pct":65.95}}
,"Z:\\Playground\\CurrentWorking\\MediaPlayerX\\src\\features\\layout\\usePaneResizers.ts": {"lines":{"total":96,"covered":27,"skipped":0,"pct":28.12},"functions":{"total":20,"covered":4,"skipped":0,"pct":20},"statements":{"total":98,"covered":27,"skipped":0,"pct":27.55},"branches":{"total":38,"covered":6,"skipped":0,"pct":15.78}}
,"Z:\\Playground\\CurrentWorking\\MediaPlayerX\\src\\features\\management\\useManageImageSelectionInteractions.ts": {"lines":{"total":122,"covered":57,"skipped":0,"pct":46.72},"functions":{"total":18,"covered":11,"skipped":0,"pct":61.11},"statements":{"total":122,"covered":57,"skipped":0,"pct":46.72},"branches":{"total":66,"covered":24,"skipped":0,"pct":36.36}}
,"Z:\\Playground\\CurrentWorking\\MediaPlayerX\\src\\features\\management\\useManageSelection.ts": {"lines":{"total":86,"covered":85,"skipped":0,"pct":98.83},"functions":{"total":24,"covered":22,"skipped":0,"pct":91.66},"statements":{"total":96,"covered":93,"skipped":0,"pct":96.87},"branches":{"total":49,"covered":42,"skipped":0,"pct":85.71}}
,"Z:\\Playground\\CurrentWorking\\MediaPlayerX\\src\\features\\media\\musicPlaybackBridge.ts": {"lines":{"total":29,"covered":18,"skipped":0,"pct":62.06},"functions":{"total":11,"covered":7,"skipped":0,"pct":63.63},"statements":{"total":31,"covered":18,"skipped":0,"pct":58.06},"branches":{"total":17,"covered":6,"skipped":0,"pct":35.29}}
,"Z:\\Playground\\CurrentWorking\\MediaPlayerX\\src\\features\\media\\useMediaState.ts": {"lines":{"total":43,"covered":29,"skipped":0,"pct":67.44},"functions":{"total":14,"covered":6,"skipped":0,"pct":42.85},"statements":{"total":50,"covered":32,"skipped":0,"pct":64},"branches":{"total":6,"covered":0,"skipped":0,"pct":0}}
,"Z:\\Playground\\CurrentWorking\\MediaPlayerX\\src\\features\\media\\usePlaylistPersistence.ts": {"lines":{"total":75,"covered":26,"skipped":0,"pct":34.66},"functions":{"total":22,"covered":9,"skipped":0,"pct":40.9},"statements":{"total":81,"covered":29,"skipped":0,"pct":35.8},"branches":{"total":32,"covered":10,"skipped":0,"pct":31.25}}
,"Z:\\Playground\\CurrentWorking\\MediaPlayerX\\src\\features\\media\\videoFitMode.ts": {"lines":{"total":14,"covered":1,"skipped":0,"pct":7.14},"functions":{"total":3,"covered":0,"skipped":0,"pct":0},"statements":{"total":14,"covered":1,"skipped":0,"pct":7.14},"branches":{"total":10,"covered":0,"skipped":0,"pct":0}}
,"Z:\\Playground\\CurrentWorking\\MediaPlayerX\\src\\features\\metadata\\parseExternalMetadata.ts": {"lines":{"total":72,"covered":47,"skipped":0,"pct":65.27},"functions":{"total":11,"covered":5,"skipped":0,"pct":45.45},"statements":{"total":73,"covered":47,"skipped":0,"pct":64.38},"branches":{"total":73,"covered":31,"skipped":0,"pct":42.46}}
,"Z:\\Playground\\CurrentWorking\\MediaPlayerX\\src\\features\\music-visualizer\\audioAnalyser.ts": {"lines":{"total":160,"covered":74,"skipped":0,"pct":46.25},"functions":{"total":12,"covered":8,"skipped":0,"pct":66.66},"statements":{"total":163,"covered":74,"skipped":0,"pct":45.39},"branches":{"total":82,"covered":19,"skipped":0,"pct":23.17}}
,"Z:\\Playground\\CurrentWorking\\MediaPlayerX\\src\\features\\music-visualizer\\cpuRenderer.ts": {"lines":{"total":52,"covered":27,"skipped":0,"pct":51.92},"functions":{"total":5,"covered":4,"skipped":0,"pct":80},"statements":{"total":54,"covered":28,"skipped":0,"pct":51.85},"branches":{"total":16,"covered":3,"skipped":0,"pct":18.75}}
,"Z:\\Playground\\CurrentWorking\\MediaPlayerX\\src\\features\\music-visualizer\\shaderRegistry.ts": {"lines":{"total":16,"covered":13,"skipped":0,"pct":81.25},"functions":{"total":6,"covered":6,"skipped":0,"pct":100},"statements":{"total":19,"covered":16,"skipped":0,"pct":84.21},"branches":{"total":12,"covered":6,"skipped":0,"pct":50}}
,"Z:\\Playground\\CurrentWorking\\MediaPlayerX\\src\\features\\music-visualizer\\shadertoyAdapter.ts": {"lines":{"total":5,"covered":5,"skipped":0,"pct":100},"functions":{"total":1,"covered":1,"skipped":0,"pct":100},"statements":{"total":5,"covered":5,"skipped":0,"pct":100},"branches":{"total":9,"covered":9,"skipped":0,"pct":100}}
,"Z:\\Playground\\CurrentWorking\\MediaPlayerX\\src\\features\\music-visualizer\\useMusicVisualizerRuntime.ts": {"lines":{"total":247,"covered":206,"skipped":0,"pct":83.4},"functions":{"total":24,"covered":24,"skipped":0,"pct":100},"statements":{"total":249,"covered":208,"skipped":0,"pct":83.53},"branches":{"total":175,"covered":125,"skipped":0,"pct":71.42}}
,"Z:\\Playground\\CurrentWorking\\MediaPlayerX\\src\\features\\music-visualizer\\webglRenderer.ts": {"lines":{"total":483,"covered":19,"skipped":0,"pct":3.93},"functions":{"total":45,"covered":1,"skipped":0,"pct":2.22},"statements":{"total":493,"covered":19,"skipped":0,"pct":3.85},"branches":{"total":217,"covered":2,"skipped":0,"pct":0.92}}
,"Z:\\Playground\\CurrentWorking\\MediaPlayerX\\src\\features\\music-visualizer\\shaders\\escape.ts": {"lines":{"total":3,"covered":3,"skipped":0,"pct":100},"functions":{"total":0,"covered":0,"skipped":0,"pct":100},"statements":{"total":3,"covered":3,"skipped":0,"pct":100},"branches":{"total":0,"covered":0,"skipped":0,"pct":100}}
,"Z:\\Playground\\CurrentWorking\\MediaPlayerX\\src\\features\\music-visualizer\\shaders\\escapeforeground.ts": {"lines":{"total":2,"covered":2,"skipped":0,"pct":100},"functions":{"total":0,"covered":0,"skipped":0,"pct":100},"statements":{"total":2,"covered":2,"skipped":0,"pct":100},"branches":{"total":0,"covered":0,"skipped":0,"pct":100}}
,"Z:\\Playground\\CurrentWorking\\MediaPlayerX\\src\\features\\music-visualizer\\shaders\\fungi.ts": {"lines":{"total":1,"covered":1,"skipped":0,"pct":100},"functions":{"total":0,"covered":0,"skipped":0,"pct":100},"statements":{"total":1,"covered":1,"skipped":0,"pct":100},"branches":{"total":0,"covered":0,"skipped":0,"pct":100}}
,"Z:\\Playground\\CurrentWorking\\MediaPlayerX\\src\\features\\music-visualizer\\shaders\\galaxy.ts": {"lines":{"total":3,"covered":3,"skipped":0,"pct":100},"functions":{"total":0,"covered":0,"skipped":0,"pct":100},"statements":{"total":3,"covered":3,"skipped":0,"pct":100},"branches":{"total":0,"covered":0,"skipped":0,"pct":100}}
,"Z:\\Playground\\CurrentWorking\\MediaPlayerX\\src\\features\\music-visualizer\\shaders\\galaxyforeground.ts": {"lines":{"total":3,"covered":3,"skipped":0,"pct":100},"functions":{"total":0,"covered":0,"skipped":0,"pct":100},"statements":{"total":3,"covered":3,"skipped":0,"pct":100},"branches":{"total":0,"covered":0,"skipped":0,"pct":100}}
,"Z:\\Playground\\CurrentWorking\\MediaPlayerX\\src\\features\\music-visualizer\\shaders\\mcs_szb.ts": {"lines":{"total":1,"covered":1,"skipped":0,"pct":100},"functions":{"total":0,"covered":0,"skipped":0,"pct":100},"statements":{"total":1,"covered":1,"skipped":0,"pct":100},"branches":{"total":0,"covered":0,"skipped":0,"pct":100}}
,"Z:\\Playground\\CurrentWorking\\MediaPlayerX\\src\\features\\music-visualizer\\shaders\\nebula.ts": {"lines":{"total":1,"covered":1,"skipped":0,"pct":100},"functions":{"total":0,"covered":0,"skipped":0,"pct":100},"statements":{"total":1,"covered":1,"skipped":0,"pct":100},"branches":{"total":0,"covered":0,"skipped":0,"pct":100}}
,"Z:\\Playground\\CurrentWorking\\MediaPlayerX\\src\\features\\music-visualizer\\shaders\\rain_drips.ts": {"lines":{"total":6,"covered":6,"skipped":0,"pct":100},"functions":{"total":0,"covered":0,"skipped":0,"pct":100},"statements":{"total":6,"covered":6,"skipped":0,"pct":100},"branches":{"total":0,"covered":0,"skipped":0,"pct":100}}
,"Z:\\Playground\\CurrentWorking\\MediaPlayerX\\src\\features\\music-visualizer\\shaders\\singularity.ts": {"lines":{"total":1,"covered":1,"skipped":0,"pct":100},"functions":{"total":0,"covered":0,"skipped":0,"pct":100},"statements":{"total":1,"covered":1,"skipped":0,"pct":100},"branches":{"total":0,"covered":0,"skipped":0,"pct":100}}
,"Z:\\Playground\\CurrentWorking\\MediaPlayerX\\src\\features\\music-visualizer\\shaders\\starfield.ts": {"lines":{"total":3,"covered":3,"skipped":0,"pct":100},"functions":{"total":0,"covered":0,"skipped":0,"pct":100},"statements":{"total":3,"covered":3,"skipped":0,"pct":100},"branches":{"total":0,"covered":0,"skipped":0,"pct":100}}
,"Z:\\Playground\\CurrentWorking\\MediaPlayerX\\src\\features\\music-visualizer\\shaders\\starfieldforeground.ts": {"lines":{"total":3,"covered":3,"skipped":0,"pct":100},"functions":{"total":0,"covered":0,"skipped":0,"pct":100},"statements":{"total":3,"covered":3,"skipped":0,"pct":100},"branches":{"total":0,"covered":0,"skipped":0,"pct":100}}
,"Z:\\Playground\\CurrentWorking\\MediaPlayerX\\src\\features\\music-visualizer\\shaders\\tissue.ts": {"lines":{"total":2,"covered":2,"skipped":0,"pct":100},"functions":{"total":0,"covered":0,"skipped":0,"pct":100},"statements":{"total":2,"covered":2,"skipped":0,"pct":100},"branches":{"total":0,"covered":0,"skipped":0,"pct":100}}
,"Z:\\Playground\\CurrentWorking\\MediaPlayerX\\src\\features\\music-visualizer\\shaders\\tissueforeground.ts": {"lines":{"total":2,"covered":2,"skipped":0,"pct":100},"functions":{"total":0,"covered":0,"skipped":0,"pct":100},"statements":{"total":2,"covered":2,"skipped":0,"pct":100},"branches":{"total":0,"covered":0,"skipped":0,"pct":100}}
,"Z:\\Playground\\CurrentWorking\\MediaPlayerX\\src\\features\\music-visualizer\\shaders\\voxel.ts": {"lines":{"total":1,"covered":1,"skipped":0,"pct":100},"functions":{"total":0,"covered":0,"skipped":0,"pct":100},"statements":{"total":1,"covered":1,"skipped":0,"pct":100},"branches":{"total":0,"covered":0,"skipped":0,"pct":100}}
,"Z:\\Playground\\CurrentWorking\\MediaPlayerX\\src\\features\\perf\\benchRecorder.ts": {"lines":{"total":96,"covered":4,"skipped":0,"pct":4.16},"functions":{"total":20,"covered":1,"skipped":0,"pct":5},"statements":{"total":100,"covered":4,"skipped":0,"pct":4},"branches":{"total":55,"covered":2,"skipped":0,"pct":3.63}}
,"Z:\\Playground\\CurrentWorking\\MediaPlayerX\\src\\features\\perf\\benchSettings.ts": {"lines":{"total":6,"covered":3,"skipped":0,"pct":50},"functions":{"total":3,"covered":1,"skipped":0,"pct":33.33},"statements":{"total":6,"covered":3,"skipped":0,"pct":50},"branches":{"total":8,"covered":0,"skipped":0,"pct":0}}
,"Z:\\Playground\\CurrentWorking\\MediaPlayerX\\src\\features\\search\\useFeatureSearch.ts": {"lines":{"total":78,"covered":74,"skipped":0,"pct":94.87},"functions":{"total":32,"covered":29,"skipped":0,"pct":90.62},"statements":{"total":80,"covered":76,"skipped":0,"pct":95},"branches":{"total":64,"covered":60,"skipped":0,"pct":93.75}}
,"Z:\\Playground\\CurrentWorking\\MediaPlayerX\\src\\features\\shared\\errorCode.ts": {"lines":{"total":19,"covered":16,"skipped":0,"pct":84.21},"functions":{"total":2,"covered":2,"skipped":0,"pct":100},"statements":{"total":19,"covered":16,"skipped":0,"pct":84.21},"branches":{"total":16,"covered":10,"skipped":0,"pct":62.5}}
,"Z:\\Playground\\CurrentWorking\\MediaPlayerX\\src\\features\\shortcuts\\useShortcutEngine.ts": {"lines":{"total":196,"covered":97,"skipped":0,"pct":49.48},"functions":{"total":11,"covered":11,"skipped":0,"pct":100},"statements":{"total":198,"covered":99,"skipped":0,"pct":50},"branches":{"total":158,"covered":79,"skipped":0,"pct":50}}
,"Z:\\Playground\\CurrentWorking\\MediaPlayerX\\src\\features\\sidebar\\useSidebarNavigation.ts": {"lines":{"total":162,"covered":88,"skipped":0,"pct":54.32},"functions":{"total":25,"covered":15,"skipped":0,"pct":60},"statements":{"total":169,"covered":92,"skipped":0,"pct":54.43},"branches":{"total":108,"covered":53,"skipped":0,"pct":49.07}}
,"Z:\\Playground\\CurrentWorking\\MediaPlayerX\\src\\features\\theme\\themeRegistry.ts": {"lines":{"total":78,"covered":63,"skipped":0,"pct":80.76},"functions":{"total":31,"covered":23,"skipped":0,"pct":74.19},"statements":{"total":91,"covered":72,"skipped":0,"pct":79.12},"branches":{"total":56,"covered":41,"skipped":0,"pct":73.21}}
,"Z:\\Playground\\CurrentWorking\\MediaPlayerX\\src\\i18n\\I18nProvider.tsx": {"lines":{"total":18,"covered":17,"skipped":0,"pct":94.44},"functions":{"total":6,"covered":6,"skipped":0,"pct":100},"statements":{"total":19,"covered":18,"skipped":0,"pct":94.73},"branches":{"total":12,"covered":10,"skipped":0,"pct":83.33}}
,"Z:\\Playground\\CurrentWorking\\MediaPlayerX\\src\\i18n\\a11y.ts": {"lines":{"total":7,"covered":7,"skipped":0,"pct":100},"functions":{"total":2,"covered":2,"skipped":0,"pct":100},"statements":{"total":7,"covered":7,"skipped":0,"pct":100},"branches":{"total":4,"covered":4,"skipped":0,"pct":100}}
,"Z:\\Playground\\CurrentWorking\\MediaPlayerX\\src\\i18n\\ariaRegistry.ts": {"lines":{"total":1,"covered":1,"skipped":0,"pct":100},"functions":{"total":0,"covered":0,"skipped":0,"pct":100},"statements":{"total":1,"covered":1,"skipped":0,"pct":100},"branches":{"total":0,"covered":0,"skipped":0,"pct":100}}
,"Z:\\Playground\\CurrentWorking\\MediaPlayerX\\src\\i18n\\catalog.ts": {"lines":{"total":5,"covered":5,"skipped":0,"pct":100},"functions":{"total":1,"covered":1,"skipped":0,"pct":100},"statements":{"total":5,"covered":5,"skipped":0,"pct":100},"branches":{"total":0,"covered":0,"skipped":0,"pct":100}}
,"Z:\\Playground\\CurrentWorking\\MediaPlayerX\\src\\i18n\\context.ts": {"lines":{"total":1,"covered":1,"skipped":0,"pct":100},"functions":{"total":0,"covered":0,"skipped":0,"pct":100},"statements":{"total":1,"covered":1,"skipped":0,"pct":100},"branches":{"total":0,"covered":0,"skipped":0,"pct":100}}
,"Z:\\Playground\\CurrentWorking\\MediaPlayerX\\src\\i18n\\locale.ts": {"lines":{"total":32,"covered":28,"skipped":0,"pct":87.5},"functions":{"total":8,"covered":7,"skipped":0,"pct":87.5},"statements":{"total":32,"covered":28,"skipped":0,"pct":87.5},"branches":{"total":18,"covered":15,"skipped":0,"pct":83.33}}
,"Z:\\Playground\\CurrentWorking\\MediaPlayerX\\src\\i18n\\useI18n.ts": {"lines":{"total":13,"covered":12,"skipped":0,"pct":92.3},"functions":{"total":4,"covered":4,"skipped":0,"pct":100},"statements":{"total":13,"covered":12,"skipped":0,"pct":92.3},"branches":{"total":10,"covered":8,"skipped":0,"pct":80}}
,"Z:\\Playground\\CurrentWorking\\MediaPlayerX\\src\\i18n\\locales\\en-US.ts": {"lines":{"total":1,"covered":1,"skipped":0,"pct":100},"functions":{"total":0,"covered":0,"skipped":0,"pct":100},"statements":{"total":1,"covered":1,"skipped":0,"pct":100},"branches":{"total":0,"covered":0,"skipped":0,"pct":100}}
,"Z:\\Playground\\CurrentWorking\\MediaPlayerX\\src\\i18n\\locales\\zh-CN.ts": {"lines":{"total":1,"covered":1,"skipped":0,"pct":100},"functions":{"total":0,"covered":0,"skipped":0,"pct":100},"statements":{"total":1,"covered":1,"skipped":0,"pct":100},"branches":{"total":0,"covered":0,"skipped":0,"pct":100}}
,"Z:\\Playground\\CurrentWorking\\MediaPlayerX\\src\\store\\useUiStore.ts": {"lines":{"total":22,"covered":20,"skipped":0,"pct":90.9},"functions":{"total":9,"covered":8,"skipped":0,"pct":88.88},"statements":{"total":26,"covered":24,"skipped":0,"pct":92.3},"branches":{"total":4,"covered":3,"skipped":0,"pct":75}}
,"Z:\\Playground\\CurrentWorking\\MediaPlayerX\\src\\styles\\themes\\presets\\_template.css": {"lines":{"total":0,"covered":0,"skipped":0,"pct":0},"functions":{"total":0,"covered":0,"skipped":0,"pct":0},"statements":{"total":0,"covered":0,"skipped":0,"pct":0},"branches":{"total":0,"covered":0,"skipped":0,"pct":0}}
,"Z:\\Playground\\CurrentWorking\\MediaPlayerX\\src\\styles\\themes\\presets\\aurora-sand.css": {"lines":{"total":0,"covered":0,"skipped":0,"pct":0},"functions":{"total":0,"covered":0,"skipped":0,"pct":0},"statements":{"total":0,"covered":0,"skipped":0,"pct":0},"branches":{"total":0,"covered":0,"skipped":0,"pct":0}}
,"Z:\\Playground\\CurrentWorking\\MediaPlayerX\\src\\styles\\themes\\presets\\catppuccin-mocha.css": {"lines":{"total":0,"covered":0,"skipped":0,"pct":0},"functions":{"total":0,"covered":0,"skipped":0,"pct":0},"statements":{"total":0,"covered":0,"skipped":0,"pct":0},"branches":{"total":0,"covered":0,"skipped":0,"pct":0}}
,"Z:\\Playground\\CurrentWorking\\MediaPlayerX\\src\\styles\\themes\\presets\\dracula-dark.css": {"lines":{"total":0,"covered":0,"skipped":0,"pct":0},"functions":{"total":0,"covered":0,"skipped":0,"pct":0},"statements":{"total":0,"covered":0,"skipped":0,"pct":0},"branches":{"total":0,"covered":0,"skipped":0,"pct":0}}
,"Z:\\Playground\\CurrentWorking\\MediaPlayerX\\src\\styles\\themes\\presets\\geist-light.css": {"lines":{"total":0,"covered":0,"skipped":0,"pct":0},"functions":{"total":0,"covered":0,"skipped":0,"pct":0},"statements":{"total":0,"covered":0,"skipped":0,"pct":0},"branches":{"total":0,"covered":0,"skipped":0,"pct":0}}
,"Z:\\Playground\\CurrentWorking\\MediaPlayerX\\src\\styles\\themes\\presets\\github-dimmed.css": {"lines":{"total":0,"covered":0,"skipped":0,"pct":0},"functions":{"total":0,"covered":0,"skipped":0,"pct":0},"statements":{"total":0,"covered":0,"skipped":0,"pct":0},"branches":{"total":0,"covered":0,"skipped":0,"pct":0}}
,"Z:\\Playground\\CurrentWorking\\MediaPlayerX\\src\\styles\\themes\\presets\\gruvbox-dark.css": {"lines":{"total":0,"covered":0,"skipped":0,"pct":0},"functions":{"total":0,"covered":0,"skipped":0,"pct":0},"statements":{"total":0,"covered":0,"skipped":0,"pct":0},"branches":{"total":0,"covered":0,"skipped":0,"pct":0}}
,"Z:\\Playground\\CurrentWorking\\MediaPlayerX\\src\\styles\\themes\\presets\\linear-dark.css": {"lines":{"total":0,"covered":0,"skipped":0,"pct":0},"functions":{"total":0,"covered":0,"skipped":0,"pct":0},"statements":{"total":0,"covered":0,"skipped":0,"pct":0},"branches":{"total":0,"covered":0,"skipped":0,"pct":0}}
,"Z:\\Playground\\CurrentWorking\\MediaPlayerX\\src\\styles\\themes\\presets\\nord-dark.css": {"lines":{"total":0,"covered":0,"skipped":0,"pct":0},"functions":{"total":0,"covered":0,"skipped":0,"pct":0},"statements":{"total":0,"covered":0,"skipped":0,"pct":0},"branches":{"total":0,"covered":0,"skipped":0,"pct":0}}
,"Z:\\Playground\\CurrentWorking\\MediaPlayerX\\src\\styles\\themes\\presets\\rose-pine.css": {"lines":{"total":0,"covered":0,"skipped":0,"pct":0},"functions":{"total":0,"covered":0,"skipped":0,"pct":0},"statements":{"total":0,"covered":0,"skipped":0,"pct":0},"branches":{"total":0,"covered":0,"skipped":0,"pct":0}}
,"Z:\\Playground\\CurrentWorking\\MediaPlayerX\\src\\styles\\themes\\presets\\solarized-dark.css": {"lines":{"total":0,"covered":0,"skipped":0,"pct":0},"functions":{"total":0,"covered":0,"skipped":0,"pct":0},"statements":{"total":0,"covered":0,"skipped":0,"pct":0},"branches":{"total":0,"covered":0,"skipped":0,"pct":0}}
,"Z:\\Playground\\CurrentWorking\\MediaPlayerX\\src\\styles\\themes\\presets\\tokyo-night.css": {"lines":{"total":0,"covered":0,"skipped":0,"pct":0},"functions":{"total":0,"covered":0,"skipped":0,"pct":0},"statements":{"total":0,"covered":0,"skipped":0,"pct":0},"branches":{"total":0,"covered":0,"skipped":0,"pct":0}}
,"Z:\\Playground\\CurrentWorking\\MediaPlayerX\\src\\styles\\themes\\presets\\goodtheme\\atelier-signal.css": {"lines":{"total":0,"covered":0,"skipped":0,"pct":0},"functions":{"total":0,"covered":0,"skipped":0,"pct":0},"statements":{"total":0,"covered":0,"skipped":0,"pct":0},"branches":{"total":0,"covered":0,"skipped":0,"pct":0}}
,"Z:\\Playground\\CurrentWorking\\MediaPlayerX\\src\\styles\\themes\\presets\\goodtheme\\clean-light.css": {"lines":{"total":0,"covered":0,"skipped":0,"pct":0},"functions":{"total":0,"covered":0,"skipped":0,"pct":0},"statements":{"total":0,"covered":0,"skipped":0,"pct":0},"branches":{"total":0,"covered":0,"skipped":0,"pct":0}}
,"Z:\\Playground\\CurrentWorking\\MediaPlayerX\\src\\styles\\themes\\presets\\goodtheme\\glassmorphism.css": {"lines":{"total":0,"covered":0,"skipped":0,"pct":0},"functions":{"total":0,"covered":0,"skipped":0,"pct":0},"statements":{"total":0,"covered":0,"skipped":0,"pct":0},"branches":{"total":0,"covered":0,"skipped":0,"pct":0}}
,"Z:\\Playground\\CurrentWorking\\MediaPlayerX\\src\\styles\\themes\\presets\\goodtheme\\matrix-mint.css": {"lines":{"total":0,"covered":0,"skipped":0,"pct":0},"functions":{"total":0,"covered":0,"skipped":0,"pct":0},"statements":{"total":0,"covered":0,"skipped":0,"pct":0},"branches":{"total":0,"covered":0,"skipped":0,"pct":0}}
,"Z:\\Playground\\CurrentWorking\\MediaPlayerX\\src\\styles\\themes\\presets\\goodtheme\\midnight-cinema.css": {"lines":{"total":0,"covered":0,"skipped":0,"pct":0},"functions":{"total":0,"covered":0,"skipped":0,"pct":0},"statements":{"total":0,"covered":0,"skipped":0,"pct":0},"branches":{"total":0,"covered":0,"skipped":0,"pct":0}}
,"Z:\\Playground\\CurrentWorking\\MediaPlayerX\\src\\styles\\themes\\presets\\goodtheme\\professional-dark.css": {"lines":{"total":0,"covered":0,"skipped":0,"pct":0},"functions":{"total":0,"covered":0,"skipped":0,"pct":0},"statements":{"total":0,"covered":0,"skipped":0,"pct":0},"branches":{"total":0,"covered":0,"skipped":0,"pct":0}}
,"Z:\\Playground\\CurrentWorking\\MediaPlayerX\\src\\styles\\themes\\presets\\goodtheme\\vibrant-pop.css": {"lines":{"total":0,"covered":0,"skipped":0,"pct":0},"functions":{"total":0,"covered":0,"skipped":0,"pct":0},"statements":{"total":0,"covered":0,"skipped":0,"pct":0},"branches":{"total":0,"covered":0,"skipped":0,"pct":0}}
,"Z:\\Playground\\CurrentWorking\\MediaPlayerX\\src\\utils\\mediaHelpers.ts": {"lines":{"total":88,"covered":10,"skipped":0,"pct":11.36},"functions":{"total":18,"covered":2,"skipped":0,"pct":11.11},"statements":{"total":93,"covered":10,"skipped":0,"pct":10.75},"branches":{"total":80,"covered":3,"skipped":0,"pct":3.75}}
,"Z:\\Playground\\CurrentWorking\\MediaPlayerX\\src\\utils\\ui.ts": {"lines":{"total":9,"covered":9,"skipped":0,"pct":100},"functions":{"total":3,"covered":3,"skipped":0,"pct":100},"statements":{"total":9,"covered":9,"skipped":0,"pct":100},"branches":{"total":6,"covered":6,"skipped":0,"pct":100}}
}
