{"total": {"lines":{"total":14923,"covered":8776,"skipped":0,"pct":58.8},"statements":{"total":15491,"covered":9072,"skipped":0,"pct":58.56},"functions":{"total":3333,"covered":1984,"skipped":0,"pct":59.52},"branches":{"total":10161,"covered":5340,"skipped":0,"pct":52.55},"branchesTrue":{"total":0,"covered":0,"skipped":0,"pct":100}}
,"Z:\\Playground\\CurrentWorking\\MediaPlayerX\\electron\\archiveWasmExtractor.ts": {"lines":{"total":311,"covered":44,"skipped":0,"pct":14.14},"functions":{"total":51,"covered":9,"skipped":0,"pct":17.64},"statements":{"total":324,"covered":46,"skipped":0,"pct":14.19},"branches":{"total":114,"covered":15,"skipped":0,"pct":13.15}}
,"Z:\\Playground\\CurrentWorking\\MediaPlayerX\\electron\\channels.ts": {"lines":{"total":4,"covered":4,"skipped":0,"pct":100},"functions":{"total":0,"covered":0,"skipped":0,"pct":100},"statements":{"total":4,"covered":4,"skipped":0,"pct":100},"branches":{"total":0,"covered":0,"skipped":0,"pct":100}}
,"Z:\\Playground\\CurrentWorking\\MediaPlayerX\\electron\\externalUrlPolicy.ts": {"lines":{"total":29,"covered":27,"skipped":0,"pct":93.1},"functions":{"total":4,"covered":4,"skipped":0,"pct":100},"statements":{"total":29,"covered":27,"skipped":0,"pct":93.1},"branches":{"total":21,"covered":20,"skipped":0,"pct":95.23}}
,"Z:\\Playground\\CurrentWorking\\MediaPlayerX\\electron\\fileSystemArchiveNormalizeHelpers.ts": {"lines":{"total":18,"covered":1,"skipped":0,"pct":5.55},"functions":{"total":2,"covered":0,"skipped":0,"pct":0},"statements":{"total":18,"covered":1,"skipped":0,"pct":5.55},"branches":{"total":12,"covered":0,"skipped":0,"pct":0}}
,"Z:\\Playground\\CurrentWorking\\MediaPlayerX\\electron\\fileSystemAsyncUtils.ts": {"lines":{"total":14,"covered":14,"skipped":0,"pct":100},"functions":{"total":2,"covered":2,"skipped":0,"pct":100},"statements":{"total":14,"covered":14,"skipped":0,"pct":100},"branches":{"total":4,"covered":4,"skipped":0,"pct":100}}
,"Z:\\Playground\\CurrentWorking\\MediaPlayerX\\electron\\fileSystemFileCollector.ts": {"lines":{"total":106,"covered":92,"skipped":0,"pct":86.79},"functions":{"total":18,"covered":13,"skipped":0,"pct":72.22},"statements":{"total":117,"covered":98,"skipped":0,"pct":83.76},"branches":{"total":82,"covered":67,"skipped":0,"pct":81.7}}
,"Z:\\Playground\\CurrentWorking\\MediaPlayerX\\electron\\fileSystemImportTasks.ts": {"lines":{"total":106,"covered":88,"skipped":0,"pct":83.01},"functions":{"total":5,"covered":3,"skipped":0,"pct":60},"statements":{"total":109,"covered":89,"skipped":0,"pct":81.65},"branches":{"total":77,"covered":60,"skipped":0,"pct":77.92}}
,"Z:\\Playground\\CurrentWorking\\MediaPlayerX\\electron\\fileSystemMediaAccessGuard.ts": {"lines":{"total":42,"covered":40,"skipped":0,"pct":95.23},"functions":{"total":5,"covered":4,"skipped":0,"pct":80},"statements":{"total":44,"covered":41,"skipped":0,"pct":93.18},"branches":{"total":40,"covered":37,"skipped":0,"pct":92.5}}
,"Z:\\Playground\\CurrentWorking\\MediaPlayerX\\electron\\fileSystemMediaReaders.ts": {"lines":{"total":53,"covered":16,"skipped":0,"pct":30.18},"functions":{"total":4,"covered":2,"skipped":0,"pct":50},"statements":{"total":53,"covered":16,"skipped":0,"pct":30.18},"branches":{"total":22,"covered":4,"skipped":0,"pct":18.18}}
,"Z:\\Playground\\CurrentWorking\\MediaPlayerX\\electron\\fileSystemMetadataWriters.ts": {"lines":{"total":47,"covered":45,"skipped":0,"pct":95.74},"functions":{"total":4,"covered":4,"skipped":0,"pct":100},"statements":{"total":49,"covered":47,"skipped":0,"pct":95.91},"branches":{"total":27,"covered":19,"skipped":0,"pct":70.37}}
,"Z:\\Playground\\CurrentWorking\\MediaPlayerX\\electron\\fileSystemReadFacade.ts": {"lines":{"total":203,"covered":151,"skipped":0,"pct":74.38},"functions":{"total":117,"covered":83,"skipped":0,"pct":70.94},"statements":{"total":206,"covered":154,"skipped":0,"pct":74.75},"branches":{"total":47,"covered":35,"skipped":0,"pct":74.46}}
,"Z:\\Playground\\CurrentWorking\\MediaPlayerX\\electron\\fileSystemReadService.ts": {"lines":{"total":0,"covered":0,"skipped":0,"pct":0},"functions":{"total":0,"covered":0,"skipped":0,"pct":0},"statements":{"total":0,"covered":0,"skipped":0,"pct":0},"branches":{"total":0,"covered":0,"skipped":0,"pct":0}}
,"Z:\\Playground\\CurrentWorking\\MediaPlayerX\\electron\\fileSystemRuntimeHelpers.ts": {"lines":{"total":86,"covered":70,"skipped":0,"pct":81.39},"functions":{"total":21,"covered":15,"skipped":0,"pct":71.42},"statements":{"total":90,"covered":72,"skipped":0,"pct":80},"branches":{"total":84,"covered":57,"skipped":0,"pct":67.85}}
,"Z:\\Playground\\CurrentWorking\\MediaPlayerX\\electron\\fileSystemServiceHelpers.ts": {"lines":{"total":146,"covered":62,"skipped":0,"pct":42.46},"functions":{"total":31,"covered":17,"skipped":0,"pct":54.83},"statements":{"total":149,"covered":63,"skipped":0,"pct":42.28},"branches":{"total":132,"covered":31,"skipped":0,"pct":23.48}}
,"Z:\\Playground\\CurrentWorking\\MediaPlayerX\\electron\\fileSystemSidebarTree.ts": {"lines":{"total":79,"covered":78,"skipped":0,"pct":98.73},"functions":{"total":11,"covered":11,"skipped":0,"pct":100},"statements":{"total":83,"covered":82,"skipped":0,"pct":98.79},"branches":{"total":34,"covered":29,"skipped":0,"pct":85.29}}
,"Z:\\Playground\\CurrentWorking\\MediaPlayerX\\electron\\fileSystemSourceFactories.ts": {"lines":{"total":19,"covered":19,"skipped":0,"pct":100},"functions":{"total":7,"covered":7,"skipped":0,"pct":100},"statements":{"total":20,"covered":20,"skipped":0,"pct":100},"branches":{"total":15,"covered":11,"skipped":0,"pct":73.33}}
,"Z:\\Playground\\CurrentWorking\\MediaPlayerX\\electron\\fileSystemSourceFilter.ts": {"lines":{"total":6,"covered":5,"skipped":0,"pct":83.33},"functions":{"total":3,"covered":3,"skipped":0,"pct":100},"statements":{"total":6,"covered":5,"skipped":0,"pct":83.33},"branches":{"total":2,"covered":1,"skipped":0,"pct":50}}
,"Z:\\Playground\\CurrentWorking\\MediaPlayerX\\electron\\fileSystemStreamHelpers.ts": {"lines":{"total":35,"covered":5,"skipped":0,"pct":14.28},"functions":{"total":4,"covered":1,"skipped":0,"pct":25},"statements":{"total":36,"covered":5,"skipped":0,"pct":13.88},"branches":{"total":33,"covered":5,"skipped":0,"pct":15.15}}
,"Z:\\Playground\\CurrentWorking\\MediaPlayerX\\electron\\fileSystemThumbnailResolver.ts": {"lines":{"total":96,"covered":70,"skipped":0,"pct":72.91},"functions":{"total":15,"covered":10,"skipped":0,"pct":66.66},"statements":{"total":100,"covered":71,"skipped":0,"pct":71},"branches":{"total":48,"covered":26,"skipped":0,"pct":54.16}}
,"Z:\\Playground\\CurrentWorking\\MediaPlayerX\\electron\\fileSystemVideoCoverCapture.ts": {"lines":{"total":15,"covered":9,"skipped":0,"pct":60},"functions":{"total":3,"covered":1,"skipped":0,"pct":33.33},"statements":{"total":16,"covered":9,"skipped":0,"pct":56.25},"branches":{"total":12,"covered":5,"skipped":0,"pct":41.66}}
,"Z:\\Playground\\CurrentWorking\\MediaPlayerX\\electron\\fileSystemZipStoreWriter.ts": {"lines":{"total":93,"covered":70,"skipped":0,"pct":75.26},"functions":{"total":7,"covered":4,"skipped":0,"pct":57.14},"statements":{"total":97,"covered":73,"skipped":0,"pct":75.25},"branches":{"total":10,"covered":3,"skipped":0,"pct":30}}
,"Z:\\Playground\\CurrentWorking\\MediaPlayerX\\electron\\mediaLibraryAppStateStore.ts": {"lines":{"total":25,"covered":25,"skipped":0,"pct":100},"functions":{"total":16,"covered":16,"skipped":0,"pct":100},"statements":{"total":25,"covered":25,"skipped":0,"pct":100},"branches":{"total":18,"covered":18,"skipped":0,"pct":100}}
,"Z:\\Playground\\CurrentWorking\\MediaPlayerX\\electron\\mediaLibraryDatabase.ts": {"lines":{"total":73,"covered":66,"skipped":0,"pct":90.41},"functions":{"total":35,"covered":30,"skipped":0,"pct":85.71},"statements":{"total":73,"covered":66,"skipped":0,"pct":90.41},"branches":{"total":6,"covered":5,"skipped":0,"pct":83.33}}
,"Z:\\Playground\\CurrentWorking\\MediaPlayerX\\electron\\mediaLibraryMetadataStore.ts": {"lines":{"total":25,"covered":17,"skipped":0,"pct":68},"functions":{"total":20,"covered":14,"skipped":0,"pct":70},"statements":{"total":26,"covered":18,"skipped":0,"pct":69.23},"branches":{"total":6,"covered":3,"skipped":0,"pct":50}}
,"Z:\\Playground\\CurrentWorking\\MediaPlayerX\\electron\\mediaLibraryPlaylistStore.ts": {"lines":{"total":17,"covered":17,"skipped":0,"pct":100},"functions":{"total":7,"covered":7,"skipped":0,"pct":100},"statements":{"total":20,"covered":20,"skipped":0,"pct":100},"branches":{"total":0,"covered":0,"skipped":0,"pct":100}}
,"Z:\\Playground\\CurrentWorking\\MediaPlayerX\\electron\\mediaLibrarySchema.ts": {"lines":{"total":33,"covered":33,"skipped":0,"pct":100},"functions":{"total":1,"covered":1,"skipped":0,"pct":100},"statements":{"total":33,"covered":33,"skipped":0,"pct":100},"branches":{"total":18,"covered":10,"skipped":0,"pct":55.55}}
,"Z:\\Playground\\CurrentWorking\\MediaPlayerX\\electron\\mediaLibrarySnapshotStore.ts": {"lines":{"total":124,"covered":118,"skipped":0,"pct":95.16},"functions":{"total":26,"covered":26,"skipped":0,"pct":100},"statements":{"total":135,"covered":129,"skipped":0,"pct":95.55},"branches":{"total":120,"covered":68,"skipped":0,"pct":56.66}}
,"Z:\\Playground\\CurrentWorking\\MediaPlayerX\\electron\\mediaLibraryStoreUtils.ts": {"lines":{"total":6,"covered":5,"skipped":0,"pct":83.33},"functions":{"total":2,"covered":2,"skipped":0,"pct":100},"statements":{"total":6,"covered":5,"skipped":0,"pct":83.33},"branches":{"total":2,"covered":1,"skipped":0,"pct":50}}
,"Z:\\Playground\\CurrentWorking\\MediaPlayerX\\electron\\mediaLibraryTaskStore.ts": {"lines":{"total":8,"covered":7,"skipped":0,"pct":87.5},"functions":{"total":5,"covered":5,"skipped":0,"pct":100},"statements":{"total":9,"covered":8,"skipped":0,"pct":88.88},"branches":{"total":2,"covered":1,"skipped":0,"pct":50}}
,"Z:\\Playground\\CurrentWorking\\MediaPlayerX\\electron\\zipArchiveHelpers.ts": {"lines":{"total":103,"covered":83,"skipped":0,"pct":80.58},"functions":{"total":8,"covered":8,"skipped":0,"pct":100},"statements":{"total":105,"covered":85,"skipped":0,"pct":80.95},"branches":{"total":46,"covered":27,"skipped":0,"pct":58.69}}
,"Z:\\Playground\\CurrentWorking\\MediaPlayerX\\electron\\facade\\FileSystemLibraryHandlers.ts": {"lines":{"total":16,"covered":13,"skipped":0,"pct":81.25},"functions":{"total":15,"covered":12,"skipped":0,"pct":80},"statements":{"total":16,"covered":13,"skipped":0,"pct":81.25},"branches":{"total":0,"covered":0,"skipped":0,"pct":100}}
,"Z:\\Playground\\CurrentWorking\\MediaPlayerX\\electron\\facade\\FileSystemManagementHandlers.ts": {"lines":{"total":9,"covered":3,"skipped":0,"pct":33.33},"functions":{"total":9,"covered":3,"skipped":0,"pct":33.33},"statements":{"total":9,"covered":3,"skipped":0,"pct":33.33},"branches":{"total":0,"covered":0,"skipped":0,"pct":100}}
,"Z:\\Playground\\CurrentWorking\\MediaPlayerX\\electron\\facade\\FileSystemSystemHandlers.ts": {"lines":{"total":15,"covered":9,"skipped":0,"pct":60},"functions":{"total":14,"covered":9,"skipped":0,"pct":64.28},"statements":{"total":15,"covered":9,"skipped":0,"pct":60},"branches":{"total":0,"covered":0,"skipped":0,"pct":100}}
,"Z:\\Playground\\CurrentWorking\\MediaPlayerX\\electron\\manageAdReview\\adReviewEngine.ts": {"lines":{"total":142,"covered":126,"skipped":0,"pct":88.73},"functions":{"total":22,"covered":20,"skipped":0,"pct":90.9},"statements":{"total":148,"covered":132,"skipped":0,"pct":89.18},"branches":{"total":68,"covered":49,"skipped":0,"pct":72.05}}
,"Z:\\Playground\\CurrentWorking\\MediaPlayerX\\electron\\manageAdReview\\concurrency.ts": {"lines":{"total":24,"covered":18,"skipped":0,"pct":75},"functions":{"total":6,"covered":5,"skipped":0,"pct":83.33},"statements":{"total":25,"covered":19,"skipped":0,"pct":76},"branches":{"total":9,"covered":6,"skipped":0,"pct":66.66}}
,"Z:\\Playground\\CurrentWorking\\MediaPlayerX\\electron\\manageAdReview\\hashStore.ts": {"lines":{"total":14,"covered":9,"skipped":0,"pct":64.28},"functions":{"total":6,"covered":4,"skipped":0,"pct":66.66},"statements":{"total":14,"covered":9,"skipped":0,"pct":64.28},"branches":{"total":5,"covered":2,"skipped":0,"pct":40}}
,"Z:\\Playground\\CurrentWorking\\MediaPlayerX\\electron\\manageAdReview\\index.ts": {"lines":{"total":0,"covered":0,"skipped":0,"pct":0},"functions":{"total":0,"covered":0,"skipped":0,"pct":0},"statements":{"total":0,"covered":0,"skipped":0,"pct":0},"branches":{"total":0,"covered":0,"skipped":0,"pct":0}}
,"Z:\\Playground\\CurrentWorking\\MediaPlayerX\\electron\\manageAdReview\\jsonExtract.ts": {"lines":{"total":72,"covered":59,"skipped":0,"pct":81.94},"functions":{"total":7,"covered":7,"skipped":0,"pct":100},"statements":{"total":73,"covered":60,"skipped":0,"pct":82.19},"branches":{"total":59,"covered":32,"skipped":0,"pct":54.23}}
,"Z:\\Playground\\CurrentWorking\\MediaPlayerX\\electron\\manageAdReview\\openAiVisionClient.ts": {"lines":{"total":113,"covered":64,"skipped":0,"pct":56.63},"functions":{"total":11,"covered":7,"skipped":0,"pct":63.63},"statements":{"total":113,"covered":64,"skipped":0,"pct":56.63},"branches":{"total":115,"covered":40,"skipped":0,"pct":34.78}}
,"Z:\\Playground\\CurrentWorking\\MediaPlayerX\\electron\\manageAdReview\\prompts.ts": {"lines":{"total":2,"covered":2,"skipped":0,"pct":100},"functions":{"total":0,"covered":0,"skipped":0,"pct":100},"statements":{"total":2,"covered":2,"skipped":0,"pct":100},"branches":{"total":0,"covered":0,"skipped":0,"pct":100}}
,"Z:\\Playground\\CurrentWorking\\MediaPlayerX\\electron\\services\\file-system-read\\archiveNormalizationService.ts": {"lines":{"total":163,"covered":39,"skipped":0,"pct":23.92},"functions":{"total":29,"covered":9,"skipped":0,"pct":31.03},"statements":{"total":163,"covered":39,"skipped":0,"pct":23.92},"branches":{"total":96,"covered":17,"skipped":0,"pct":17.7}}
,"Z:\\Playground\\CurrentWorking\\MediaPlayerX\\electron\\services\\file-system-read\\fileSystemReadFacadeConfig.ts": {"lines":{"total":24,"covered":23,"skipped":0,"pct":95.83},"functions":{"total":1,"covered":1,"skipped":0,"pct":100},"statements":{"total":24,"covered":23,"skipped":0,"pct":95.83},"branches":{"total":8,"covered":6,"skipped":0,"pct":75}}
,"Z:\\Playground\\CurrentWorking\\MediaPlayerX\\electron\\services\\file-system-read\\importPathRegistry.ts": {"lines":{"total":65,"covered":45,"skipped":0,"pct":69.23},"functions":{"total":22,"covered":18,"skipped":0,"pct":81.81},"statements":{"total":69,"covered":47,"skipped":0,"pct":68.11},"branches":{"total":12,"covered":7,"skipped":0,"pct":58.33}}
,"Z:\\Playground\\CurrentWorking\\MediaPlayerX\\electron\\services\\file-system-read\\importTaskService.ts": {"lines":{"total":62,"covered":29,"skipped":0,"pct":46.77},"functions":{"total":16,"covered":11,"skipped":0,"pct":68.75},"statements":{"total":64,"covered":31,"skipped":0,"pct":48.43},"branches":{"total":40,"covered":13,"skipped":0,"pct":32.5}}
,"Z:\\Playground\\CurrentWorking\\MediaPlayerX\\electron\\services\\file-system-read\\libraryReadWriteService.ts": {"lines":{"total":194,"covered":98,"skipped":0,"pct":50.51},"functions":{"total":39,"covered":22,"skipped":0,"pct":56.41},"statements":{"total":206,"covered":106,"skipped":0,"pct":51.45},"branches":{"total":115,"covered":36,"skipped":0,"pct":31.3}}
,"Z:\\Playground\\CurrentWorking\\MediaPlayerX\\electron\\services\\file-system-read\\librarySnapshotService.ts": {"lines":{"total":243,"covered":181,"skipped":0,"pct":74.48},"functions":{"total":61,"covered":46,"skipped":0,"pct":75.4},"statements":{"total":258,"covered":192,"skipped":0,"pct":74.41},"branches":{"total":156,"covered":116,"skipped":0,"pct":74.35}}
,"Z:\\Playground\\CurrentWorking\\MediaPlayerX\\electron\\services\\file-system-read\\manageAdReviewService.ts": {"lines":{"total":413,"covered":325,"skipped":0,"pct":78.69},"functions":{"total":74,"covered":63,"skipped":0,"pct":85.13},"statements":{"total":435,"covered":343,"skipped":0,"pct":78.85},"branches":{"total":267,"covered":159,"skipped":0,"pct":59.55}}
,"Z:\\Playground\\CurrentWorking\\MediaPlayerX\\electron\\services\\file-system-read\\manageAdReviewService.utils.ts": {"lines":{"total":133,"covered":66,"skipped":0,"pct":49.62},"functions":{"total":24,"covered":16,"skipped":0,"pct":66.66},"statements":{"total":134,"covered":67,"skipped":0,"pct":50},"branches":{"total":77,"covered":23,"skipped":0,"pct":29.87}}
,"Z:\\Playground\\CurrentWorking\\MediaPlayerX\\electron\\services\\file-system-read\\managementMutationService.ts": {"lines":{"total":269,"covered":205,"skipped":0,"pct":76.2},"functions":{"total":27,"covered":21,"skipped":0,"pct":77.77},"statements":{"total":279,"covered":210,"skipped":0,"pct":75.26},"branches":{"total":133,"covered":73,"skipped":0,"pct":54.88}}
,"Z:\\Playground\\CurrentWorking\\MediaPlayerX\\electron\\services\\file-system-read\\mediaResourceService.ts": {"lines":{"total":47,"covered":39,"skipped":0,"pct":82.97},"functions":{"total":9,"covered":8,"skipped":0,"pct":88.88},"statements":{"total":48,"covered":40,"skipped":0,"pct":83.33},"branches":{"total":22,"covered":14,"skipped":0,"pct":63.63}}
,"Z:\\Playground\\CurrentWorking\\MediaPlayerX\\electron\\services\\file-system-read\\mediaTokenService.ts": {"lines":{"total":35,"covered":34,"skipped":0,"pct":97.14},"functions":{"total":6,"covered":5,"skipped":0,"pct":83.33},"statements":{"total":35,"covered":34,"skipped":0,"pct":97.14},"branches":{"total":10,"covered":10,"skipped":0,"pct":100}}
,"Z:\\Playground\\CurrentWorking\\MediaPlayerX\\electron\\services\\file-system-read\\runtimeDependencyService.ts": {"lines":{"total":15,"covered":15,"skipped":0,"pct":100},"functions":{"total":5,"covered":5,"skipped":0,"pct":100},"statements":{"total":15,"covered":15,"skipped":0,"pct":100},"branches":{"total":43,"covered":28,"skipped":0,"pct":65.11}}
,"Z:\\Playground\\CurrentWorking\\MediaPlayerX\\electron\\services\\file-system-read\\serviceEventBus.ts": {"lines":{"total":18,"covered":17,"skipped":0,"pct":94.44},"functions":{"total":5,"covered":5,"skipped":0,"pct":100},"statements":{"total":18,"covered":17,"skipped":0,"pct":94.44},"branches":{"total":10,"covered":8,"skipped":0,"pct":80}}
,"Z:\\Playground\\CurrentWorking\\MediaPlayerX\\electron\\test-utils\\mediaLibraryFixtures.ts": {"lines":{"total":20,"covered":20,"skipped":0,"pct":100},"functions":{"total":9,"covered":9,"skipped":0,"pct":100},"statements":{"total":20,"covered":20,"skipped":0,"pct":100},"branches":{"total":22,"covered":15,"skipped":0,"pct":68.18}}
,"Z:\\Playground\\CurrentWorking\\MediaPlayerX\\electron\\test-utils\\sqliteHarness.ts": {"lines":{"total":13,"covered":13,"skipped":0,"pct":100},"functions":{"total":3,"covered":3,"skipped":0,"pct":100},"statements":{"total":13,"covered":13,"skipped":0,"pct":100},"branches":{"total":0,"covered":0,"skipped":0,"pct":100}}
,"Z:\\Playground\\CurrentWorking\\MediaPlayerX\\src\\App.css": {"lines":{"total":0,"covered":0,"skipped":0,"pct":0},"functions":{"total":0,"covered":0,"skipped":0,"pct":0},"statements":{"total":0,"covered":0,"skipped":0,"pct":0},"branches":{"total":0,"covered":0,"skipped":0,"pct":0}}
,"Z:\\Playground\\CurrentWorking\\MediaPlayerX\\src\\App.tsx": {"lines":{"total":2,"covered":2,"skipped":0,"pct":100},"functions":{"total":1,"covered":1,"skipped":0,"pct":100},"statements":{"total":2,"covered":2,"skipped":0,"pct":100},"branches":{"total":0,"covered":0,"skipped":0,"pct":100}}
,"Z:\\Playground\\CurrentWorking\\MediaPlayerX\\src\\mockData.ts": {"lines":{"total":220,"covered":178,"skipped":0,"pct":80.9},"functions":{"total":36,"covered":24,"skipped":0,"pct":66.66},"statements":{"total":234,"covered":188,"skipped":0,"pct":80.34},"branches":{"total":105,"covered":78,"skipped":0,"pct":74.28}}
,"Z:\\Playground\\CurrentWorking\\MediaPlayerX\\src\\shortcuts.ts": {"lines":{"total":138,"covered":115,"skipped":0,"pct":83.33},"functions":{"total":18,"covered":13,"skipped":0,"pct":72.22},"statements":{"total":181,"covered":126,"skipped":0,"pct":69.61},"branches":{"total":163,"covered":109,"skipped":0,"pct":66.87}}
,"Z:\\Playground\\CurrentWorking\\MediaPlayerX\\src\\types.ts": {"lines":{"total":3,"covered":3,"skipped":0,"pct":100},"functions":{"total":0,"covered":0,"skipped":0,"pct":100},"statements":{"total":3,"covered":3,"skipped":0,"pct":100},"branches":{"total":0,"covered":0,"skipped":0,"pct":100}}
,"Z:\\Playground\\CurrentWorking\\MediaPlayerX\\src\\assets\\EscapeBufferAIChannel0.png": {"lines":{"total":0,"covered":0,"skipped":0,"pct":0},"functions":{"total":0,"covered":0,"skipped":0,"pct":0},"statements":{"total":0,"covered":0,"skipped":0,"pct":0},"branches":{"total":0,"covered":0,"skipped":0,"pct":0}}
,"Z:\\Playground\\CurrentWorking\\MediaPlayerX\\src\\assets\\EscapeBufferAIChannel1.png": {"lines":{"total":0,"covered":0,"skipped":0,"pct":0},"functions":{"total":0,"covered":0,"skipped":0,"pct":0},"statements":{"total":0,"covered":0,"skipped":0,"pct":0},"branches":{"total":0,"covered":0,"skipped":0,"pct":0}}
,"Z:\\Playground\\CurrentWorking\\MediaPlayerX\\src\\assets\\EscapeImageIChannel0.png": {"lines":{"total":0,"covered":0,"skipped":0,"pct":0},"functions":{"total":0,"covered":0,"skipped":0,"pct":0},"statements":{"total":0,"covered":0,"skipped":0,"pct":0},"branches":{"total":0,"covered":0,"skipped":0,"pct":0}}
,"Z:\\Playground\\CurrentWorking\\MediaPlayerX\\src\\assets\\iChannel1.png": {"lines":{"total":0,"covered":0,"skipped":0,"pct":0},"functions":{"total":0,"covered":0,"skipped":0,"pct":0},"statements":{"total":0,"covered":0,"skipped":0,"pct":0},"branches":{"total":0,"covered":0,"skipped":0,"pct":0}}
,"Z:\\Playground\\CurrentWorking\\MediaPlayerX\\src\\assets\\iChannel3.png": {"lines":{"total":0,"covered":0,"skipped":0,"pct":0},"functions":{"total":0,"covered":0,"skipped":0,"pct":0},"statements":{"total":0,"covered":0,"skipped":0,"pct":0},"branches":{"total":0,"covered":0,"skipped":0,"pct":0}}
,"Z:\\Playground\\CurrentWorking\\MediaPlayerX\\src\\bench\\E2eBenchController.tsx": {"lines":{"total":233,"covered":0,"skipped":0,"pct":0},"functions":{"total":31,"covered":0,"skipped":0,"pct":0},"statements":{"total":237,"covered":0,"skipped":0,"pct":0},"branches":{"total":156,"covered":0,"skipped":0,"pct":0}}
,"Z:\\Playground\\CurrentWorking\\MediaPlayerX\\src\\components\\AppHeader.tsx": {"lines":{"total":114,"covered":48,"skipped":0,"pct":42.1},"functions":{"total":45,"covered":16,"skipped":0,"pct":35.55},"statements":{"total":117,"covered":48,"skipped":0,"pct":41.02},"branches":{"total":66,"covered":38,"skipped":0,"pct":57.57}}
,"Z:\\Playground\\CurrentWorking\\MediaPlayerX\\src\\components\\AppShell.tsx": {"lines":{"total":1,"covered":1,"skipped":0,"pct":100},"functions":{"total":1,"covered":1,"skipped":0,"pct":100},"statements":{"total":1,"covered":1,"skipped":0,"pct":100},"branches":{"total":0,"covered":0,"skipped":0,"pct":100}}
,"Z:\\Playground\\CurrentWorking\\MediaPlayerX\\src\\components\\AppTopBanners.tsx": {"lines":{"total":1,"covered":1,"skipped":0,"pct":100},"functions":{"total":1,"covered":1,"skipped":0,"pct":100},"statements":{"total":1,"covered":1,"skipped":0,"pct":100},"branches":{"total":0,"covered":0,"skipped":0,"pct":100}}
,"Z:\\Playground\\CurrentWorking\\MediaPlayerX\\src\\components\\AppWorkspace.tsx": {"lines":{"total":7,"covered":7,"skipped":0,"pct":100},"functions":{"total":1,"covered":1,"skipped":0,"pct":100},"statements":{"total":7,"covered":7,"skipped":0,"pct":100},"branches":{"total":32,"covered":24,"skipped":0,"pct":75}}
,"Z:\\Playground\\CurrentWorking\\MediaPlayerX\\src\\components\\BackendErrorBanner.tsx": {"lines":{"total":4,"covered":4,"skipped":0,"pct":100},"functions":{"total":2,"covered":2,"skipped":0,"pct":100},"statements":{"total":4,"covered":4,"skipped":0,"pct":100},"branches":{"total":2,"covered":2,"skipped":0,"pct":100}}
,"Z:\\Playground\\CurrentWorking\\MediaPlayerX\\src\\components\\DangerConfirmDialog.tsx": {"lines":{"total":8,"covered":8,"skipped":0,"pct":100},"functions":{"total":3,"covered":3,"skipped":0,"pct":100},"statements":{"total":8,"covered":8,"skipped":0,"pct":100},"branches":{"total":7,"covered":7,"skipped":0,"pct":100}}
,"Z:\\Playground\\CurrentWorking\\MediaPlayerX\\src\\components\\DragImportOverlay.tsx": {"lines":{"total":3,"covered":2,"skipped":0,"pct":66.66},"functions":{"total":1,"covered":1,"skipped":0,"pct":100},"statements":{"total":3,"covered":2,"skipped":0,"pct":66.66},"branches":{"total":2,"covered":1,"skipped":0,"pct":50}}
,"Z:\\Playground\\CurrentWorking\\MediaPlayerX\\src\\components\\E2eBenchSection.tsx": {"lines":{"total":3,"covered":2,"skipped":0,"pct":66.66},"functions":{"total":1,"covered":1,"skipped":0,"pct":100},"statements":{"total":3,"covered":2,"skipped":0,"pct":66.66},"branches":{"total":4,"covered":2,"skipped":0,"pct":50}}
,"Z:\\Playground\\CurrentWorking\\MediaPlayerX\\src\\components\\FullscreenLayer.tsx": {"lines":{"total":255,"covered":182,"skipped":0,"pct":71.37},"functions":{"total":48,"covered":31,"skipped":0,"pct":64.58},"statements":{"total":259,"covered":184,"skipped":0,"pct":71.04},"branches":{"total":197,"covered":125,"skipped":0,"pct":63.45}}
,"Z:\\Playground\\CurrentWorking\\MediaPlayerX\\src\\components\\ImageMainSection.tsx": {"lines":{"total":153,"covered":127,"skipped":0,"pct":83},"functions":{"total":35,"covered":26,"skipped":0,"pct":74.28},"statements":{"total":160,"covered":132,"skipped":0,"pct":82.5},"branches":{"total":271,"covered":215,"skipped":0,"pct":79.33}}
,"Z:\\Playground\\CurrentWorking\\MediaPlayerX\\src\\components\\ImportSourceInputs.tsx": {"lines":{"total":1,"covered":1,"skipped":0,"pct":100},"functions":{"total":1,"covered":1,"skipped":0,"pct":100},"statements":{"total":1,"covered":1,"skipped":0,"pct":100},"branches":{"total":0,"covered":0,"skipped":0,"pct":100}}
,"Z:\\Playground\\CurrentWorking\\MediaPlayerX\\src\\components\\ImportTaskPanel.tsx": {"lines":{"total":15,"covered":2,"skipped":0,"pct":13.33},"functions":{"total":5,"covered":1,"skipped":0,"pct":20},"statements":{"total":15,"covered":2,"skipped":0,"pct":13.33},"branches":{"total":28,"covered":1,"skipped":0,"pct":3.57}}
,"Z:\\Playground\\CurrentWorking\\MediaPlayerX\\src\\components\\MainUiIcon.tsx": {"lines":{"total":2,"covered":2,"skipped":0,"pct":100},"functions":{"total":1,"covered":1,"skipped":0,"pct":100},"statements":{"total":2,"covered":2,"skipped":0,"pct":100},"branches":{"total":2,"covered":2,"skipped":0,"pct":100}}
,"Z:\\Playground\\CurrentWorking\\MediaPlayerX\\src\\components\\MetadataPanel.tsx": {"lines":{"total":266,"covered":141,"skipped":0,"pct":53},"functions":{"total":50,"covered":24,"skipped":0,"pct":48},"statements":{"total":270,"covered":142,"skipped":0,"pct":52.59},"branches":{"total":191,"covered":105,"skipped":0,"pct":54.97}}
,"Z:\\Playground\\CurrentWorking\\MediaPlayerX\\src\\components\\MusicControlIcon.tsx": {"lines":{"total":2,"covered":2,"skipped":0,"pct":100},"functions":{"total":1,"covered":1,"skipped":0,"pct":100},"statements":{"total":2,"covered":2,"skipped":0,"pct":100},"branches":{"total":2,"covered":2,"skipped":0,"pct":100}}
,"Z:\\Playground\\CurrentWorking\\MediaPlayerX\\src\\components\\MusicMainSection.tsx": {"lines":{"total":304,"covered":230,"skipped":0,"pct":75.65},"functions":{"total":76,"covered":55,"skipped":0,"pct":72.36},"statements":{"total":311,"covered":235,"skipped":0,"pct":75.56},"branches":{"total":272,"covered":182,"skipped":0,"pct":66.91}}
,"Z:\\Playground\\CurrentWorking\\MediaPlayerX\\src\\components\\RuntimeWarningBanner.tsx": {"lines":{"total":4,"covered":2,"skipped":0,"pct":50},"functions":{"total":2,"covered":1,"skipped":0,"pct":50},"statements":{"total":4,"covered":2,"skipped":0,"pct":50},"branches":{"total":2,"covered":1,"skipped":0,"pct":50}}
,"Z:\\Playground\\CurrentWorking\\MediaPlayerX\\src\\components\\SettingsPanel.tsx": {"lines":{"total":190,"covered":99,"skipped":0,"pct":52.1},"functions":{"total":40,"covered":25,"skipped":0,"pct":62.5},"statements":{"total":193,"covered":102,"skipped":0,"pct":52.84},"branches":{"total":88,"covered":29,"skipped":0,"pct":32.95}}
,"Z:\\Playground\\CurrentWorking\\MediaPlayerX\\src\\components\\SidebarPanel.tsx": {"lines":{"total":139,"covered":88,"skipped":0,"pct":63.3},"functions":{"total":24,"covered":16,"skipped":0,"pct":66.66},"statements":{"total":139,"covered":88,"skipped":0,"pct":63.3},"branches":{"total":197,"covered":157,"skipped":0,"pct":79.69}}
,"Z:\\Playground\\CurrentWorking\\MediaPlayerX\\src\\components\\VideoControlIcon.tsx": {"lines":{"total":2,"covered":2,"skipped":0,"pct":100},"functions":{"total":1,"covered":1,"skipped":0,"pct":100},"statements":{"total":2,"covered":2,"skipped":0,"pct":100},"branches":{"total":2,"covered":2,"skipped":0,"pct":100}}
,"Z:\\Playground\\CurrentWorking\\MediaPlayerX\\src\\components\\VideoMainSection.tsx": {"lines":{"total":71,"covered":47,"skipped":0,"pct":66.19},"functions":{"total":24,"covered":11,"skipped":0,"pct":45.83},"statements":{"total":73,"covered":48,"skipped":0,"pct":65.75},"branches":{"total":120,"covered":77,"skipped":0,"pct":64.16}}
,"Z:\\Playground\\CurrentWorking\\MediaPlayerX\\src\\components\\imageMainSectionPreload.ts": {"lines":{"total":62,"covered":27,"skipped":0,"pct":43.54},"functions":{"total":13,"covered":4,"skipped":0,"pct":30.76},"statements":{"total":63,"covered":27,"skipped":0,"pct":42.85},"branches":{"total":26,"covered":12,"skipped":0,"pct":46.15}}
,"Z:\\Playground\\CurrentWorking\\MediaPlayerX\\src\\components\\musicMainSectionUtils.ts": {"lines":{"total":13,"covered":10,"skipped":0,"pct":76.92},"functions":{"total":3,"covered":3,"skipped":0,"pct":100},"statements":{"total":13,"covered":10,"skipped":0,"pct":76.92},"branches":{"total":12,"covered":7,"skipped":0,"pct":58.33}}
,"Z:\\Playground\\CurrentWorking\\MediaPlayerX\\src\\components\\useFullscreenFloatingControls.ts": {"lines":{"total":41,"covered":35,"skipped":0,"pct":85.36},"functions":{"total":9,"covered":9,"skipped":0,"pct":100},"statements":{"total":41,"covered":35,"skipped":0,"pct":85.36},"branches":{"total":12,"covered":7,"skipped":0,"pct":58.33}}
,"Z:\\Playground\\CurrentWorking\\MediaPlayerX\\src\\components\\fullscreen\\FullscreenFooter.tsx": {"lines":{"total":9,"covered":2,"skipped":0,"pct":22.22},"functions":{"total":9,"covered":2,"skipped":0,"pct":22.22},"statements":{"total":9,"covered":2,"skipped":0,"pct":22.22},"branches":{"total":12,"covered":11,"skipped":0,"pct":91.66}}
,"Z:\\Playground\\CurrentWorking\\MediaPlayerX\\src\\components\\fullscreen\\FullscreenPanes.tsx": {"lines":{"total":17,"covered":3,"skipped":0,"pct":17.64},"functions":{"total":8,"covered":3,"skipped":0,"pct":37.5},"statements":{"total":17,"covered":3,"skipped":0,"pct":17.64},"branches":{"total":54,"covered":27,"skipped":0,"pct":50}}
,"Z:\\Playground\\CurrentWorking\\MediaPlayerX\\src\\components\\fullscreen\\FullscreenVideoControls.tsx": {"lines":{"total":29,"covered":11,"skipped":0,"pct":37.93},"functions":{"total":18,"covered":4,"skipped":0,"pct":22.22},"statements":{"total":29,"covered":11,"skipped":0,"pct":37.93},"branches":{"total":40,"covered":23,"skipped":0,"pct":57.5}}
,"Z:\\Playground\\CurrentWorking\\MediaPlayerX\\src\\components\\fullscreen\\paneMath.ts": {"lines":{"total":46,"covered":44,"skipped":0,"pct":95.65},"functions":{"total":4,"covered":4,"skipped":0,"pct":100},"statements":{"total":46,"covered":44,"skipped":0,"pct":95.65},"branches":{"total":36,"covered":33,"skipped":0,"pct":91.66}}
,"Z:\\Playground\\CurrentWorking\\MediaPlayerX\\src\\components\\fullscreen\\useFullscreenImageSource.ts": {"lines":{"total":47,"covered":12,"skipped":0,"pct":25.53},"functions":{"total":10,"covered":2,"skipped":0,"pct":20},"statements":{"total":47,"covered":12,"skipped":0,"pct":25.53},"branches":{"total":30,"covered":6,"skipped":0,"pct":20}}
,"Z:\\Playground\\CurrentWorking\\MediaPlayerX\\src\\components\\fullscreen\\useFullscreenViewportSize.ts": {"lines":{"total":22,"covered":22,"skipped":0,"pct":100},"functions":{"total":6,"covered":5,"skipped":0,"pct":83.33},"statements":{"total":23,"covered":22,"skipped":0,"pct":95.65},"branches":{"total":4,"covered":4,"skipped":0,"pct":100}}
,"Z:\\Playground\\CurrentWorking\\MediaPlayerX\\src\\components\\metadata\\FeatureTagPickerModal.tsx": {"lines":{"total":27,"covered":2,"skipped":0,"pct":7.4},"functions":{"total":11,"covered":1,"skipped":0,"pct":9.09},"statements":{"total":28,"covered":2,"skipped":0,"pct":7.14},"branches":{"total":20,"covered":2,"skipped":0,"pct":10}}
,"Z:\\Playground\\CurrentWorking\\MediaPlayerX\\src\\components\\metadata\\MetadataAdReviewSection.tsx": {"lines":{"total":15,"covered":10,"skipped":0,"pct":66.66},"functions":{"total":13,"covered":8,"skipped":0,"pct":61.53},"statements":{"total":15,"covered":10,"skipped":0,"pct":66.66},"branches":{"total":59,"covered":35,"skipped":0,"pct":59.32}}
,"Z:\\Playground\\CurrentWorking\\MediaPlayerX\\src\\components\\metadata\\MetadataFetchPanel.tsx": {"lines":{"total":186,"covered":135,"skipped":0,"pct":72.58},"functions":{"total":55,"covered":34,"skipped":0,"pct":61.81},"statements":{"total":198,"covered":139,"skipped":0,"pct":70.2},"branches":{"total":135,"covered":99,"skipped":0,"pct":73.33}}
,"Z:\\Playground\\CurrentWorking\\MediaPlayerX\\src\\components\\metadata\\MetadataImageEditor.helpers.ts": {"lines":{"total":187,"covered":77,"skipped":0,"pct":41.17},"functions":{"total":27,"covered":17,"skipped":0,"pct":62.96},"statements":{"total":187,"covered":77,"skipped":0,"pct":41.17},"branches":{"total":207,"covered":115,"skipped":0,"pct":55.55}}
,"Z:\\Playground\\CurrentWorking\\MediaPlayerX\\src\\components\\metadata\\MetadataImageEditor.tsx": {"lines":{"total":116,"covered":26,"skipped":0,"pct":22.41},"functions":{"total":55,"covered":13,"skipped":0,"pct":23.63},"statements":{"total":133,"covered":27,"skipped":0,"pct":20.3},"branches":{"total":70,"covered":35,"skipped":0,"pct":50}}
,"Z:\\Playground\\CurrentWorking\\MediaPlayerX\\src\\components\\metadata\\MetadataMusicEditor.tsx": {"lines":{"total":43,"covered":31,"skipped":0,"pct":72.09},"functions":{"total":22,"covered":16,"skipped":0,"pct":72.72},"statements":{"total":44,"covered":32,"skipped":0,"pct":72.72},"branches":{"total":48,"covered":35,"skipped":0,"pct":72.91}}
,"Z:\\Playground\\CurrentWorking\\MediaPlayerX\\src\\components\\metadata\\MetadataRatingGroup.tsx": {"lines":{"total":36,"covered":9,"skipped":0,"pct":25},"functions":{"total":11,"covered":4,"skipped":0,"pct":36.36},"statements":{"total":36,"covered":9,"skipped":0,"pct":25},"branches":{"total":30,"covered":12,"skipped":0,"pct":40}}
,"Z:\\Playground\\CurrentWorking\\MediaPlayerX\\src\\components\\metadata\\MetadataSearchSection.tsx": {"lines":{"total":13,"covered":7,"skipped":0,"pct":53.84},"functions":{"total":13,"covered":6,"skipped":0,"pct":46.15},"statements":{"total":14,"covered":7,"skipped":0,"pct":50},"branches":{"total":14,"covered":6,"skipped":0,"pct":42.85}}
,"Z:\\Playground\\CurrentWorking\\MediaPlayerX\\src\\components\\metadata\\MetadataVideoEditor.tsx": {"lines":{"total":95,"covered":51,"skipped":0,"pct":53.68},"functions":{"total":46,"covered":19,"skipped":0,"pct":41.3},"statements":{"total":99,"covered":52,"skipped":0,"pct":52.52},"branches":{"total":87,"covered":59,"skipped":0,"pct":67.81}}
,"Z:\\Playground\\CurrentWorking\\MediaPlayerX\\src\\components\\metadata\\metadataPanelUtils.ts": {"lines":{"total":30,"covered":19,"skipped":0,"pct":63.33},"functions":{"total":8,"covered":7,"skipped":0,"pct":87.5},"statements":{"total":33,"covered":22,"skipped":0,"pct":66.66},"branches":{"total":22,"covered":11,"skipped":0,"pct":50}}
,"Z:\\Playground\\CurrentWorking\\MediaPlayerX\\src\\components\\metadata\\useMetadataImageParsedDraft.ts": {"lines":{"total":103,"covered":88,"skipped":0,"pct":85.43},"functions":{"total":26,"covered":25,"skipped":0,"pct":96.15},"statements":{"total":108,"covered":93,"skipped":0,"pct":86.11},"branches":{"total":75,"covered":52,"skipped":0,"pct":69.33}}
,"Z:\\Playground\\CurrentWorking\\MediaPlayerX\\src\\components\\settings\\renderSettingsMainSection.tsx": {"lines":{"total":49,"covered":24,"skipped":0,"pct":48.97},"functions":{"total":32,"covered":8,"skipped":0,"pct":25},"statements":{"total":50,"covered":25,"skipped":0,"pct":50},"branches":{"total":73,"covered":56,"skipped":0,"pct":76.71}}
,"Z:\\Playground\\CurrentWorking\\MediaPlayerX\\src\\components\\settings\\settingsScale.ts": {"lines":{"total":9,"covered":9,"skipped":0,"pct":100},"functions":{"total":3,"covered":3,"skipped":0,"pct":100},"statements":{"total":9,"covered":9,"skipped":0,"pct":100},"branches":{"total":0,"covered":0,"skipped":0,"pct":100}}
,"Z:\\Playground\\CurrentWorking\\MediaPlayerX\\src\\contracts\\backend.ts": {"lines":{"total":109,"covered":108,"skipped":0,"pct":99.08},"functions":{"total":2,"covered":1,"skipped":0,"pct":50},"statements":{"total":109,"covered":108,"skipped":0,"pct":99.08},"branches":{"total":2,"covered":0,"skipped":0,"pct":0}}
,"Z:\\Playground\\CurrentWorking\\MediaPlayerX\\src\\contracts\\settings.ts": {"lines":{"total":10,"covered":10,"skipped":0,"pct":100},"functions":{"total":0,"covered":0,"skipped":0,"pct":100},"statements":{"total":10,"covered":10,"skipped":0,"pct":100},"branches":{"total":0,"covered":0,"skipped":0,"pct":100}}
,"Z:\\Playground\\CurrentWorking\\MediaPlayerX\\src\\features\\app\\buildAdReviewSidebarState.ts": {"lines":{"total":20,"covered":19,"skipped":0,"pct":95},"functions":{"total":7,"covered":7,"skipped":0,"pct":100},"statements":{"total":23,"covered":22,"skipped":0,"pct":95.65},"branches":{"total":17,"covered":15,"skipped":0,"pct":88.23}}
,"Z:\\Playground\\CurrentWorking\\MediaPlayerX\\src\\features\\app\\buildAppHeaderProps.ts": {"lines":{"total":23,"covered":19,"skipped":0,"pct":82.6},"functions":{"total":14,"covered":10,"skipped":0,"pct":71.42},"statements":{"total":25,"covered":20,"skipped":0,"pct":80},"branches":{"total":19,"covered":15,"skipped":0,"pct":78.94}}
,"Z:\\Playground\\CurrentWorking\\MediaPlayerX\\src\\features\\app\\buildBackendErrorRows.ts": {"lines":{"total":2,"covered":2,"skipped":0,"pct":100},"functions":{"total":2,"covered":2,"skipped":0,"pct":100},"statements":{"total":2,"covered":2,"skipped":0,"pct":100},"branches":{"total":22,"covered":13,"skipped":0,"pct":59.09}}
,"Z:\\Playground\\CurrentWorking\\MediaPlayerX\\src\\features\\app\\buildE2eBenchSectionProps.ts": {"lines":{"total":1,"covered":1,"skipped":0,"pct":100},"functions":{"total":1,"covered":1,"skipped":0,"pct":100},"statements":{"total":1,"covered":1,"skipped":0,"pct":100},"branches":{"total":0,"covered":0,"skipped":0,"pct":100}}
,"Z:\\Playground\\CurrentWorking\\MediaPlayerX\\src\\features\\app\\buildFullscreenLayerProps.ts": {"lines":{"total":30,"covered":5,"skipped":0,"pct":16.66},"functions":{"total":28,"covered":5,"skipped":0,"pct":17.85},"statements":{"total":35,"covered":5,"skipped":0,"pct":14.28},"branches":{"total":9,"covered":1,"skipped":0,"pct":11.11}}
,"Z:\\Playground\\CurrentWorking\\MediaPlayerX\\src\\features\\app\\buildImageMainSectionProps.ts": {"lines":{"total":7,"covered":5,"skipped":0,"pct":71.42},"functions":{"total":4,"covered":3,"skipped":0,"pct":75},"statements":{"total":7,"covered":5,"skipped":0,"pct":71.42},"branches":{"total":4,"covered":2,"skipped":0,"pct":50}}
,"Z:\\Playground\\CurrentWorking\\MediaPlayerX\\src\\features\\app\\buildImageNodeLoadState.ts": {"lines":{"total":32,"covered":23,"skipped":0,"pct":71.87},"functions":{"total":4,"covered":3,"skipped":0,"pct":75},"statements":{"total":33,"covered":23,"skipped":0,"pct":69.69},"branches":{"total":26,"covered":12,"skipped":0,"pct":46.15}}
,"Z:\\Playground\\CurrentWorking\\MediaPlayerX\\src\\features\\app\\buildImportTaskPanelProps.ts": {"lines":{"total":3,"covered":1,"skipped":0,"pct":33.33},"functions":{"total":4,"covered":1,"skipped":0,"pct":25},"statements":{"total":4,"covered":1,"skipped":0,"pct":25},"branches":{"total":0,"covered":0,"skipped":0,"pct":100}}
,"Z:\\Playground\\CurrentWorking\\MediaPlayerX\\src\\features\\app\\buildMainFooter.tsx": {"lines":{"total":9,"covered":9,"skipped":0,"pct":100},"functions":{"total":1,"covered":1,"skipped":0,"pct":100},"statements":{"total":9,"covered":9,"skipped":0,"pct":100},"branches":{"total":22,"covered":21,"skipped":0,"pct":95.45}}
,"Z:\\Playground\\CurrentWorking\\MediaPlayerX\\src\\features\\app\\buildManageDeleteDialogProps.ts": {"lines":{"total":3,"covered":3,"skipped":0,"pct":100},"functions":{"total":3,"covered":3,"skipped":0,"pct":100},"statements":{"total":3,"covered":3,"skipped":0,"pct":100},"branches":{"total":0,"covered":0,"skipped":0,"pct":100}}
,"Z:\\Playground\\CurrentWorking\\MediaPlayerX\\src\\features\\app\\buildManagementPanelProps.ts": {"lines":{"total":4,"covered":3,"skipped":0,"pct":75},"functions":{"total":2,"covered":1,"skipped":0,"pct":50},"statements":{"total":4,"covered":3,"skipped":0,"pct":75},"branches":{"total":10,"covered":10,"skipped":0,"pct":100}}
,"Z:\\Playground\\CurrentWorking\\MediaPlayerX\\src\\features\\app\\buildMetadataManagementPanelProps.ts": {"lines":{"total":3,"covered":2,"skipped":0,"pct":66.66},"functions":{"total":3,"covered":2,"skipped":0,"pct":66.66},"statements":{"total":3,"covered":2,"skipped":0,"pct":66.66},"branches":{"total":0,"covered":0,"skipped":0,"pct":100}}
,"Z:\\Playground\\CurrentWorking\\MediaPlayerX\\src\\features\\app\\buildMetadataPanelProps.ts": {"lines":{"total":17,"covered":16,"skipped":0,"pct":94.11},"functions":{"total":9,"covered":9,"skipped":0,"pct":100},"statements":{"total":19,"covered":18,"skipped":0,"pct":94.73},"branches":{"total":8,"covered":7,"skipped":0,"pct":87.5}}
,"Z:\\Playground\\CurrentWorking\\MediaPlayerX\\src\\features\\app\\buildMusicMainSectionProps.ts": {"lines":{"total":106,"covered":33,"skipped":0,"pct":31.13},"functions":{"total":21,"covered":6,"skipped":0,"pct":28.57},"statements":{"total":108,"covered":35,"skipped":0,"pct":32.4},"branches":{"total":97,"covered":25,"skipped":0,"pct":25.77}}
,"Z:\\Playground\\CurrentWorking\\MediaPlayerX\\src\\features\\app\\buildSearchPanelProps.ts": {"lines":{"total":9,"covered":8,"skipped":0,"pct":88.88},"functions":{"total":9,"covered":7,"skipped":0,"pct":77.77},"statements":{"total":11,"covered":9,"skipped":0,"pct":81.81},"branches":{"total":4,"covered":4,"skipped":0,"pct":100}}
,"Z:\\Playground\\CurrentWorking\\MediaPlayerX\\src\\features\\app\\buildSettingsPanelProps.ts": {"lines":{"total":32,"covered":17,"skipped":0,"pct":53.12},"functions":{"total":24,"covered":12,"skipped":0,"pct":50},"statements":{"total":32,"covered":17,"skipped":0,"pct":53.12},"branches":{"total":10,"covered":4,"skipped":0,"pct":40}}
,"Z:\\Playground\\CurrentWorking\\MediaPlayerX\\src\\features\\app\\buildSidebarPanelProps.ts": {"lines":{"total":27,"covered":24,"skipped":0,"pct":88.88},"functions":{"total":10,"covered":10,"skipped":0,"pct":100},"statements":{"total":29,"covered":26,"skipped":0,"pct":89.65},"branches":{"total":28,"covered":26,"skipped":0,"pct":92.85}}
,"Z:\\Playground\\CurrentWorking\\MediaPlayerX\\src\\features\\app\\buildVectorSidebarState.ts": {"lines":{"total":26,"covered":9,"skipped":0,"pct":34.61},"functions":{"total":4,"covered":2,"skipped":0,"pct":50},"statements":{"total":26,"covered":9,"skipped":0,"pct":34.61},"branches":{"total":20,"covered":0,"skipped":0,"pct":0}}
,"Z:\\Playground\\CurrentWorking\\MediaPlayerX\\src\\features\\app\\buildVideoMainSectionProps.ts": {"lines":{"total":23,"covered":6,"skipped":0,"pct":26.08},"functions":{"total":19,"covered":5,"skipped":0,"pct":26.31},"statements":{"total":27,"covered":7,"skipped":0,"pct":25.92},"branches":{"total":9,"covered":2,"skipped":0,"pct":22.22}}
,"Z:\\Playground\\CurrentWorking\\MediaPlayerX\\src\\features\\app\\mediaPathUtils.ts": {"lines":{"total":28,"covered":11,"skipped":0,"pct":39.28},"functions":{"total":3,"covered":2,"skipped":0,"pct":66.66},"statements":{"total":28,"covered":11,"skipped":0,"pct":39.28},"branches":{"total":18,"covered":5,"skipped":0,"pct":27.77}}
,"Z:\\Playground\\CurrentWorking\\MediaPlayerX\\src\\features\\app\\useAppController.ts": {"lines":{"total":1,"covered":1,"skipped":0,"pct":100},"functions":{"total":1,"covered":1,"skipped":0,"pct":100},"statements":{"total":1,"covered":1,"skipped":0,"pct":100},"branches":{"total":0,"covered":0,"skipped":0,"pct":100}}
,"Z:\\Playground\\CurrentWorking\\MediaPlayerX\\src\\features\\app\\useAppDataPipeline.ts": {"lines":{"total":5,"covered":5,"skipped":0,"pct":100},"functions":{"total":1,"covered":1,"skipped":0,"pct":100},"statements":{"total":5,"covered":5,"skipped":0,"pct":100},"branches":{"total":0,"covered":0,"skipped":0,"pct":100}}
,"Z:\\Playground\\CurrentWorking\\MediaPlayerX\\src\\features\\app\\useAppDisplayAndEffects.ts": {"lines":{"total":11,"covered":11,"skipped":0,"pct":100},"functions":{"total":1,"covered":1,"skipped":0,"pct":100},"statements":{"total":11,"covered":11,"skipped":0,"pct":100},"branches":{"total":0,"covered":0,"skipped":0,"pct":100}}
,"Z:\\Playground\\CurrentWorking\\MediaPlayerX\\src\\features\\app\\useAppDisplayResources.ts": {"lines":{"total":129,"covered":53,"skipped":0,"pct":41.08},"functions":{"total":18,"covered":6,"skipped":0,"pct":33.33},"statements":{"total":132,"covered":53,"skipped":0,"pct":40.15},"branches":{"total":79,"covered":34,"skipped":0,"pct":43.03}}
,"Z:\\Playground\\CurrentWorking\\MediaPlayerX\\src\\features\\app\\useAppEffects.ts": {"lines":{"total":201,"covered":137,"skipped":0,"pct":68.15},"functions":{"total":42,"covered":31,"skipped":0,"pct":73.8},"statements":{"total":205,"covered":139,"skipped":0,"pct":67.8},"branches":{"total":171,"covered":98,"skipped":0,"pct":57.3}}
,"Z:\\Playground\\CurrentWorking\\MediaPlayerX\\src\\features\\app\\useAppInteractionEffects.ts": {"lines":{"total":103,"covered":95,"skipped":0,"pct":92.23},"functions":{"total":13,"covered":13,"skipped":0,"pct":100},"statements":{"total":103,"covered":95,"skipped":0,"pct":92.23},"branches":{"total":53,"covered":44,"skipped":0,"pct":83.01}}
,"Z:\\Playground\\CurrentWorking\\MediaPlayerX\\src\\features\\app\\useAppManageBindings.ts": {"lines":{"total":20,"covered":15,"skipped":0,"pct":75},"functions":{"total":4,"covered":2,"skipped":0,"pct":50},"statements":{"total":21,"covered":15,"skipped":0,"pct":71.42},"branches":{"total":4,"covered":2,"skipped":0,"pct":50}}
,"Z:\\Playground\\CurrentWorking\\MediaPlayerX\\src\\features\\app\\useAppNavigationState.ts": {"lines":{"total":155,"covered":85,"skipped":0,"pct":54.83},"functions":{"total":22,"covered":14,"skipped":0,"pct":63.63},"statements":{"total":155,"covered":85,"skipped":0,"pct":54.83},"branches":{"total":104,"covered":53,"skipped":0,"pct":50.96}}
,"Z:\\Playground\\CurrentWorking\\MediaPlayerX\\src\\features\\app\\useAppReadAndNavigation.ts": {"lines":{"total":3,"covered":3,"skipped":0,"pct":100},"functions":{"total":1,"covered":1,"skipped":0,"pct":100},"statements":{"total":3,"covered":3,"skipped":0,"pct":100},"branches":{"total":0,"covered":0,"skipped":0,"pct":100}}
,"Z:\\Playground\\CurrentWorking\\MediaPlayerX\\src\\features\\app\\useAppReadState.ts": {"lines":{"total":30,"covered":28,"skipped":0,"pct":93.33},"functions":{"total":3,"covered":3,"skipped":0,"pct":100},"statements":{"total":30,"covered":28,"skipped":0,"pct":93.33},"branches":{"total":52,"covered":45,"skipped":0,"pct":86.53}}
,"Z:\\Playground\\CurrentWorking\\MediaPlayerX\\src\\features\\app\\useAppRuntimeSources.ts": {"lines":{"total":12,"covered":12,"skipped":0,"pct":100},"functions":{"total":2,"covered":2,"skipped":0,"pct":100},"statements":{"total":12,"covered":12,"skipped":0,"pct":100},"branches":{"total":2,"covered":1,"skipped":0,"pct":50}}
,"Z:\\Playground\\CurrentWorking\\MediaPlayerX\\src\\features\\app\\useAppSessionState.ts": {"lines":{"total":40,"covered":39,"skipped":0,"pct":97.5},"functions":{"total":10,"covered":8,"skipped":0,"pct":80},"statements":{"total":45,"covered":43,"skipped":0,"pct":95.55},"branches":{"total":10,"covered":7,"skipped":0,"pct":70}}
,"Z:\\Playground\\CurrentWorking\\MediaPlayerX\\src\\features\\app\\useAppSettingsStore.ts": {"lines":{"total":2,"covered":2,"skipped":0,"pct":100},"functions":{"total":2,"covered":2,"skipped":0,"pct":100},"statements":{"total":2,"covered":2,"skipped":0,"pct":100},"branches":{"total":0,"covered":0,"skipped":0,"pct":100}}
,"Z:\\Playground\\CurrentWorking\\MediaPlayerX\\src\\features\\app\\useAppShellProps.ts": {"lines":{"total":6,"covered":6,"skipped":0,"pct":100},"functions":{"total":1,"covered":1,"skipped":0,"pct":100},"statements":{"total":6,"covered":6,"skipped":0,"pct":100},"branches":{"total":0,"covered":0,"skipped":0,"pct":100}}
,"Z:\\Playground\\CurrentWorking\\MediaPlayerX\\src\\features\\app\\useAppShortcutBindings.ts": {"lines":{"total":9,"covered":3,"skipped":0,"pct":33.33},"functions":{"total":7,"covered":3,"skipped":0,"pct":42.85},"statements":{"total":11,"covered":4,"skipped":0,"pct":36.36},"branches":{"total":6,"covered":1,"skipped":0,"pct":16.66}}
,"Z:\\Playground\\CurrentWorking\\MediaPlayerX\\src\\features\\app\\useAppSidebarScopeState.ts": {"lines":{"total":149,"covered":109,"skipped":0,"pct":73.15},"functions":{"total":47,"covered":36,"skipped":0,"pct":76.59},"statements":{"total":157,"covered":115,"skipped":0,"pct":73.24},"branches":{"total":95,"covered":49,"skipped":0,"pct":51.57}}
,"Z:\\Playground\\CurrentWorking\\MediaPlayerX\\src\\features\\app\\useAppTopLayerBindings.ts": {"lines":{"total":9,"covered":9,"skipped":0,"pct":100},"functions":{"total":1,"covered":1,"skipped":0,"pct":100},"statements":{"total":9,"covered":9,"skipped":0,"pct":100},"branches":{"total":2,"covered":1,"skipped":0,"pct":50}}
,"Z:\\Playground\\CurrentWorking\\MediaPlayerX\\src\\features\\app\\useAppTopLayerState.ts": {"lines":{"total":22,"covered":22,"skipped":0,"pct":100},"functions":{"total":8,"covered":7,"skipped":0,"pct":87.5},"statements":{"total":25,"covered":24,"skipped":0,"pct":96},"branches":{"total":9,"covered":5,"skipped":0,"pct":55.55}}
,"Z:\\Playground\\CurrentWorking\\MediaPlayerX\\src\\features\\app\\useAppTopLayerState.utils.ts": {"lines":{"total":14,"covered":6,"skipped":0,"pct":42.85},"functions":{"total":2,"covered":2,"skipped":0,"pct":100},"statements":{"total":14,"covered":6,"skipped":0,"pct":42.85},"branches":{"total":8,"covered":3,"skipped":0,"pct":37.5}}
,"Z:\\Playground\\CurrentWorking\\MediaPlayerX\\src\\features\\app\\useAppViewComposition.ts": {"lines":{"total":8,"covered":8,"skipped":0,"pct":100},"functions":{"total":1,"covered":1,"skipped":0,"pct":100},"statements":{"total":8,"covered":8,"skipped":0,"pct":100},"branches":{"total":2,"covered":2,"skipped":0,"pct":100}}
,"Z:\\Playground\\CurrentWorking\\MediaPlayerX\\src\\features\\app\\useAppWorkspaceBindings.ts": {"lines":{"total":12,"covered":12,"skipped":0,"pct":100},"functions":{"total":1,"covered":1,"skipped":0,"pct":100},"statements":{"total":12,"covered":12,"skipped":0,"pct":100},"branches":{"total":5,"covered":2,"skipped":0,"pct":40}}
,"Z:\\Playground\\CurrentWorking\\MediaPlayerX\\src\\features\\app\\useAppWorkspaceProps.ts": {"lines":{"total":87,"covered":51,"skipped":0,"pct":58.62},"functions":{"total":41,"covered":14,"skipped":0,"pct":34.14},"statements":{"total":91,"covered":52,"skipped":0,"pct":57.14},"branches":{"total":108,"covered":80,"skipped":0,"pct":74.07}}
,"Z:\\Playground\\CurrentWorking\\MediaPlayerX\\src\\features\\app\\useArchiveLoadStatus.ts": {"lines":{"total":29,"covered":8,"skipped":0,"pct":27.58},"functions":{"total":6,"covered":2,"skipped":0,"pct":33.33},"statements":{"total":29,"covered":8,"skipped":0,"pct":27.58},"branches":{"total":12,"covered":1,"skipped":0,"pct":8.33}}
,"Z:\\Playground\\CurrentWorking\\MediaPlayerX\\src\\features\\app\\useAudioSidebarState.ts": {"lines":{"total":45,"covered":44,"skipped":0,"pct":97.77},"functions":{"total":12,"covered":12,"skipped":0,"pct":100},"statements":{"total":52,"covered":51,"skipped":0,"pct":98.07},"branches":{"total":18,"covered":17,"skipped":0,"pct":94.44}}
,"Z:\\Playground\\CurrentWorking\\MediaPlayerX\\src\\features\\app\\useDatabaseResetAction.ts": {"lines":{"total":20,"covered":4,"skipped":0,"pct":20},"functions":{"total":6,"covered":1,"skipped":0,"pct":16.66},"statements":{"total":20,"covered":4,"skipped":0,"pct":20},"branches":{"total":12,"covered":0,"skipped":0,"pct":0}}
,"Z:\\Playground\\CurrentWorking\\MediaPlayerX\\src\\features\\app\\useEffectiveDisplayState.ts": {"lines":{"total":32,"covered":32,"skipped":0,"pct":100},"functions":{"total":9,"covered":9,"skipped":0,"pct":100},"statements":{"total":34,"covered":34,"skipped":0,"pct":100},"branches":{"total":75,"covered":71,"skipped":0,"pct":94.66}}
,"Z:\\Playground\\CurrentWorking\\MediaPlayerX\\src\\features\\app\\useFullscreenPlaybackBindings.ts": {"lines":{"total":19,"covered":15,"skipped":0,"pct":78.94},"functions":{"total":6,"covered":5,"skipped":0,"pct":83.33},"statements":{"total":20,"covered":16,"skipped":0,"pct":80},"branches":{"total":14,"covered":12,"skipped":0,"pct":85.71}}
,"Z:\\Playground\\CurrentWorking\\MediaPlayerX\\src\\features\\app\\useImageBrowserViewModel.ts": {"lines":{"total":149,"covered":83,"skipped":0,"pct":55.7},"functions":{"total":24,"covered":15,"skipped":0,"pct":62.5},"statements":{"total":159,"covered":87,"skipped":0,"pct":54.71},"branches":{"total":141,"covered":76,"skipped":0,"pct":53.9}}
,"Z:\\Playground\\CurrentWorking\\MediaPlayerX\\src\\features\\app\\useImageSidebarBaseState.ts": {"lines":{"total":43,"covered":41,"skipped":0,"pct":95.34},"functions":{"total":11,"covered":11,"skipped":0,"pct":100},"statements":{"total":44,"covered":42,"skipped":0,"pct":95.45},"branches":{"total":32,"covered":29,"skipped":0,"pct":90.62}}
,"Z:\\Playground\\CurrentWorking\\MediaPlayerX\\src\\features\\app\\useImportTaskPanelState.ts": {"lines":{"total":37,"covered":20,"skipped":0,"pct":54.05},"functions":{"total":17,"covered":7,"skipped":0,"pct":41.17},"statements":{"total":42,"covered":21,"skipped":0,"pct":50},"branches":{"total":19,"covered":10,"skipped":0,"pct":52.63}}
,"Z:\\Playground\\CurrentWorking\\MediaPlayerX\\src\\features\\app\\useManageAdReviewActions.ts": {"lines":{"total":239,"covered":66,"skipped":0,"pct":27.61},"functions":{"total":52,"covered":15,"skipped":0,"pct":28.84},"statements":{"total":256,"covered":67,"skipped":0,"pct":26.17},"branches":{"total":143,"covered":21,"skipped":0,"pct":14.68}}
,"Z:\\Playground\\CurrentWorking\\MediaPlayerX\\src\\features\\app\\useManageModeActions.ts": {"lines":{"total":42,"covered":34,"skipped":0,"pct":80.95},"functions":{"total":5,"covered":5,"skipped":0,"pct":100},"statements":{"total":42,"covered":34,"skipped":0,"pct":80.95},"branches":{"total":26,"covered":17,"skipped":0,"pct":65.38}}
,"Z:\\Playground\\CurrentWorking\\MediaPlayerX\\src\\features\\app\\useMetadataManageModeActions.ts": {"lines":{"total":12,"covered":12,"skipped":0,"pct":100},"functions":{"total":2,"covered":2,"skipped":0,"pct":100},"statements":{"total":12,"covered":12,"skipped":0,"pct":100},"branches":{"total":4,"covered":4,"skipped":0,"pct":100}}
,"Z:\\Playground\\CurrentWorking\\MediaPlayerX\\src\\features\\app\\useMetadataWriteBindings.ts": {"lines":{"total":146,"covered":102,"skipped":0,"pct":69.86},"functions":{"total":27,"covered":23,"skipped":0,"pct":85.18},"statements":{"total":147,"covered":103,"skipped":0,"pct":70.06},"branches":{"total":93,"covered":49,"skipped":0,"pct":52.68}}
,"Z:\\Playground\\CurrentWorking\\MediaPlayerX\\src\\features\\app\\useMusicBookletBindings.ts": {"lines":{"total":106,"covered":21,"skipped":0,"pct":19.81},"functions":{"total":19,"covered":4,"skipped":0,"pct":21.05},"statements":{"total":107,"covered":21,"skipped":0,"pct":19.62},"branches":{"total":73,"covered":9,"skipped":0,"pct":12.32}}
,"Z:\\Playground\\CurrentWorking\\MediaPlayerX\\src\\features\\app\\usePersistedAppSettings.ts": {"lines":{"total":3,"covered":3,"skipped":0,"pct":100},"functions":{"total":2,"covered":2,"skipped":0,"pct":100},"statements":{"total":3,"covered":3,"skipped":0,"pct":100},"branches":{"total":0,"covered":0,"skipped":0,"pct":100}}
,"Z:\\Playground\\CurrentWorking\\MediaPlayerX\\src\\features\\app\\useRepositoryBootstrapData.ts": {"lines":{"total":20,"covered":20,"skipped":0,"pct":100},"functions":{"total":12,"covered":12,"skipped":0,"pct":100},"statements":{"total":24,"covered":24,"skipped":0,"pct":100},"branches":{"total":20,"covered":10,"skipped":0,"pct":50}}
,"Z:\\Playground\\CurrentWorking\\MediaPlayerX\\src\\features\\app\\useResolvedMediaState.ts": {"lines":{"total":87,"covered":81,"skipped":0,"pct":93.1},"functions":{"total":11,"covered":11,"skipped":0,"pct":100},"statements":{"total":88,"covered":82,"skipped":0,"pct":93.18},"branches":{"total":65,"covered":53,"skipped":0,"pct":81.53}}
,"Z:\\Playground\\CurrentWorking\\MediaPlayerX\\src\\features\\app\\useResponsiveZoomEffect.ts": {"lines":{"total":24,"covered":4,"skipped":0,"pct":16.66},"functions":{"total":5,"covered":2,"skipped":0,"pct":40},"statements":{"total":24,"covered":4,"skipped":0,"pct":16.66},"branches":{"total":6,"covered":3,"skipped":0,"pct":50}}
,"Z:\\Playground\\CurrentWorking\\MediaPlayerX\\src\\features\\app\\useRootScopedImageData.ts": {"lines":{"total":13,"covered":12,"skipped":0,"pct":92.3},"functions":{"total":7,"covered":7,"skipped":0,"pct":100},"statements":{"total":15,"covered":14,"skipped":0,"pct":93.33},"branches":{"total":2,"covered":1,"skipped":0,"pct":50}}
,"Z:\\Playground\\CurrentWorking\\MediaPlayerX\\src\\features\\app\\useRuntimeInfoDiagnostics.ts": {"lines":{"total":49,"covered":39,"skipped":0,"pct":79.59},"functions":{"total":12,"covered":9,"skipped":0,"pct":75},"statements":{"total":50,"covered":40,"skipped":0,"pct":80},"branches":{"total":24,"covered":13,"skipped":0,"pct":54.16}}
,"Z:\\Playground\\CurrentWorking\\MediaPlayerX\\src\\features\\app\\useRuntimeWarningDismiss.ts": {"lines":{"total":13,"covered":9,"skipped":0,"pct":69.23},"functions":{"total":4,"covered":3,"skipped":0,"pct":75},"statements":{"total":13,"covered":9,"skipped":0,"pct":69.23},"branches":{"total":10,"covered":4,"skipped":0,"pct":40}}
,"Z:\\Playground\\CurrentWorking\\MediaPlayerX\\src\\features\\app\\useScopedImageSourceStateSync.ts": {"lines":{"total":46,"covered":46,"skipped":0,"pct":100},"functions":{"total":6,"covered":6,"skipped":0,"pct":100},"statements":{"total":47,"covered":47,"skipped":0,"pct":100},"branches":{"total":30,"covered":29,"skipped":0,"pct":96.66}}
,"Z:\\Playground\\CurrentWorking\\MediaPlayerX\\src\\features\\app\\useSearchAndVectorActions.ts": {"lines":{"total":59,"covered":26,"skipped":0,"pct":44.06},"functions":{"total":4,"covered":2,"skipped":0,"pct":50},"statements":{"total":59,"covered":26,"skipped":0,"pct":44.06},"branches":{"total":30,"covered":9,"skipped":0,"pct":30}}
,"Z:\\Playground\\CurrentWorking\\MediaPlayerX\\src\\features\\app\\useSettingsPersistence.ts": {"lines":{"total":187,"covered":159,"skipped":0,"pct":85.02},"functions":{"total":16,"covered":15,"skipped":0,"pct":93.75},"statements":{"total":188,"covered":160,"skipped":0,"pct":85.1},"branches":{"total":242,"covered":179,"skipped":0,"pct":73.96}}
,"Z:\\Playground\\CurrentWorking\\MediaPlayerX\\src\\features\\app\\useTopLayerSettingsActions.ts": {"lines":{"total":101,"covered":53,"skipped":0,"pct":52.47},"functions":{"total":15,"covered":8,"skipped":0,"pct":53.33},"statements":{"total":101,"covered":53,"skipped":0,"pct":52.47},"branches":{"total":48,"covered":21,"skipped":0,"pct":43.75}}
,"Z:\\Playground\\CurrentWorking\\MediaPlayerX\\src\\features\\app\\useVideoSidebarState.ts": {"lines":{"total":18,"covered":16,"skipped":0,"pct":88.88},"functions":{"total":12,"covered":12,"skipped":0,"pct":100},"statements":{"total":22,"covered":20,"skipped":0,"pct":90.9},"branches":{"total":8,"covered":6,"skipped":0,"pct":75}}
,"Z:\\Playground\\CurrentWorking\\MediaPlayerX\\src\\features\\app\\workspaceAdReviewHandlers.ts": {"lines":{"total":11,"covered":6,"skipped":0,"pct":54.54},"functions":{"total":6,"covered":1,"skipped":0,"pct":16.66},"statements":{"total":11,"covered":6,"skipped":0,"pct":54.54},"branches":{"total":0,"covered":0,"skipped":0,"pct":100}}
,"Z:\\Playground\\CurrentWorking\\MediaPlayerX\\src\\features\\app\\workspaceAdReviewPageDerivations.ts": {"lines":{"total":25,"covered":12,"skipped":0,"pct":48},"functions":{"total":6,"covered":1,"skipped":0,"pct":16.66},"statements":{"total":26,"covered":12,"skipped":0,"pct":46.15},"branches":{"total":32,"covered":9,"skipped":0,"pct":28.12}}
,"Z:\\Playground\\CurrentWorking\\MediaPlayerX\\src\\features\\app\\workspaceAdReviewSidebarContext.ts": {"lines":{"total":16,"covered":8,"skipped":0,"pct":50},"functions":{"total":4,"covered":1,"skipped":0,"pct":25},"statements":{"total":16,"covered":8,"skipped":0,"pct":50},"branches":{"total":20,"covered":12,"skipped":0,"pct":60}}
,"Z:\\Playground\\CurrentWorking\\MediaPlayerX\\src\\features\\app\\workspaceImageDerivations.ts": {"lines":{"total":23,"covered":19,"skipped":0,"pct":82.6},"functions":{"total":7,"covered":6,"skipped":0,"pct":85.71},"statements":{"total":24,"covered":20,"skipped":0,"pct":83.33},"branches":{"total":46,"covered":26,"skipped":0,"pct":56.52}}
,"Z:\\Playground\\CurrentWorking\\MediaPlayerX\\src\\features\\app\\workspaceJumpActions.ts": {"lines":{"total":77,"covered":29,"skipped":0,"pct":37.66},"functions":{"total":10,"covered":6,"skipped":0,"pct":60},"statements":{"total":77,"covered":29,"skipped":0,"pct":37.66},"branches":{"total":40,"covered":10,"skipped":0,"pct":25}}
,"Z:\\Playground\\CurrentWorking\\MediaPlayerX\\src\\features\\app\\workspaceMetadataActions.ts": {"lines":{"total":15,"covered":2,"skipped":0,"pct":13.33},"functions":{"total":4,"covered":2,"skipped":0,"pct":50},"statements":{"total":15,"covered":2,"skipped":0,"pct":13.33},"branches":{"total":8,"covered":0,"skipped":0,"pct":0}}
,"Z:\\Playground\\CurrentWorking\\MediaPlayerX\\src\\features\\app\\workspaceMusicBooklet.ts": {"lines":{"total":186,"covered":106,"skipped":0,"pct":56.98},"functions":{"total":33,"covered":26,"skipped":0,"pct":78.78},"statements":{"total":192,"covered":111,"skipped":0,"pct":57.81},"branches":{"total":147,"covered":52,"skipped":0,"pct":35.37}}
,"Z:\\Playground\\CurrentWorking\\MediaPlayerX\\src\\features\\app\\workspaceSharedUtils.ts": {"lines":{"total":60,"covered":46,"skipped":0,"pct":76.66},"functions":{"total":19,"covered":16,"skipped":0,"pct":84.21},"statements":{"total":62,"covered":48,"skipped":0,"pct":77.41},"branches":{"total":26,"covered":20,"skipped":0,"pct":76.92}}
,"Z:\\Playground\\CurrentWorking\\MediaPlayerX\\src\\features\\backend\\index.ts": {"lines":{"total":0,"covered":0,"skipped":0,"pct":0},"functions":{"total":0,"covered":0,"skipped":0,"pct":0},"statements":{"total":0,"covered":0,"skipped":0,"pct":0},"branches":{"total":0,"covered":0,"skipped":0,"pct":0}}
,"Z:\\Playground\\CurrentWorking\\MediaPlayerX\\src\\features\\backend\\mappers.ts": {"lines":{"total":40,"covered":36,"skipped":0,"pct":90},"functions":{"total":17,"covered":16,"skipped":0,"pct":94.11},"statements":{"total":41,"covered":37,"skipped":0,"pct":90.24},"branches":{"total":66,"covered":41,"skipped":0,"pct":62.12}}
,"Z:\\Playground\\CurrentWorking\\MediaPlayerX\\src\\features\\backend\\mediaLocator.ts": {"lines":{"total":14,"covered":10,"skipped":0,"pct":71.42},"functions":{"total":4,"covered":3,"skipped":0,"pct":75},"statements":{"total":14,"covered":10,"skipped":0,"pct":71.42},"branches":{"total":12,"covered":7,"skipped":0,"pct":58.33}}
,"Z:\\Playground\\CurrentWorking\\MediaPlayerX\\src\\features\\backend\\mediaResolveUtils.ts": {"lines":{"total":35,"covered":31,"skipped":0,"pct":88.57},"functions":{"total":9,"covered":8,"skipped":0,"pct":88.88},"statements":{"total":35,"covered":31,"skipped":0,"pct":88.57},"branches":{"total":31,"covered":23,"skipped":0,"pct":74.19}}
,"Z:\\Playground\\CurrentWorking\\MediaPlayerX\\src\\features\\backend\\readSliceUtils.ts": {"lines":{"total":26,"covered":25,"skipped":0,"pct":96.15},"functions":{"total":10,"covered":10,"skipped":0,"pct":100},"statements":{"total":28,"covered":27,"skipped":0,"pct":96.42},"branches":{"total":18,"covered":17,"skipped":0,"pct":94.44}}
,"Z:\\Playground\\CurrentWorking\\MediaPlayerX\\src\\features\\backend\\useReadOnlyDataAccess.ts": {"lines":{"total":115,"covered":104,"skipped":0,"pct":90.43},"functions":{"total":41,"covered":33,"skipped":0,"pct":80.48},"statements":{"total":126,"covered":113,"skipped":0,"pct":89.68},"branches":{"total":87,"covered":80,"skipped":0,"pct":91.95}}
,"Z:\\Playground\\CurrentWorking\\MediaPlayerX\\src\\features\\backend\\useResolvedMediaUrls.ts": {"lines":{"total":229,"covered":105,"skipped":0,"pct":45.85},"functions":{"total":23,"covered":9,"skipped":0,"pct":39.13},"statements":{"total":231,"covered":105,"skipped":0,"pct":45.45},"branches":{"total":131,"covered":46,"skipped":0,"pct":35.11}}
,"Z:\\Playground\\CurrentWorking\\MediaPlayerX\\src\\features\\backend\\useRuntimeCapabilities.ts": {"lines":{"total":40,"covered":16,"skipped":0,"pct":40},"functions":{"total":12,"covered":4,"skipped":0,"pct":33.33},"statements":{"total":41,"covered":16,"skipped":0,"pct":39.02},"branches":{"total":20,"covered":7,"skipped":0,"pct":35}}
,"Z:\\Playground\\CurrentWorking\\MediaPlayerX\\src\\features\\backend\\useWriteDataAccess.ts": {"lines":{"total":170,"covered":114,"skipped":0,"pct":67.05},"functions":{"total":28,"covered":23,"skipped":0,"pct":82.14},"statements":{"total":179,"covered":123,"skipped":0,"pct":68.71},"branches":{"total":58,"covered":32,"skipped":0,"pct":55.17}}
,"Z:\\Playground\\CurrentWorking\\MediaPlayerX\\src\\features\\backend\\repository\\backendChannel.ts": {"lines":{"total":8,"covered":3,"skipped":0,"pct":37.5},"functions":{"total":2,"covered":1,"skipped":0,"pct":50},"statements":{"total":8,"covered":3,"skipped":0,"pct":37.5},"branches":{"total":4,"covered":1,"skipped":0,"pct":25}}
,"Z:\\Playground\\CurrentWorking\\MediaPlayerX\\src\\features\\backend\\repository\\createRepository.ts": {"lines":{"total":19,"covered":11,"skipped":0,"pct":57.89},"functions":{"total":4,"covered":4,"skipped":0,"pct":100},"statements":{"total":19,"covered":11,"skipped":0,"pct":57.89},"branches":{"total":16,"covered":7,"skipped":0,"pct":43.75}}
,"Z:\\Playground\\CurrentWorking\\MediaPlayerX\\src\\features\\backend\\repository\\index.ts": {"lines":{"total":0,"covered":0,"skipped":0,"pct":0},"functions":{"total":0,"covered":0,"skipped":0,"pct":0},"statements":{"total":0,"covered":0,"skipped":0,"pct":0},"branches":{"total":0,"covered":0,"skipped":0,"pct":0}}
,"Z:\\Playground\\CurrentWorking\\MediaPlayerX\\src\\features\\backend\\repository\\mockRepository.ts": {"lines":{"total":79,"covered":29,"skipped":0,"pct":36.7},"functions":{"total":72,"covered":21,"skipped":0,"pct":29.16},"statements":{"total":80,"covered":29,"skipped":0,"pct":36.25},"branches":{"total":0,"covered":0,"skipped":0,"pct":100}}
,"Z:\\Playground\\CurrentWorking\\MediaPlayerX\\src\\features\\backend\\repository\\realRepository.ts": {"lines":{"total":123,"covered":16,"skipped":0,"pct":13},"functions":{"total":47,"covered":7,"skipped":0,"pct":14.89},"statements":{"total":124,"covered":16,"skipped":0,"pct":12.9},"branches":{"total":2,"covered":0,"skipped":0,"pct":0}}
,"Z:\\Playground\\CurrentWorking\\MediaPlayerX\\src\\features\\backend\\repository\\repositoryIpcTiming.ts": {"lines":{"total":7,"covered":7,"skipped":0,"pct":100},"functions":{"total":1,"covered":1,"skipped":0,"pct":100},"statements":{"total":7,"covered":7,"skipped":0,"pct":100},"branches":{"total":2,"covered":1,"skipped":0,"pct":50}}
,"Z:\\Playground\\CurrentWorking\\MediaPlayerX\\src\\features\\backend\\repository\\requestGuards.ts": {"lines":{"total":33,"covered":28,"skipped":0,"pct":84.84},"functions":{"total":9,"covered":7,"skipped":0,"pct":77.77},"statements":{"total":33,"covered":28,"skipped":0,"pct":84.84},"branches":{"total":17,"covered":14,"skipped":0,"pct":82.35}}
,"Z:\\Playground\\CurrentWorking\\MediaPlayerX\\src\\features\\backend\\repository\\types.ts": {"lines":{"total":0,"covered":0,"skipped":0,"pct":0},"functions":{"total":0,"covered":0,"skipped":0,"pct":0},"statements":{"total":0,"covered":0,"skipped":0,"pct":0},"branches":{"total":0,"covered":0,"skipped":0,"pct":0}}
,"Z:\\Playground\\CurrentWorking\\MediaPlayerX\\src\\features\\backend\\repository\\mock\\AdReviewHandlers.ts": {"lines":{"total":120,"covered":3,"skipped":0,"pct":2.5},"functions":{"total":22,"covered":1,"skipped":0,"pct":4.54},"statements":{"total":126,"covered":3,"skipped":0,"pct":2.38},"branches":{"total":83,"covered":0,"skipped":0,"pct":0}}
,"Z:\\Playground\\CurrentWorking\\MediaPlayerX\\src\\features\\backend\\repository\\mock\\MediaReadHandlers.ts": {"lines":{"total":38,"covered":35,"skipped":0,"pct":92.1},"functions":{"total":12,"covered":10,"skipped":0,"pct":83.33},"statements":{"total":41,"covered":37,"skipped":0,"pct":90.24},"branches":{"total":30,"covered":20,"skipped":0,"pct":66.66}}
,"Z:\\Playground\\CurrentWorking\\MediaPlayerX\\src\\features\\backend\\repository\\mock\\MediaWriteHandlers.ts": {"lines":{"total":170,"covered":27,"skipped":0,"pct":15.88},"functions":{"total":35,"covered":6,"skipped":0,"pct":17.14},"statements":{"total":192,"covered":29,"skipped":0,"pct":15.1},"branches":{"total":114,"covered":8,"skipped":0,"pct":7.01}}
,"Z:\\Playground\\CurrentWorking\\MediaPlayerX\\src\\features\\backend\\repository\\mock\\SystemHandlers.ts": {"lines":{"total":17,"covered":7,"skipped":0,"pct":41.17},"functions":{"total":8,"covered":4,"skipped":0,"pct":50},"statements":{"total":17,"covered":7,"skipped":0,"pct":41.17},"branches":{"total":18,"covered":3,"skipped":0,"pct":16.66}}
,"Z:\\Playground\\CurrentWorking\\MediaPlayerX\\src\\features\\backend\\repository\\mock\\mappers.ts": {"lines":{"total":16,"covered":15,"skipped":0,"pct":93.75},"functions":{"total":10,"covered":9,"skipped":0,"pct":90},"statements":{"total":16,"covered":15,"skipped":0,"pct":93.75},"branches":{"total":52,"covered":34,"skipped":0,"pct":65.38}}
,"Z:\\Playground\\CurrentWorking\\MediaPlayerX\\src\\features\\backend\\repository\\mock\\types.ts": {"lines":{"total":1,"covered":1,"skipped":0,"pct":100},"functions":{"total":0,"covered":0,"skipped":0,"pct":100},"statements":{"total":1,"covered":1,"skipped":0,"pct":100},"branches":{"total":0,"covered":0,"skipped":0,"pct":100}}
,"Z:\\Playground\\CurrentWorking\\MediaPlayerX\\src\\features\\backend\\repository\\mock\\utils.ts": {"lines":{"total":122,"covered":66,"skipped":0,"pct":54.09},"functions":{"total":36,"covered":19,"skipped":0,"pct":52.77},"statements":{"total":126,"covered":68,"skipped":0,"pct":53.96},"branches":{"total":91,"covered":42,"skipped":0,"pct":46.15}}
,"Z:\\Playground\\CurrentWorking\\MediaPlayerX\\src\\features\\import\\importPathUtils.ts": {"lines":{"total":23,"covered":0,"skipped":0,"pct":0},"functions":{"total":7,"covered":0,"skipped":0,"pct":0},"statements":{"total":23,"covered":0,"skipped":0,"pct":0},"branches":{"total":24,"covered":0,"skipped":0,"pct":0}}
,"Z:\\Playground\\CurrentWorking\\MediaPlayerX\\src\\features\\import\\useImportDragOverlay.ts": {"lines":{"total":79,"covered":21,"skipped":0,"pct":26.58},"functions":{"total":11,"covered":3,"skipped":0,"pct":27.27},"statements":{"total":79,"covered":21,"skipped":0,"pct":26.58},"branches":{"total":38,"covered":0,"skipped":0,"pct":0}}
,"Z:\\Playground\\CurrentWorking\\MediaPlayerX\\src\\features\\import\\useImportPaste.ts": {"lines":{"total":27,"covered":4,"skipped":0,"pct":14.81},"functions":{"total":6,"covered":3,"skipped":0,"pct":50},"statements":{"total":28,"covered":5,"skipped":0,"pct":17.85},"branches":{"total":20,"covered":0,"skipped":0,"pct":0}}
,"Z:\\Playground\\CurrentWorking\\MediaPlayerX\\src\\features\\import\\useImportPipeline.ts": {"lines":{"total":118,"covered":36,"skipped":0,"pct":30.5},"functions":{"total":34,"covered":6,"skipped":0,"pct":17.64},"statements":{"total":123,"covered":36,"skipped":0,"pct":29.26},"branches":{"total":55,"covered":11,"skipped":0,"pct":20}}
,"Z:\\Playground\\CurrentWorking\\MediaPlayerX\\src\\features\\layout\\thumbnailLayout.ts": {"lines":{"total":108,"covered":89,"skipped":0,"pct":82.4},"functions":{"total":8,"covered":8,"skipped":0,"pct":100},"statements":{"total":113,"covered":94,"skipped":0,"pct":83.18},"branches":{"total":47,"covered":31,"skipped":0,"pct":65.95}}
,"Z:\\Playground\\CurrentWorking\\MediaPlayerX\\src\\features\\layout\\usePaneResizers.ts": {"lines":{"total":96,"covered":27,"skipped":0,"pct":28.12},"functions":{"total":20,"covered":4,"skipped":0,"pct":20},"statements":{"total":98,"covered":27,"skipped":0,"pct":27.55},"branches":{"total":38,"covered":6,"skipped":0,"pct":15.78}}
,"Z:\\Playground\\CurrentWorking\\MediaPlayerX\\src\\features\\management\\useManageImageSelectionInteractions.ts": {"lines":{"total":122,"covered":57,"skipped":0,"pct":46.72},"functions":{"total":18,"covered":11,"skipped":0,"pct":61.11},"statements":{"total":122,"covered":57,"skipped":0,"pct":46.72},"branches":{"total":65,"covered":23,"skipped":0,"pct":35.38}}
,"Z:\\Playground\\CurrentWorking\\MediaPlayerX\\src\\features\\management\\useManageSelection.ts": {"lines":{"total":86,"covered":85,"skipped":0,"pct":98.83},"functions":{"total":24,"covered":22,"skipped":0,"pct":91.66},"statements":{"total":96,"covered":93,"skipped":0,"pct":96.87},"branches":{"total":49,"covered":42,"skipped":0,"pct":85.71}}
,"Z:\\Playground\\CurrentWorking\\MediaPlayerX\\src\\features\\media\\musicPlaybackBridge.ts": {"lines":{"total":29,"covered":18,"skipped":0,"pct":62.06},"functions":{"total":11,"covered":7,"skipped":0,"pct":63.63},"statements":{"total":31,"covered":18,"skipped":0,"pct":58.06},"branches":{"total":17,"covered":6,"skipped":0,"pct":35.29}}
,"Z:\\Playground\\CurrentWorking\\MediaPlayerX\\src\\features\\media\\useMediaState.ts": {"lines":{"total":43,"covered":29,"skipped":0,"pct":67.44},"functions":{"total":14,"covered":6,"skipped":0,"pct":42.85},"statements":{"total":50,"covered":32,"skipped":0,"pct":64},"branches":{"total":6,"covered":0,"skipped":0,"pct":0}}
,"Z:\\Playground\\CurrentWorking\\MediaPlayerX\\src\\features\\media\\usePlaylistPersistence.ts": {"lines":{"total":77,"covered":25,"skipped":0,"pct":32.46},"functions":{"total":23,"covered":9,"skipped":0,"pct":39.13},"statements":{"total":83,"covered":28,"skipped":0,"pct":33.73},"branches":{"total":36,"covered":10,"skipped":0,"pct":27.77}}
,"Z:\\Playground\\CurrentWorking\\MediaPlayerX\\src\\features\\media\\videoFitMode.ts": {"lines":{"total":14,"covered":4,"skipped":0,"pct":28.57},"functions":{"total":3,"covered":1,"skipped":0,"pct":33.33},"statements":{"total":14,"covered":4,"skipped":0,"pct":28.57},"branches":{"total":10,"covered":2,"skipped":0,"pct":20}}
,"Z:\\Playground\\CurrentWorking\\MediaPlayerX\\src\\features\\metadata\\parseExternalMetadata.ts": {"lines":{"total":72,"covered":47,"skipped":0,"pct":65.27},"functions":{"total":11,"covered":5,"skipped":0,"pct":45.45},"statements":{"total":73,"covered":47,"skipped":0,"pct":64.38},"branches":{"total":73,"covered":31,"skipped":0,"pct":42.46}}
,"Z:\\Playground\\CurrentWorking\\MediaPlayerX\\src\\features\\music-visualizer\\audioAnalyser.ts": {"lines":{"total":160,"covered":74,"skipped":0,"pct":46.25},"functions":{"total":12,"covered":8,"skipped":0,"pct":66.66},"statements":{"total":163,"covered":74,"skipped":0,"pct":45.39},"branches":{"total":82,"covered":19,"skipped":0,"pct":23.17}}
,"Z:\\Playground\\CurrentWorking\\MediaPlayerX\\src\\features\\music-visualizer\\cpuRenderer.ts": {"lines":{"total":52,"covered":27,"skipped":0,"pct":51.92},"functions":{"total":5,"covered":4,"skipped":0,"pct":80},"statements":{"total":54,"covered":28,"skipped":0,"pct":51.85},"branches":{"total":16,"covered":3,"skipped":0,"pct":18.75}}
,"Z:\\Playground\\CurrentWorking\\MediaPlayerX\\src\\features\\music-visualizer\\shaderRegistry.ts": {"lines":{"total":16,"covered":13,"skipped":0,"pct":81.25},"functions":{"total":6,"covered":6,"skipped":0,"pct":100},"statements":{"total":19,"covered":16,"skipped":0,"pct":84.21},"branches":{"total":12,"covered":6,"skipped":0,"pct":50}}
,"Z:\\Playground\\CurrentWorking\\MediaPlayerX\\src\\features\\music-visualizer\\shadertoyAdapter.ts": {"lines":{"total":5,"covered":5,"skipped":0,"pct":100},"functions":{"total":1,"covered":1,"skipped":0,"pct":100},"statements":{"total":5,"covered":5,"skipped":0,"pct":100},"branches":{"total":9,"covered":9,"skipped":0,"pct":100}}
,"Z:\\Playground\\CurrentWorking\\MediaPlayerX\\src\\features\\music-visualizer\\useMusicVisualizerRuntime.ts": {"lines":{"total":246,"covered":205,"skipped":0,"pct":83.33},"functions":{"total":24,"covered":24,"skipped":0,"pct":100},"statements":{"total":248,"covered":207,"skipped":0,"pct":83.46},"branches":{"total":183,"covered":127,"skipped":0,"pct":69.39}}
,"Z:\\Playground\\CurrentWorking\\MediaPlayerX\\src\\features\\music-visualizer\\webglRenderer.ts": {"lines":{"total":483,"covered":19,"skipped":0,"pct":3.93},"functions":{"total":45,"covered":1,"skipped":0,"pct":2.22},"statements":{"total":493,"covered":19,"skipped":0,"pct":3.85},"branches":{"total":217,"covered":2,"skipped":0,"pct":0.92}}
,"Z:\\Playground\\CurrentWorking\\MediaPlayerX\\src\\features\\music-visualizer\\shaders\\escape.ts": {"lines":{"total":3,"covered":3,"skipped":0,"pct":100},"functions":{"total":0,"covered":0,"skipped":0,"pct":100},"statements":{"total":3,"covered":3,"skipped":0,"pct":100},"branches":{"total":0,"covered":0,"skipped":0,"pct":100}}
,"Z:\\Playground\\CurrentWorking\\MediaPlayerX\\src\\features\\music-visualizer\\shaders\\escapeforeground.ts": {"lines":{"total":2,"covered":2,"skipped":0,"pct":100},"functions":{"total":0,"covered":0,"skipped":0,"pct":100},"statements":{"total":2,"covered":2,"skipped":0,"pct":100},"branches":{"total":0,"covered":0,"skipped":0,"pct":100}}
,"Z:\\Playground\\CurrentWorking\\MediaPlayerX\\src\\features\\music-visualizer\\shaders\\fungi.ts": {"lines":{"total":1,"covered":1,"skipped":0,"pct":100},"functions":{"total":0,"covered":0,"skipped":0,"pct":100},"statements":{"total":1,"covered":1,"skipped":0,"pct":100},"branches":{"total":0,"covered":0,"skipped":0,"pct":100}}
,"Z:\\Playground\\CurrentWorking\\MediaPlayerX\\src\\features\\music-visualizer\\shaders\\galaxy.ts": {"lines":{"total":3,"covered":3,"skipped":0,"pct":100},"functions":{"total":0,"covered":0,"skipped":0,"pct":100},"statements":{"total":3,"covered":3,"skipped":0,"pct":100},"branches":{"total":0,"covered":0,"skipped":0,"pct":100}}
,"Z:\\Playground\\CurrentWorking\\MediaPlayerX\\src\\features\\music-visualizer\\shaders\\galaxyforeground.ts": {"lines":{"total":3,"covered":3,"skipped":0,"pct":100},"functions":{"total":0,"covered":0,"skipped":0,"pct":100},"statements":{"total":3,"covered":3,"skipped":0,"pct":100},"branches":{"total":0,"covered":0,"skipped":0,"pct":100}}
,"Z:\\Playground\\CurrentWorking\\MediaPlayerX\\src\\features\\music-visualizer\\shaders\\mcs_szb.ts": {"lines":{"total":1,"covered":1,"skipped":0,"pct":100},"functions":{"total":0,"covered":0,"skipped":0,"pct":100},"statements":{"total":1,"covered":1,"skipped":0,"pct":100},"branches":{"total":0,"covered":0,"skipped":0,"pct":100}}
,"Z:\\Playground\\CurrentWorking\\MediaPlayerX\\src\\features\\music-visualizer\\shaders\\nebula.ts": {"lines":{"total":1,"covered":1,"skipped":0,"pct":100},"functions":{"total":0,"covered":0,"skipped":0,"pct":100},"statements":{"total":1,"covered":1,"skipped":0,"pct":100},"branches":{"total":0,"covered":0,"skipped":0,"pct":100}}
,"Z:\\Playground\\CurrentWorking\\MediaPlayerX\\src\\features\\music-visualizer\\shaders\\rain_drips.ts": {"lines":{"total":6,"covered":6,"skipped":0,"pct":100},"functions":{"total":0,"covered":0,"skipped":0,"pct":100},"statements":{"total":6,"covered":6,"skipped":0,"pct":100},"branches":{"total":0,"covered":0,"skipped":0,"pct":100}}
,"Z:\\Playground\\CurrentWorking\\MediaPlayerX\\src\\features\\music-visualizer\\shaders\\singularity.ts": {"lines":{"total":1,"covered":1,"skipped":0,"pct":100},"functions":{"total":0,"covered":0,"skipped":0,"pct":100},"statements":{"total":1,"covered":1,"skipped":0,"pct":100},"branches":{"total":0,"covered":0,"skipped":0,"pct":100}}
,"Z:\\Playground\\CurrentWorking\\MediaPlayerX\\src\\features\\music-visualizer\\shaders\\starfield.ts": {"lines":{"total":3,"covered":3,"skipped":0,"pct":100},"functions":{"total":0,"covered":0,"skipped":0,"pct":100},"statements":{"total":3,"covered":3,"skipped":0,"pct":100},"branches":{"total":0,"covered":0,"skipped":0,"pct":100}}
,"Z:\\Playground\\CurrentWorking\\MediaPlayerX\\src\\features\\music-visualizer\\shaders\\starfieldforeground.ts": {"lines":{"total":3,"covered":3,"skipped":0,"pct":100},"functions":{"total":0,"covered":0,"skipped":0,"pct":100},"statements":{"total":3,"covered":3,"skipped":0,"pct":100},"branches":{"total":0,"covered":0,"skipped":0,"pct":100}}
,"Z:\\Playground\\CurrentWorking\\MediaPlayerX\\src\\features\\music-visualizer\\shaders\\tissue.ts": {"lines":{"total":2,"covered":2,"skipped":0,"pct":100},"functions":{"total":0,"covered":0,"skipped":0,"pct":100},"statements":{"total":2,"covered":2,"skipped":0,"pct":100},"branches":{"total":0,"covered":0,"skipped":0,"pct":100}}
,"Z:\\Playground\\CurrentWorking\\MediaPlayerX\\src\\features\\music-visualizer\\shaders\\tissueforeground.ts": {"lines":{"total":2,"covered":2,"skipped":0,"pct":100},"functions":{"total":0,"covered":0,"skipped":0,"pct":100},"statements":{"total":2,"covered":2,"skipped":0,"pct":100},"branches":{"total":0,"covered":0,"skipped":0,"pct":100}}
,"Z:\\Playground\\CurrentWorking\\MediaPlayerX\\src\\features\\music-visualizer\\shaders\\voxel.ts": {"lines":{"total":1,"covered":1,"skipped":0,"pct":100},"functions":{"total":0,"covered":0,"skipped":0,"pct":100},"statements":{"total":1,"covered":1,"skipped":0,"pct":100},"branches":{"total":0,"covered":0,"skipped":0,"pct":100}}
,"Z:\\Playground\\CurrentWorking\\MediaPlayerX\\src\\features\\perf\\benchRecorder.ts": {"lines":{"total":96,"covered":4,"skipped":0,"pct":4.16},"functions":{"total":20,"covered":1,"skipped":0,"pct":5},"statements":{"total":100,"covered":4,"skipped":0,"pct":4},"branches":{"total":55,"covered":2,"skipped":0,"pct":3.63}}
,"Z:\\Playground\\CurrentWorking\\MediaPlayerX\\src\\features\\perf\\benchSettings.ts": {"lines":{"total":6,"covered":3,"skipped":0,"pct":50},"functions":{"total":3,"covered":1,"skipped":0,"pct":33.33},"statements":{"total":6,"covered":3,"skipped":0,"pct":50},"branches":{"total":8,"covered":0,"skipped":0,"pct":0}}
,"Z:\\Playground\\CurrentWorking\\MediaPlayerX\\src\\features\\search\\useFeatureSearch.ts": {"lines":{"total":73,"covered":69,"skipped":0,"pct":94.52},"functions":{"total":29,"covered":26,"skipped":0,"pct":89.65},"statements":{"total":74,"covered":70,"skipped":0,"pct":94.59},"branches":{"total":60,"covered":58,"skipped":0,"pct":96.66}}
,"Z:\\Playground\\CurrentWorking\\MediaPlayerX\\src\\features\\shortcuts\\useShortcutEngine.ts": {"lines":{"total":196,"covered":97,"skipped":0,"pct":49.48},"functions":{"total":11,"covered":11,"skipped":0,"pct":100},"statements":{"total":198,"covered":99,"skipped":0,"pct":50},"branches":{"total":158,"covered":79,"skipped":0,"pct":50}}
,"Z:\\Playground\\CurrentWorking\\MediaPlayerX\\src\\features\\sidebar\\useSidebarNavigation.ts": {"lines":{"total":162,"covered":88,"skipped":0,"pct":54.32},"functions":{"total":25,"covered":15,"skipped":0,"pct":60},"statements":{"total":169,"covered":92,"skipped":0,"pct":54.43},"branches":{"total":108,"covered":53,"skipped":0,"pct":49.07}}
,"Z:\\Playground\\CurrentWorking\\MediaPlayerX\\src\\features\\theme\\themeRegistry.ts": {"lines":{"total":78,"covered":63,"skipped":0,"pct":80.76},"functions":{"total":31,"covered":23,"skipped":0,"pct":74.19},"statements":{"total":91,"covered":72,"skipped":0,"pct":79.12},"branches":{"total":56,"covered":41,"skipped":0,"pct":73.21}}
,"Z:\\Playground\\CurrentWorking\\MediaPlayerX\\src\\store\\useUiStore.ts": {"lines":{"total":22,"covered":20,"skipped":0,"pct":90.9},"functions":{"total":9,"covered":8,"skipped":0,"pct":88.88},"statements":{"total":26,"covered":24,"skipped":0,"pct":92.3},"branches":{"total":4,"covered":3,"skipped":0,"pct":75}}
,"Z:\\Playground\\CurrentWorking\\MediaPlayerX\\src\\styles\\themes\\presets\\_template.css": {"lines":{"total":0,"covered":0,"skipped":0,"pct":0},"functions":{"total":0,"covered":0,"skipped":0,"pct":0},"statements":{"total":0,"covered":0,"skipped":0,"pct":0},"branches":{"total":0,"covered":0,"skipped":0,"pct":0}}
,"Z:\\Playground\\CurrentWorking\\MediaPlayerX\\src\\styles\\themes\\presets\\aurora-sand.css": {"lines":{"total":0,"covered":0,"skipped":0,"pct":0},"functions":{"total":0,"covered":0,"skipped":0,"pct":0},"statements":{"total":0,"covered":0,"skipped":0,"pct":0},"branches":{"total":0,"covered":0,"skipped":0,"pct":0}}
,"Z:\\Playground\\CurrentWorking\\MediaPlayerX\\src\\styles\\themes\\presets\\catppuccin-mocha.css": {"lines":{"total":0,"covered":0,"skipped":0,"pct":0},"functions":{"total":0,"covered":0,"skipped":0,"pct":0},"statements":{"total":0,"covered":0,"skipped":0,"pct":0},"branches":{"total":0,"covered":0,"skipped":0,"pct":0}}
,"Z:\\Playground\\CurrentWorking\\MediaPlayerX\\src\\styles\\themes\\presets\\dracula-dark.css": {"lines":{"total":0,"covered":0,"skipped":0,"pct":0},"functions":{"total":0,"covered":0,"skipped":0,"pct":0},"statements":{"total":0,"covered":0,"skipped":0,"pct":0},"branches":{"total":0,"covered":0,"skipped":0,"pct":0}}
,"Z:\\Playground\\CurrentWorking\\MediaPlayerX\\src\\styles\\themes\\presets\\geist-light.css": {"lines":{"total":0,"covered":0,"skipped":0,"pct":0},"functions":{"total":0,"covered":0,"skipped":0,"pct":0},"statements":{"total":0,"covered":0,"skipped":0,"pct":0},"branches":{"total":0,"covered":0,"skipped":0,"pct":0}}
,"Z:\\Playground\\CurrentWorking\\MediaPlayerX\\src\\styles\\themes\\presets\\github-dimmed.css": {"lines":{"total":0,"covered":0,"skipped":0,"pct":0},"functions":{"total":0,"covered":0,"skipped":0,"pct":0},"statements":{"total":0,"covered":0,"skipped":0,"pct":0},"branches":{"total":0,"covered":0,"skipped":0,"pct":0}}
,"Z:\\Playground\\CurrentWorking\\MediaPlayerX\\src\\styles\\themes\\presets\\gruvbox-dark.css": {"lines":{"total":0,"covered":0,"skipped":0,"pct":0},"functions":{"total":0,"covered":0,"skipped":0,"pct":0},"statements":{"total":0,"covered":0,"skipped":0,"pct":0},"branches":{"total":0,"covered":0,"skipped":0,"pct":0}}
,"Z:\\Playground\\CurrentWorking\\MediaPlayerX\\src\\styles\\themes\\presets\\linear-dark.css": {"lines":{"total":0,"covered":0,"skipped":0,"pct":0},"functions":{"total":0,"covered":0,"skipped":0,"pct":0},"statements":{"total":0,"covered":0,"skipped":0,"pct":0},"branches":{"total":0,"covered":0,"skipped":0,"pct":0}}
,"Z:\\Playground\\CurrentWorking\\MediaPlayerX\\src\\styles\\themes\\presets\\nord-dark.css": {"lines":{"total":0,"covered":0,"skipped":0,"pct":0},"functions":{"total":0,"covered":0,"skipped":0,"pct":0},"statements":{"total":0,"covered":0,"skipped":0,"pct":0},"branches":{"total":0,"covered":0,"skipped":0,"pct":0}}
,"Z:\\Playground\\CurrentWorking\\MediaPlayerX\\src\\styles\\themes\\presets\\rose-pine.css": {"lines":{"total":0,"covered":0,"skipped":0,"pct":0},"functions":{"total":0,"covered":0,"skipped":0,"pct":0},"statements":{"total":0,"covered":0,"skipped":0,"pct":0},"branches":{"total":0,"covered":0,"skipped":0,"pct":0}}
,"Z:\\Playground\\CurrentWorking\\MediaPlayerX\\src\\styles\\themes\\presets\\solarized-dark.css": {"lines":{"total":0,"covered":0,"skipped":0,"pct":0},"functions":{"total":0,"covered":0,"skipped":0,"pct":0},"statements":{"total":0,"covered":0,"skipped":0,"pct":0},"branches":{"total":0,"covered":0,"skipped":0,"pct":0}}
,"Z:\\Playground\\CurrentWorking\\MediaPlayerX\\src\\styles\\themes\\presets\\tokyo-night.css": {"lines":{"total":0,"covered":0,"skipped":0,"pct":0},"functions":{"total":0,"covered":0,"skipped":0,"pct":0},"statements":{"total":0,"covered":0,"skipped":0,"pct":0},"branches":{"total":0,"covered":0,"skipped":0,"pct":0}}
,"Z:\\Playground\\CurrentWorking\\MediaPlayerX\\src\\styles\\themes\\presets\\goodtheme\\atelier-signal.css": {"lines":{"total":0,"covered":0,"skipped":0,"pct":0},"functions":{"total":0,"covered":0,"skipped":0,"pct":0},"statements":{"total":0,"covered":0,"skipped":0,"pct":0},"branches":{"total":0,"covered":0,"skipped":0,"pct":0}}
,"Z:\\Playground\\CurrentWorking\\MediaPlayerX\\src\\styles\\themes\\presets\\goodtheme\\clean-light.css": {"lines":{"total":0,"covered":0,"skipped":0,"pct":0},"functions":{"total":0,"covered":0,"skipped":0,"pct":0},"statements":{"total":0,"covered":0,"skipped":0,"pct":0},"branches":{"total":0,"covered":0,"skipped":0,"pct":0}}
,"Z:\\Playground\\CurrentWorking\\MediaPlayerX\\src\\styles\\themes\\presets\\goodtheme\\glassmorphism.css": {"lines":{"total":0,"covered":0,"skipped":0,"pct":0},"functions":{"total":0,"covered":0,"skipped":0,"pct":0},"statements":{"total":0,"covered":0,"skipped":0,"pct":0},"branches":{"total":0,"covered":0,"skipped":0,"pct":0}}
,"Z:\\Playground\\CurrentWorking\\MediaPlayerX\\src\\styles\\themes\\presets\\goodtheme\\matrix-mint.css": {"lines":{"total":0,"covered":0,"skipped":0,"pct":0},"functions":{"total":0,"covered":0,"skipped":0,"pct":0},"statements":{"total":0,"covered":0,"skipped":0,"pct":0},"branches":{"total":0,"covered":0,"skipped":0,"pct":0}}
,"Z:\\Playground\\CurrentWorking\\MediaPlayerX\\src\\styles\\themes\\presets\\goodtheme\\midnight-cinema.css": {"lines":{"total":0,"covered":0,"skipped":0,"pct":0},"functions":{"total":0,"covered":0,"skipped":0,"pct":0},"statements":{"total":0,"covered":0,"skipped":0,"pct":0},"branches":{"total":0,"covered":0,"skipped":0,"pct":0}}
,"Z:\\Playground\\CurrentWorking\\MediaPlayerX\\src\\styles\\themes\\presets\\goodtheme\\professional-dark.css": {"lines":{"total":0,"covered":0,"skipped":0,"pct":0},"functions":{"total":0,"covered":0,"skipped":0,"pct":0},"statements":{"total":0,"covered":0,"skipped":0,"pct":0},"branches":{"total":0,"covered":0,"skipped":0,"pct":0}}
,"Z:\\Playground\\CurrentWorking\\MediaPlayerX\\src\\styles\\themes\\presets\\goodtheme\\vibrant-pop.css": {"lines":{"total":0,"covered":0,"skipped":0,"pct":0},"functions":{"total":0,"covered":0,"skipped":0,"pct":0},"statements":{"total":0,"covered":0,"skipped":0,"pct":0},"branches":{"total":0,"covered":0,"skipped":0,"pct":0}}
,"Z:\\Playground\\CurrentWorking\\MediaPlayerX\\src\\utils\\mediaHelpers.ts": {"lines":{"total":88,"covered":10,"skipped":0,"pct":11.36},"functions":{"total":18,"covered":2,"skipped":0,"pct":11.11},"statements":{"total":93,"covered":10,"skipped":0,"pct":10.75},"branches":{"total":80,"covered":3,"skipped":0,"pct":3.75}}
,"Z:\\Playground\\CurrentWorking\\MediaPlayerX\\src\\utils\\ui.ts": {"lines":{"total":9,"covered":9,"skipped":0,"pct":100},"functions":{"total":3,"covered":3,"skipped":0,"pct":100},"statements":{"total":9,"covered":9,"skipped":0,"pct":100},"branches":{"total":6,"covered":6,"skipped":0,"pct":100}}
}
